

<!DOCTYPE html>
<html>
<head>
<meta charset="UTF-8">
<meta name="viewport" content="width=device-width, initial-scale=1, shrink-to-fit=no">
<title></title>
<link rel="apple-touch-icon" href="https://cdn.jsdelivr.net/gh/extent-framework/extent-github-cdn@b00a2d0486596e73dd7326beacf352c639623a0e/commons/img/logo.png">
<link rel="shortcut icon" href="https://cdn.jsdelivr.net/gh/extent-framework/extent-github-cdn@b00a2d0486596e73dd7326beacf352c639623a0e/commons/img/logo.png">
<link href="https://cdn.jsdelivr.net/gh/extent-framework/extent-github-cdn@ce8b10435bcbae260c334c0d0c6b61d2c19b6168/spark/css/spark-style.css" rel="stylesheet" />
<link href="https://stackpath.bootstrapcdn.com/font-awesome/4.7.0/css/font-awesome.min.css" rel="stylesheet">
<script src="https://cdn.jsdelivr.net/gh/extent-framework/extent-github-cdn@7cc78ce/spark/js/jsontree.js"></script>
<style type="text/css"></style></head><body class="spa bdd-report standard">
  <div class="app">
    <div class="layout">
<div class="header navbar">
<div class="vheader">
<div class="nav-logo">
<a href="#">
<div class="logo" style="background-image: url('https://cdn.jsdelivr.net/gh/extent-framework/extent-github-cdn@b00a2d0486596e73dd7326beacf352c639623a0e/commons/img/logo.png')"></div>
</a>
</div>
<ul class="nav-left">
<li class="search-box">
<a class="search-toggle" href="#">
<i class="search-icon fa fa-search"></i>
<i class="search-icon-close fa fa-close"></i>
</a>
</li>
<li class="search-input"><input id="search-tests" class="form-control" type="text" placeholder="Search..."></li>
</ul>
<ul class="nav-right">
<li class="m-r-10">
<a href="#"><span class="badge badge-primary"></span></a>
</li>
<li class="m-r-10">
<a href="#"><span class="badge badge-primary">Feb 28, 2024 12:11:41 AM</span></a>
</li>
</ul>
</div>
</div><div class="side-nav">
<div class="side-nav-inner">
<ul class="side-nav-menu">
<li class="nav-item dropdown" onclick="toggleView('test-view')">
<a id="nav-test" class="dropdown-toggle" href="#">
<span class="ico"><i class="fa fa-list"></i></span>
</a>
</li>
<li class="nav-item dropdown" onclick="toggleView('exception-view')">
<a id="nav-exception" class="dropdown-toggle" href="#">
<span class="ico"><i class="fa fa-bug"></i></span>
</a>
</li>
<li class="nav-item dropdown" onclick="toggleView('category-view')">
<a id="nav-category" class="dropdown-toggle" href="#">
<span class="ico"><i class="fa fa-tag"></i></span>
</a>
</li>
<li class="nav-item dropdown" onclick="toggleView('dashboard-view')">
<a id="nav-dashboard" class="dropdown-toggle" href="#">
<span class="ico"><i class="fa fa-bar-chart"></i></span>
</a>
</li>
</ul>
</div>
</div>      <div class="vcontainer">
        <div class="main-content">
<div class="test-wrapper row view test-view">
  <div class="test-list">
    <div class="test-list-tools">
<ul class="tools pull-left">
<li><a href="#"><span class="font-size-14">Tests</span></a></li>
</ul>
<ul class="tools text-right">
<li class="dropdown">
<a href="#" class="dropdown-toggle" data-toggle="dropdown"><i class="fa fa-exclamation-circle"></i></a>
<ul id="status-toggle" class="dropdown-menu dropdown-md p-v-0">
<a class="dropdown-item" status="pass" href="#"><span>Pass</span><span class="status success"></span></a>
<a class="dropdown-item" status="fail" href="#"><span>Fail</span><span class="status danger"></span></a>
<div class="dropdown-divider"></div>
<a status="clear" class="dropdown-item" href="#"><span>Clear</span><span class="pull-right"><i class="fa fa-close"></i></span></a>
</ul>
</li>
<li class="dropdown">
<a href="#" class="dropdown-toggle" data-toggle="dropdown"><i class="fa fa-tag"></i></a>
<ul id="tag-toggle" class="dropdown-menu dropdown-md p-v-0">
<a class="dropdown-item" href="#">@smoke</a><a class="dropdown-item" href="#">@regression</a>
</ul>
</li>
</ul>
</div>    <div class="test-list-wrapper scrollable">
      <ul class="test-list-item">
        <li class="test-item"  status="pass" test-id="1"
          author=""
          tag=""
          device="">
          <div class="test-detail">
            <p class="name">Finding Hospitals</p>
            <p class="text-sm">
              <span>12:11:51 AM</span> / <span>00:01:25:068</span>
              <span class="badge pass-bg log float-right">Pass</span>
            </p>
          </div>
          <div class="test-contents d-none">
<div class="detail-head">
<div class="p-v-10">
<div class="info">
<h5 class="test-status text-pass">Finding Hospitals</h5>
<span class='badge badge-success'>02.28.2024 12:11:51 AM</span>
<span class='badge badge-danger'>02.28.2024 12:13:16 AM</span>
<span class='badge badge-default'>00:01:25:068</span>
&middot; <span class='uri-anchor badge badge-default'>#test-id=1</span>
<span title='Skip to the next failed step' class='badge badge-danger pointer float-right ne ml-1'><i class="fa fa-fast-forward"></i></span>
<span title='Collapse all nodes' class='badge badge-default pointer float-right ct ml-1'><i class="fa fa-compress"></i></span>
<span title='Expand all nodes' class='badge badge-default pointer float-right et'><i class="fa fa-expand"></i></span>
</div>
<div class="m-t-10 m-l-5"></div>
</div>
</div>
<div class="accordion mt-4">
  <div class="card">
    <div class="card-header" role="tab">
      <div class="card-title">
        <div class="node" id="2"><span class="badge log pass-bg mr-2">Pass</span>User searches for doctors with specific criteria</div>
          <div class="status-avatar float-right mr-4">
            <i class="fa fa-paperclip"></i>
          </div>
      </div>
    </div>
        <div class="collapse">
          <div class="card-body">
              <div class="step pass-bg" title="stepDefinitions.searchDoctorsteps.the_user_navigates_to_practo_com()">
                <span>Given the user navigates to practo com</span>
      <div>
      </div>
              </div>
              <div class="step pass-bg" title="AFTER_STEP">
                <span>stepDefinitions.Hooks.Screenshot(io.cucumber.java.Scenario)</span>
      <div>User searches for doctors with specific criteria
          <div class="row mb-3"><div class="col-md-3">
<img data-featherlight='../Screenshots/embedded1.png' src="../Screenshots/embedded1.png">
    
    </div></div>
</div>
      <div>
      </div>
              </div>
              <div class="step pass-bg" title="stepDefinitions.searchDoctorsteps.the_user_validates_the_homepage_title()">
                <span>When the user validates the HomepageTitle</span>
      <div>
      </div>
              </div>
              <div class="step pass-bg" title="AFTER_STEP">
                <span>stepDefinitions.Hooks.Screenshot(io.cucumber.java.Scenario)</span>
      <div>User searches for doctors with specific criteria
          <div class="row mb-3"><div class="col-md-3">
<img data-featherlight='../Screenshots/embedded2.png' src="../Screenshots/embedded2.png">
    
    </div></div>
</div>
      <div>
      </div>
              </div>
              <div class="step pass-bg" title="stepDefinitions.searchDoctorsteps.the_user_navigates_to_the_find_doctors_page()">
                <span>Then the user Navigates to the Find Doctors page</span>
      <div>
      </div>
              </div>
              <div class="step pass-bg" title="AFTER_STEP">
                <span>stepDefinitions.Hooks.Screenshot(io.cucumber.java.Scenario)</span>
      <div>User searches for doctors with specific criteria
          <div class="row mb-3"><div class="col-md-3">
<img data-featherlight='../Screenshots/embedded3.png' src="../Screenshots/embedded3.png">
    
    </div></div>
</div>
      <div>
      </div>
              </div>
              <div class="step pass-bg" title="stepDefinitions.searchDoctorsteps.the_user_selects_the_city_chennai()">
                <span>And the user selects the city Chennai</span>
      <div>
      </div>
              </div>
              <div class="step pass-bg" title="AFTER_STEP">
                <span>stepDefinitions.Hooks.Screenshot(io.cucumber.java.Scenario)</span>
      <div>User searches for doctors with specific criteria
          <div class="row mb-3"><div class="col-md-3">
<img data-featherlight='../Screenshots/embedded4.png' src="../Screenshots/embedded4.png">
    
    </div></div>
</div>
      <div>
      </div>
              </div>
              <div class="step pass-bg" title="stepDefinitions.searchDoctorsteps.filters_the_search_by_dentist()">
                <span>And filters the search by Dentist</span>
      <div>
      </div>
              </div>
              <div class="step pass-bg" title="AFTER_STEP">
                <span>stepDefinitions.Hooks.Screenshot(io.cucumber.java.Scenario)</span>
      <div>User searches for doctors with specific criteria
          <div class="row mb-3"><div class="col-md-3">
<img data-featherlight='../Screenshots/embedded5.png' src="../Screenshots/embedded5.png">
    
    </div></div>
</div>
      <div>
      </div>
              </div>
              <div class="step pass-bg" title="stepDefinitions.searchDoctorsteps.the_user_applies_filters_for_gender()">
                <span>When the user applies filters for Gender</span>
      <div>
      </div>
              </div>
              <div class="step pass-bg" title="AFTER_STEP">
                <span>stepDefinitions.Hooks.Screenshot(io.cucumber.java.Scenario)</span>
      <div>User searches for doctors with specific criteria
          <div class="row mb-3"><div class="col-md-3">
<img data-featherlight='../Screenshots/embedded6.png' src="../Screenshots/embedded6.png">
    
    </div></div>
</div>
      <div>
      </div>
              </div>
              <div class="step pass-bg" title="stepDefinitions.searchDoctorsteps.the_user_applies_filters_for_patient_stories()">
                <span>And the user applies filters for patient stories</span>
      <div>
      </div>
              </div>
              <div class="step pass-bg" title="AFTER_STEP">
                <span>stepDefinitions.Hooks.Screenshot(io.cucumber.java.Scenario)</span>
      <div>User searches for doctors with specific criteria
          <div class="row mb-3"><div class="col-md-3">
<img data-featherlight='../Screenshots/embedded7.png' src="../Screenshots/embedded7.png">
    
    </div></div>
</div>
      <div>
      </div>
              </div>
              <div class="step pass-bg" title="stepDefinitions.searchDoctorsteps.the_user_applies_filters_for_experiences()">
                <span>And the user applies filters for experiences</span>
      <div>
      </div>
              </div>
              <div class="step pass-bg" title="AFTER_STEP">
                <span>stepDefinitions.Hooks.Screenshot(io.cucumber.java.Scenario)</span>
      <div>User searches for doctors with specific criteria
          <div class="row mb-3"><div class="col-md-3">
<img data-featherlight='../Screenshots/embedded8.png' src="../Screenshots/embedded8.png">
    
    </div></div>
</div>
      <div>
      </div>
              </div>
              <div class="step pass-bg" title="stepDefinitions.searchDoctorsteps.the_user_applies_filters_for_fees()">
                <span>And the user applies filters for fees</span>
      <div>
      </div>
              </div>
              <div class="step pass-bg" title="AFTER_STEP">
                <span>stepDefinitions.Hooks.Screenshot(io.cucumber.java.Scenario)</span>
      <div>User searches for doctors with specific criteria
          <div class="row mb-3"><div class="col-md-3">
<img data-featherlight='../Screenshots/embedded9.png' src="../Screenshots/embedded9.png">
    
    </div></div>
</div>
      <div>
      </div>
              </div>
              <div class="step pass-bg" title="stepDefinitions.searchDoctorsteps.the_user_applies_filters_for_availability()">
                <span>And the user applies filters for availability</span>
      <div>
      </div>
              </div>
              <div class="step pass-bg" title="AFTER_STEP">
                <span>stepDefinitions.Hooks.Screenshot(io.cucumber.java.Scenario)</span>
      <div>User searches for doctors with specific criteria
          <div class="row mb-3"><div class="col-md-3">
<img data-featherlight='../Screenshots/embedded10.png' src="../Screenshots/embedded10.png">
    
    </div></div>
</div>
      <div>
      </div>
              </div>
              <div class="step pass-bg" title="stepDefinitions.searchDoctorsteps.sorts_the_result_by_some_criteria()">
                <span>And sorts the result by some criteria</span>
      <div>
      </div>
              </div>
              <div class="step pass-bg" title="AFTER_STEP">
                <span>stepDefinitions.Hooks.Screenshot(io.cucumber.java.Scenario)</span>
      <div>User searches for doctors with specific criteria
          <div class="row mb-3"><div class="col-md-3">
<img data-featherlight='../Screenshots/embedded11.png' src="../Screenshots/embedded11.png">
    
    </div></div>
</div>
      <div>
      </div>
              </div>
              <div class="step pass-bg" title="stepDefinitions.searchDoctorsteps.the_user_should_display_the_details_of_te_first_doctors(java.lang.Integer)">
                <span>Then the user should display the details of te first 5 doctors</span>
      <div>
      </div>
              </div>
              <div class="step pass-bg" title="AFTER_STEP">
                <span>stepDefinitions.Hooks.Screenshot(io.cucumber.java.Scenario)</span>
      <div>User searches for doctors with specific criteria
          <div class="row mb-3"><div class="col-md-3">
<img data-featherlight='../Screenshots/embedded12.png' src="../Screenshots/embedded12.png">
    
    </div></div>
</div>
      <div>
      </div>
              </div>
          </div>
        </div>
  </div>
  <div class="card">
    <div class="card-header" role="tab">
      <div class="card-title">
        <div class="node" id="27"><span class="badge log pass-bg mr-2">Pass</span>User retrieves a list of surgeries</div>
          <div class="status-avatar float-right mr-4">
            <i class="fa fa-paperclip"></i>
          </div>
      </div>
    </div>
        <div class="collapse">
          <div class="card-body">
              <div class="step pass-bg" title="stepDefinitions.ListOfSurgeries.user_navigates_to_the_practo_home_page()">
                <span>Given user navigates to the practo home page</span>
      <div>
      </div>
              </div>
              <div class="step pass-bg" title="AFTER_STEP">
                <span>stepDefinitions.Hooks.Screenshot(io.cucumber.java.Scenario)</span>
      <div>User retrieves a list of surgeries
          <div class="row mb-3"><div class="col-md-3">
<img data-featherlight='../Screenshots/embedded13.png' src="../Screenshots/embedded13.png">
    
    </div></div>
</div>
      <div>
      </div>
              </div>
              <div class="step pass-bg" title="stepDefinitions.ListOfSurgeries.user_clicks_on_surgeries_in_the_practo_home_page()">
                <span>When user clicks on surgeries in the practo home page</span>
      <div>
      </div>
              </div>
              <div class="step pass-bg" title="AFTER_STEP">
                <span>stepDefinitions.Hooks.Screenshot(io.cucumber.java.Scenario)</span>
      <div>User retrieves a list of surgeries
          <div class="row mb-3"><div class="col-md-3">
<img data-featherlight='../Screenshots/embedded14.png' src="../Screenshots/embedded14.png">
    
    </div></div>
</div>
      <div>
      </div>
              </div>
              <div class="step pass-bg" title="stepDefinitions.ListOfSurgeries.user_validates_the_surgeries_page()">
                <span>Then user validates the surgeries page</span>
      <div>
      </div>
              </div>
              <div class="step pass-bg" title="AFTER_STEP">
                <span>stepDefinitions.Hooks.Screenshot(io.cucumber.java.Scenario)</span>
      <div>User retrieves a list of surgeries
          <div class="row mb-3"><div class="col-md-3">
<img data-featherlight='../Screenshots/embedded15.png' src="../Screenshots/embedded15.png">
    
    </div></div>
</div>
      <div>
      </div>
              </div>
              <div class="step pass-bg" title="stepDefinitions.ListOfSurgeries.user_scrolls_down_the_page()">
                <span>Then user scrolls down the page</span>
      <div>
      </div>
              </div>
              <div class="step pass-bg" title="AFTER_STEP">
                <span>stepDefinitions.Hooks.Screenshot(io.cucumber.java.Scenario)</span>
      <div>User retrieves a list of surgeries
          <div class="row mb-3"><div class="col-md-3">
<img data-featherlight='../Screenshots/embedded16.png' src="../Screenshots/embedded16.png">
    
    </div></div>
</div>
      <div>
      </div>
              </div>
              <div class="step pass-bg" title="stepDefinitions.ListOfSurgeries.user_should_capture_the_list_of_surgeries()">
                <span>And user should capture the list of surgeries</span>
      <div>
      </div>
              </div>
              <div class="step pass-bg" title="AFTER_STEP">
                <span>stepDefinitions.Hooks.Screenshot(io.cucumber.java.Scenario)</span>
      <div>User retrieves a list of surgeries
          <div class="row mb-3"><div class="col-md-3">
<img data-featherlight='../Screenshots/embedded17.png' src="../Screenshots/embedded17.png">
    
    </div></div>
</div>
      <div>
      </div>
              </div>
          </div>
        </div>
  </div>
  <div class="card">
    <div class="card-header" role="tab">
      <div class="card-title">
        <div class="node" id="38"><span class="badge log pass-bg mr-2">Pass</span>Schedule a demo in health and wellness plans for corporates</div>
          <div class="status-avatar float-right mr-4">
            <i class="fa fa-paperclip"></i>
          </div>
      </div>
    </div>
        <div class="collapse">
          <div class="card-body">
              <div class="step pass-bg" title="stepDefinitions.ForCorporates.the_user_navigates_to_practo_page()">
                <span>Given the user navigates to practo page</span>
      <div>
      </div>
              </div>
              <div class="step pass-bg" title="AFTER_STEP">
                <span>stepDefinitions.Hooks.Screenshot(io.cucumber.java.Scenario)</span>
      <div>Schedule a demo in health and wellness plans for corporates
          <div class="row mb-3"><div class="col-md-3">
<img data-featherlight='../Screenshots/embedded18.png' src="../Screenshots/embedded18.png">
    
    </div></div>
</div>
      <div>
      </div>
              </div>
              <div class="step pass-bg" title="stepDefinitions.ForCorporates.user_clicks_on_for_corporates_in_practo_home_page_navigation_bar()">
                <span>When user clicks on for corporates in practo home page navigation bar</span>
      <div>
      </div>
              </div>
              <div class="step pass-bg" title="AFTER_STEP">
                <span>stepDefinitions.Hooks.Screenshot(io.cucumber.java.Scenario)</span>
      <div>Schedule a demo in health and wellness plans for corporates
          <div class="row mb-3"><div class="col-md-3">
<img data-featherlight='../Screenshots/embedded19.png' src="../Screenshots/embedded19.png">
    
    </div></div>
</div>
      <div>
      </div>
              </div>
              <div class="step pass-bg" title="stepDefinitions.ForCorporates.user_clicks_health_and_wellness_plans_in_for_corporates()">
                <span>And user clicks health and wellness plans in for corporates</span>
      <div>
      </div>
              </div>
              <div class="step pass-bg" title="AFTER_STEP">
                <span>stepDefinitions.Hooks.Screenshot(io.cucumber.java.Scenario)</span>
      <div>Schedule a demo in health and wellness plans for corporates
          <div class="row mb-3"><div class="col-md-3">
<img data-featherlight='../Screenshots/embedded20.png' src="../Screenshots/embedded20.png">
    
    </div></div>
</div>
      <div>
      </div>
              </div>
              <div class="step pass-bg" title="stepDefinitions.ForCorporates.user_navigates_to_health_and_wellness_plans_page_and_validate_the_page()">
                <span>Then user navigates to health and wellness plans page and validate the page</span>
      <div>
      </div>
              </div>
              <div class="step pass-bg" title="AFTER_STEP">
                <span>stepDefinitions.Hooks.Screenshot(io.cucumber.java.Scenario)</span>
      <div>Schedule a demo in health and wellness plans for corporates
          <div class="row mb-3"><div class="col-md-3">
<img data-featherlight='../Screenshots/embedded21.png' src="../Screenshots/embedded21.png">
    
    </div></div>
</div>
      <div>
      </div>
              </div>
              <div class="step pass-bg" title="stepDefinitions.ForCorporates.user_provide_invalid_email_id_and_valid_details_for_other_fields_in_the_form()">
                <span>When user provide invalid email id and valid details for other fields in the form</span>
      <div>
      </div>
              </div>
              <div class="step pass-bg" title="AFTER_STEP">
                <span>stepDefinitions.Hooks.Screenshot(io.cucumber.java.Scenario)</span>
      <div>Schedule a demo in health and wellness plans for corporates
          <div class="row mb-3"><div class="col-md-3">
<img data-featherlight='../Screenshots/embedded22.png' src="../Screenshots/embedded22.png">
    
    </div></div>
</div>
      <div>
      </div>
              </div>
              <div class="step pass-bg" title="stepDefinitions.ForCorporates.user_validates_schedule_a_demo_button_is_enabled_in_the_health_and_wellness_plans_page()">
                <span>Then user validates schedule a demo button is enabled in the health and wellness plans page</span>
      <div>
      </div>
              </div>
              <div class="step pass-bg" title="AFTER_STEP">
                <span>stepDefinitions.Hooks.Screenshot(io.cucumber.java.Scenario)</span>
      <div>Schedule a demo in health and wellness plans for corporates
          <div class="row mb-3"><div class="col-md-3">
<img data-featherlight='../Screenshots/embedded23.png' src="../Screenshots/embedded23.png">
    
    </div></div>
</div>
      <div>
      </div>
              </div>
              <div class="step pass-bg" title="stepDefinitions.ForCorporates.user_enters_valid_email_id_and_clicks_on_schedule_a_demo_button()">
                <span>When user enters valid email id and clicks on schedule a demo button</span>
      <div>
      </div>
              </div>
              <div class="step pass-bg" title="AFTER_STEP">
                <span>stepDefinitions.Hooks.Screenshot(io.cucumber.java.Scenario)</span>
      <div>Schedule a demo in health and wellness plans for corporates
          <div class="row mb-3"><div class="col-md-3">
<img data-featherlight='../Screenshots/embedded24.png' src="../Screenshots/embedded24.png">
    
    </div></div>
</div>
      <div>
      </div>
              </div>
              <div class="step pass-bg" title="stepDefinitions.ForCorporates.user_validates_schedule_a_demo_button_is_enabled_in_the_health_and_wellness_plans_page()">
                <span>Then user validates schedule a demo button is enabled in the health and wellness plans page</span>
      <div>
      </div>
              </div>
              <div class="step pass-bg" title="AFTER_STEP">
                <span>stepDefinitions.Hooks.Screenshot(io.cucumber.java.Scenario)</span>
      <div>Schedule a demo in health and wellness plans for corporates
          <div class="row mb-3"><div class="col-md-3">
<img data-featherlight='../Screenshots/embedded25.png' src="../Screenshots/embedded25.png">
    
    </div></div>
</div>
      <div>
      </div>
              </div>
              <div class="step pass-bg" title="stepDefinitions.ForCorporates.user_validates_the_thank_you_message_is_displayed()">
                <span>Then user validates the Thank you message is displayed</span>
      <div>
      </div>
              </div>
              <div class="step pass-bg" title="AFTER_STEP">
                <span>stepDefinitions.Hooks.Screenshot(io.cucumber.java.Scenario)</span>
      <div>Schedule a demo in health and wellness plans for corporates
          <div class="row mb-3"><div class="col-md-3">
<img data-featherlight='../Screenshots/embedded26.png' src="../Screenshots/embedded26.png">
    
    </div></div>
</div>
      <div>
      </div>
              </div>
              <div class="step pass-bg" title="stepDefinitions.ForCorporates.user_takes_a_screenshot_of_thank_you_message()">
                <span>Then user takes a screenshot of thank you message</span>
      <div>
      </div>
              </div>
              <div class="step pass-bg" title="AFTER_STEP">
                <span>stepDefinitions.Hooks.Screenshot(io.cucumber.java.Scenario)</span>
      <div>Schedule a demo in health and wellness plans for corporates
          <div class="row mb-3"><div class="col-md-3">
<img data-featherlight='../Screenshots/embedded27.png' src="../Screenshots/embedded27.png">
    
    </div></div>
</div>
      <div>
      </div>
              </div>
          </div>
        </div>
  </div>
</div>
          </div>
        </li>
        <li class="test-item"  status="fail" test-id="59"
          author=""
          tag=""
          device="">
          <div class="test-detail">
            <p class="name">regression testing</p>
            <p class="text-sm">
              <span>12:13:16 AM</span> / <span>00:01:05:361</span>
              <span class="badge fail-bg log float-right">Fail</span>
            </p>
          </div>
          <div class="test-contents d-none">
<div class="detail-head">
<div class="p-v-10">
<div class="info">
<h5 class="test-status text-fail">regression testing</h5>
<span class='badge badge-success'>02.28.2024 12:13:16 AM</span>
<span class='badge badge-danger'>02.28.2024 12:14:21 AM</span>
<span class='badge badge-default'>00:01:05:361</span>
&middot; <span class='uri-anchor badge badge-default'>#test-id=59</span>
<span title='Skip to the next failed step' class='badge badge-danger pointer float-right ne ml-1'><i class="fa fa-fast-forward"></i></span>
<span title='Collapse all nodes' class='badge badge-default pointer float-right ct ml-1'><i class="fa fa-compress"></i></span>
<span title='Expand all nodes' class='badge badge-default pointer float-right et'><i class="fa fa-expand"></i></span>
</div>
<div class="m-t-10 m-l-5"></div>
</div>
</div>
<div class="accordion mt-4">
  <div class="card">
    <div class="card-header" role="tab">
      <div class="card-title">
        <div class="node" id="60"><span class="badge log fail-bg mr-2">Fail</span>User searches for doctors with specific criteria</div>
          <div class="status-avatar float-right mr-4">
            <i class="fa fa-paperclip"></i>
          </div>
      </div>
    </div>
        <div class="">
          <div class="card-body">
              <div class="step pass-bg" title="stepDefinitions.searchDoctorsteps.the_user_navigates_to_practo_com()">
                <span>Given the user navigates to practo com</span>
      <div>
      </div>
              </div>
              <div class="step pass-bg" title="AFTER_STEP">
                <span>stepDefinitions.Hooks.Screenshot(io.cucumber.java.Scenario)</span>
      <div>User searches for doctors with specific criteria
          <div class="row mb-3"><div class="col-md-3">
<img data-featherlight='../Screenshots/embedded28.png' src="../Screenshots/embedded28.png">
    
    </div></div>
</div>
      <div>
      </div>
              </div>
              <div class="step fail-bg" title="stepDefinitions.searchDoctorsteps.the_user_navigates_to_the_find_doctors_page()">
                <span>When the user Navigates to the Find Doctors page</span>
      <div>
        <textarea disabled class="code-block">org.openqa.selenium.NoSuchElementException: no such element: Unable to locate element: {"method":"xpath","selector":"//div[@class='product-tab__title'][normalize-space()='Find Doctors']"}
  (Session info: chrome=120.0.6099.130)
For documentation on this error, please visit: https://www.selenium.dev/documentation/webdriver/troubleshooting/errors#no-such-element-exception
Build info: version: '4.17.0', revision: 'e52b1be057*'
System info: os.name: 'Windows 11', os.arch: 'amd64', os.version: '10.0', java.version: '17.0.9'
Driver info: org.openqa.selenium.chrome.ChromeDriver
Command: [7e61f81cc005bd02069a85eefc87bf7d, findElement {value=//div[@class='product-tab__title'][normalize-space()='Find Doctors'], using=xpath}]
Capabilities {acceptInsecureCerts: false, browserName: chrome, browserVersion: 120.0.6099.130, chrome: {chromedriverVersion: 120.0.6099.109 (3419140ab66..., userDataDir: C:\Windows\SystemTemp\scope...}, fedcm:accounts: true, goog:chromeOptions: {debuggerAddress: localhost:57364}, networkConnectionEnabled: false, pageLoadStrategy: normal, platformName: windows, proxy: Proxy(), se:cdp: ws://localhost:57364/devtoo..., se:cdpVersion: 120.0.6099.130, setWindowRect: true, strictFileInteractability: false, timeouts: {implicit: 0, pageLoad: 300000, script: 30000}, unhandledPromptBehavior: dismiss and notify, webauthn:extension:credBlob: true, webauthn:extension:largeBlob: true, webauthn:extension:minPinLength: true, webauthn:extension:prf: true, webauthn:virtualAuthenticators: true}
Session ID: 7e61f81cc005bd02069a85eefc87bf7d
	at java.base/jdk.internal.reflect.NativeConstructorAccessorImpl.newInstance0(Native Method)
	at java.base/jdk.internal.reflect.NativeConstructorAccessorImpl.newInstance(NativeConstructorAccessorImpl.java:77)
	at java.base/jdk.internal.reflect.DelegatingConstructorAccessorImpl.newInstance(DelegatingConstructorAccessorImpl.java:45)
	at java.base/java.lang.reflect.Constructor.newInstanceWithCaller(Constructor.java:499)
	at java.base/java.lang.reflect.Constructor.newInstance(Constructor.java:480)
	at org.openqa.selenium.remote.codec.w3c.W3CHttpResponseCodec.createException(W3CHttpResponseCodec.java:185)
	at org.openqa.selenium.remote.codec.w3c.W3CHttpResponseCodec.decode(W3CHttpResponseCodec.java:134)
	at org.openqa.selenium.remote.codec.w3c.W3CHttpResponseCodec.decode(W3CHttpResponseCodec.java:51)
	at org.openqa.selenium.remote.HttpCommandExecutor.execute(HttpCommandExecutor.java:190)
	at org.openqa.selenium.remote.service.DriverCommandExecutor.invokeExecute(DriverCommandExecutor.java:216)
	at org.openqa.selenium.remote.service.DriverCommandExecutor.execute(DriverCommandExecutor.java:174)
	at org.openqa.selenium.remote.RemoteWebDriver.execute(RemoteWebDriver.java:519)
	at org.openqa.selenium.remote.ElementLocation$ElementFinder$2.findElement(ElementLocation.java:165)
	at org.openqa.selenium.remote.ElementLocation.findElement(ElementLocation.java:59)
	at org.openqa.selenium.remote.RemoteWebDriver.findElement(RemoteWebDriver.java:356)
	at org.openqa.selenium.remote.RemoteWebDriver.findElement(RemoteWebDriver.java:350)
	at org.openqa.selenium.support.pagefactory.DefaultElementLocator.findElement(DefaultElementLocator.java:68)
	at org.openqa.selenium.support.pagefactory.internal.LocatingElementHandler.invoke(LocatingElementHandler.java:38)
	at jdk.proxy2/jdk.proxy2.$Proxy24.click(Unknown Source)
	at PageObjects.Doctors.clickFindDoctors(Doctors.java:99)
	at stepDefinitions.searchDoctorsteps.the_user_navigates_to_the_find_doctors_page(searchDoctorsteps.java:34)
	at ✽.the user Navigates to the Find Doctors page(file:///C:/Users/2303877/eclipse-workspace/Hackathon/./src/test/resources/FeatureFiles/regression.feature:6)
</textarea>
      
      </div>
              </div>
          </div>
        </div>
  </div>
  <div class="card">
    <div class="card-header" role="tab">
      <div class="card-title">
        <div class="node" id="65"><span class="badge log fail-bg mr-2">Fail</span>User searches for doctors with specific criteria like gender</div>
          <div class="status-avatar float-right mr-4">
            <i class="fa fa-paperclip"></i>
          </div>
      </div>
    </div>
        <div class="">
          <div class="card-body">
              <div class="step pass-bg" title="stepDefinitions.searchDoctorsteps.the_user_navigates_to_practo_com()">
                <span>Given the user navigates to practo com</span>
      <div>
      </div>
              </div>
              <div class="step pass-bg" title="AFTER_STEP">
                <span>stepDefinitions.Hooks.Screenshot(io.cucumber.java.Scenario)</span>
      <div>User searches for doctors with specific criteria like gender
          <div class="row mb-3"><div class="col-md-3">
<img data-featherlight='../Screenshots/embedded29.png' src="../Screenshots/embedded29.png">
    
    </div></div>
</div>
      <div>
      </div>
              </div>
              <div class="step fail-bg" title="stepDefinitions.searchDoctorsteps.the_user_selects_the_city_chennai()">
                <span>When the user selects the city Chennai</span>
      <div>
        <textarea disabled class="code-block">org.openqa.selenium.NoSuchElementException: Unable to find element with locator By.xpath: //input[@placeholder='Search location']
For documentation on this error, please visit: https://www.selenium.dev/documentation/webdriver/troubleshooting/errors#no-such-element-exception
Build info: version: '4.17.0', revision: 'e52b1be057*'
System info: os.name: 'Windows 11', os.arch: 'amd64', os.version: '10.0', java.version: '17.0.9'
Driver info: driver.version: RemoteWebDriver
	at org.openqa.selenium.remote.ElementLocation$ElementFinder$2.findElement(ElementLocation.java:168)
	at org.openqa.selenium.remote.ElementLocation.findElement(ElementLocation.java:59)
	at org.openqa.selenium.remote.RemoteWebDriver.findElement(RemoteWebDriver.java:356)
	at org.openqa.selenium.remote.RemoteWebDriver.findElement(RemoteWebDriver.java:350)
	at org.openqa.selenium.support.pagefactory.DefaultElementLocator.findElement(DefaultElementLocator.java:68)
	at org.openqa.selenium.support.pagefactory.internal.LocatingElementHandler.invoke(LocatingElementHandler.java:38)
	at jdk.proxy2/jdk.proxy2.$Proxy24.click(Unknown Source)
	at PageObjects.Doctors.City(Doctors.java:103)
	at stepDefinitions.searchDoctorsteps.the_user_selects_the_city_chennai(searchDoctorsteps.java:39)
	at ✽.the user selects the city Chennai(file:///C:/Users/2303877/eclipse-workspace/Hackathon/./src/test/resources/FeatureFiles/regression.feature:11)
</textarea>
      
      </div>
              </div>
              <div class="step skip-bg" title="stepDefinitions.searchDoctorsteps.filters_the_search_by_dentist()">
                <span>And filters the search by Dentist</span>
      <div>Step skipped
      </div>
              </div>
          </div>
        </div>
  </div>
  <div class="card">
    <div class="card-header" role="tab">
      <div class="card-title">
        <div class="node" id="72"><span class="badge log fail-bg mr-2">Fail</span>User filters the search by applying filters on gender</div>
      </div>
    </div>
        <div class="">
          <div class="card-body">
              <div class="step pass-bg" title="stepDefinitions.searchDoctorsteps.the_user_navigates_to_practo_com()">
                <span>Given the user navigates to practo com</span>
      <div>
      </div>
              </div>
              <div class="step fail-bg" title="AFTER_STEP">
                <span>stepDefinitions.Hooks.Screenshot(io.cucumber.java.Scenario)</span>
      <div>
        <textarea disabled class="code-block">org.openqa.selenium.NoSuchWindowException: no such window: target window already closed
from unknown error: web view not found
  (Session info: chrome=120.0.6099.130)
Build info: version: '4.17.0', revision: 'e52b1be057*'
System info: os.name: 'Windows 11', os.arch: 'amd64', os.version: '10.0', java.version: '17.0.9'
Driver info: org.openqa.selenium.chrome.ChromeDriver
Command: [7e61f81cc005bd02069a85eefc87bf7d, screenshot {}]
Capabilities {acceptInsecureCerts: false, browserName: chrome, browserVersion: 120.0.6099.130, chrome: {chromedriverVersion: 120.0.6099.109 (3419140ab66..., userDataDir: C:\Windows\SystemTemp\scope...}, fedcm:accounts: true, goog:chromeOptions: {debuggerAddress: localhost:57364}, networkConnectionEnabled: false, pageLoadStrategy: normal, platformName: windows, proxy: Proxy(), se:cdp: ws://localhost:57364/devtoo..., se:cdpVersion: 120.0.6099.130, setWindowRect: true, strictFileInteractability: false, timeouts: {implicit: 0, pageLoad: 300000, script: 30000}, unhandledPromptBehavior: dismiss and notify, webauthn:extension:credBlob: true, webauthn:extension:largeBlob: true, webauthn:extension:minPinLength: true, webauthn:extension:prf: true, webauthn:virtualAuthenticators: true}
Session ID: 7e61f81cc005bd02069a85eefc87bf7d
	at java.base/jdk.internal.reflect.NativeConstructorAccessorImpl.newInstance0(Native Method)
	at java.base/jdk.internal.reflect.NativeConstructorAccessorImpl.newInstance(NativeConstructorAccessorImpl.java:77)
	at java.base/jdk.internal.reflect.DelegatingConstructorAccessorImpl.newInstance(DelegatingConstructorAccessorImpl.java:45)
	at java.base/java.lang.reflect.Constructor.newInstanceWithCaller(Constructor.java:499)
	at java.base/java.lang.reflect.Constructor.newInstance(Constructor.java:480)
	at org.openqa.selenium.remote.codec.w3c.W3CHttpResponseCodec.createException(W3CHttpResponseCodec.java:185)
	at org.openqa.selenium.remote.codec.w3c.W3CHttpResponseCodec.decode(W3CHttpResponseCodec.java:134)
	at org.openqa.selenium.remote.codec.w3c.W3CHttpResponseCodec.decode(W3CHttpResponseCodec.java:51)
	at org.openqa.selenium.remote.HttpCommandExecutor.execute(HttpCommandExecutor.java:190)
	at org.openqa.selenium.remote.service.DriverCommandExecutor.invokeExecute(DriverCommandExecutor.java:216)
	at org.openqa.selenium.remote.service.DriverCommandExecutor.execute(DriverCommandExecutor.java:174)
	at org.openqa.selenium.remote.RemoteWebDriver.execute(RemoteWebDriver.java:519)
	at org.openqa.selenium.remote.RemoteWebDriver.execute(RemoteWebDriver.java:592)
	at org.openqa.selenium.remote.RemoteWebDriver.execute(RemoteWebDriver.java:596)
	at org.openqa.selenium.remote.RemoteWebDriver.getScreenshotAs(RemoteWebDriver.java:322)
	at stepDefinitions.Hooks.Screenshot(Hooks.java:33)
</textarea>
      
      </div>
              </div>
              <div class="step skip-bg" title="stepDefinitions.searchDoctorsteps.the_user_applies_filters_for_gender()">
                <span>When the user applies filters for Gender</span>
      <div>Step skipped
      </div>
              </div>
              <div class="step skip-bg" title="stepDefinitions.searchDoctorsteps.user_sees_list_of_dentists()">
                <span>Then user sees list of dentists</span>
      <div>Step skipped
      </div>
              </div>
          </div>
        </div>
  </div>
  <div class="card">
    <div class="card-header" role="tab">
      <div class="card-title">
        <div class="node" id="79"><span class="badge log fail-bg mr-2">Fail</span>User filters the search by applying filters on patient stories</div>
      </div>
    </div>
        <div class="">
          <div class="card-body">
              <div class="step pass-bg" title="stepDefinitions.searchDoctorsteps.the_user_navigates_to_practo_com()">
                <span>Given the user navigates to practo com</span>
      <div>
      </div>
              </div>
              <div class="step fail-bg" title="AFTER_STEP">
                <span>stepDefinitions.Hooks.Screenshot(io.cucumber.java.Scenario)</span>
      <div>
        <textarea disabled class="code-block">org.openqa.selenium.NoSuchWindowException: no such window: target window already closed
from unknown error: web view not found
  (Session info: chrome=120.0.6099.130)
Build info: version: '4.17.0', revision: 'e52b1be057*'
System info: os.name: 'Windows 11', os.arch: 'amd64', os.version: '10.0', java.version: '17.0.9'
Driver info: org.openqa.selenium.chrome.ChromeDriver
Command: [7e61f81cc005bd02069a85eefc87bf7d, screenshot {}]
Capabilities {acceptInsecureCerts: false, browserName: chrome, browserVersion: 120.0.6099.130, chrome: {chromedriverVersion: 120.0.6099.109 (3419140ab66..., userDataDir: C:\Windows\SystemTemp\scope...}, fedcm:accounts: true, goog:chromeOptions: {debuggerAddress: localhost:57364}, networkConnectionEnabled: false, pageLoadStrategy: normal, platformName: windows, proxy: Proxy(), se:cdp: ws://localhost:57364/devtoo..., se:cdpVersion: 120.0.6099.130, setWindowRect: true, strictFileInteractability: false, timeouts: {implicit: 0, pageLoad: 300000, script: 30000}, unhandledPromptBehavior: dismiss and notify, webauthn:extension:credBlob: true, webauthn:extension:largeBlob: true, webauthn:extension:minPinLength: true, webauthn:extension:prf: true, webauthn:virtualAuthenticators: true}
Session ID: 7e61f81cc005bd02069a85eefc87bf7d
	at java.base/jdk.internal.reflect.NativeConstructorAccessorImpl.newInstance0(Native Method)
	at java.base/jdk.internal.reflect.NativeConstructorAccessorImpl.newInstance(NativeConstructorAccessorImpl.java:77)
	at java.base/jdk.internal.reflect.DelegatingConstructorAccessorImpl.newInstance(DelegatingConstructorAccessorImpl.java:45)
	at java.base/java.lang.reflect.Constructor.newInstanceWithCaller(Constructor.java:499)
	at java.base/java.lang.reflect.Constructor.newInstance(Constructor.java:480)
	at org.openqa.selenium.remote.codec.w3c.W3CHttpResponseCodec.createException(W3CHttpResponseCodec.java:185)
	at org.openqa.selenium.remote.codec.w3c.W3CHttpResponseCodec.decode(W3CHttpResponseCodec.java:134)
	at org.openqa.selenium.remote.codec.w3c.W3CHttpResponseCodec.decode(W3CHttpResponseCodec.java:51)
	at org.openqa.selenium.remote.HttpCommandExecutor.execute(HttpCommandExecutor.java:190)
	at org.openqa.selenium.remote.service.DriverCommandExecutor.invokeExecute(DriverCommandExecutor.java:216)
	at org.openqa.selenium.remote.service.DriverCommandExecutor.execute(DriverCommandExecutor.java:174)
	at org.openqa.selenium.remote.RemoteWebDriver.execute(RemoteWebDriver.java:519)
	at org.openqa.selenium.remote.RemoteWebDriver.execute(RemoteWebDriver.java:592)
	at org.openqa.selenium.remote.RemoteWebDriver.execute(RemoteWebDriver.java:596)
	at org.openqa.selenium.remote.RemoteWebDriver.getScreenshotAs(RemoteWebDriver.java:322)
	at stepDefinitions.Hooks.Screenshot(Hooks.java:33)
</textarea>
      
      </div>
              </div>
              <div class="step skip-bg" title="stepDefinitions.searchDoctorsteps.the_user_applies_filters_for_patient_stories()">
                <span>When the user applies filters for patient stories</span>
      <div>Step skipped
      </div>
              </div>
              <div class="step skip-bg" title="stepDefinitions.searchDoctorsteps.user_sees_list_of_dentists()">
                <span>Then user sees list of dentists</span>
      <div>Step skipped
      </div>
              </div>
          </div>
        </div>
  </div>
  <div class="card">
    <div class="card-header" role="tab">
      <div class="card-title">
        <div class="node" id="86"><span class="badge log fail-bg mr-2">Fail</span>User filters the search by applying filters on experiences</div>
      </div>
    </div>
        <div class="">
          <div class="card-body">
              <div class="step pass-bg" title="stepDefinitions.searchDoctorsteps.the_user_navigates_to_practo_com()">
                <span>Given the user navigates to practo com</span>
      <div>
      </div>
              </div>
              <div class="step fail-bg" title="AFTER_STEP">
                <span>stepDefinitions.Hooks.Screenshot(io.cucumber.java.Scenario)</span>
      <div>
        <textarea disabled class="code-block">org.openqa.selenium.NoSuchWindowException: no such window: target window already closed
from unknown error: web view not found
  (Session info: chrome=120.0.6099.130)
Build info: version: '4.17.0', revision: 'e52b1be057*'
System info: os.name: 'Windows 11', os.arch: 'amd64', os.version: '10.0', java.version: '17.0.9'
Driver info: org.openqa.selenium.chrome.ChromeDriver
Command: [7e61f81cc005bd02069a85eefc87bf7d, screenshot {}]
Capabilities {acceptInsecureCerts: false, browserName: chrome, browserVersion: 120.0.6099.130, chrome: {chromedriverVersion: 120.0.6099.109 (3419140ab66..., userDataDir: C:\Windows\SystemTemp\scope...}, fedcm:accounts: true, goog:chromeOptions: {debuggerAddress: localhost:57364}, networkConnectionEnabled: false, pageLoadStrategy: normal, platformName: windows, proxy: Proxy(), se:cdp: ws://localhost:57364/devtoo..., se:cdpVersion: 120.0.6099.130, setWindowRect: true, strictFileInteractability: false, timeouts: {implicit: 0, pageLoad: 300000, script: 30000}, unhandledPromptBehavior: dismiss and notify, webauthn:extension:credBlob: true, webauthn:extension:largeBlob: true, webauthn:extension:minPinLength: true, webauthn:extension:prf: true, webauthn:virtualAuthenticators: true}
Session ID: 7e61f81cc005bd02069a85eefc87bf7d
	at java.base/jdk.internal.reflect.NativeConstructorAccessorImpl.newInstance0(Native Method)
	at java.base/jdk.internal.reflect.NativeConstructorAccessorImpl.newInstance(NativeConstructorAccessorImpl.java:77)
	at java.base/jdk.internal.reflect.DelegatingConstructorAccessorImpl.newInstance(DelegatingConstructorAccessorImpl.java:45)
	at java.base/java.lang.reflect.Constructor.newInstanceWithCaller(Constructor.java:499)
	at java.base/java.lang.reflect.Constructor.newInstance(Constructor.java:480)
	at org.openqa.selenium.remote.codec.w3c.W3CHttpResponseCodec.createException(W3CHttpResponseCodec.java:185)
	at org.openqa.selenium.remote.codec.w3c.W3CHttpResponseCodec.decode(W3CHttpResponseCodec.java:134)
	at org.openqa.selenium.remote.codec.w3c.W3CHttpResponseCodec.decode(W3CHttpResponseCodec.java:51)
	at org.openqa.selenium.remote.HttpCommandExecutor.execute(HttpCommandExecutor.java:190)
	at org.openqa.selenium.remote.service.DriverCommandExecutor.invokeExecute(DriverCommandExecutor.java:216)
	at org.openqa.selenium.remote.service.DriverCommandExecutor.execute(DriverCommandExecutor.java:174)
	at org.openqa.selenium.remote.RemoteWebDriver.execute(RemoteWebDriver.java:519)
	at org.openqa.selenium.remote.RemoteWebDriver.execute(RemoteWebDriver.java:592)
	at org.openqa.selenium.remote.RemoteWebDriver.execute(RemoteWebDriver.java:596)
	at org.openqa.selenium.remote.RemoteWebDriver.getScreenshotAs(RemoteWebDriver.java:322)
	at stepDefinitions.Hooks.Screenshot(Hooks.java:33)
</textarea>
      
      </div>
              </div>
              <div class="step skip-bg" title="stepDefinitions.searchDoctorsteps.the_user_applies_filters_for_experiences()">
                <span>When the user applies filters for experiences</span>
      <div>Step skipped
      </div>
              </div>
              <div class="step skip-bg" title="stepDefinitions.searchDoctorsteps.user_sees_list_of_dentists()">
                <span>Then user sees list of dentists</span>
      <div>Step skipped
      </div>
              </div>
          </div>
        </div>
  </div>
  <div class="card">
    <div class="card-header" role="tab">
      <div class="card-title">
        <div class="node" id="93"><span class="badge log fail-bg mr-2">Fail</span>User filters the search by applying filters on fees</div>
      </div>
    </div>
        <div class="">
          <div class="card-body">
              <div class="step pass-bg" title="stepDefinitions.searchDoctorsteps.the_user_navigates_to_practo_com()">
                <span>Given the user navigates to practo com</span>
      <div>
      </div>
              </div>
              <div class="step fail-bg" title="AFTER_STEP">
                <span>stepDefinitions.Hooks.Screenshot(io.cucumber.java.Scenario)</span>
      <div>
        <textarea disabled class="code-block">org.openqa.selenium.NoSuchWindowException: no such window: target window already closed
from unknown error: web view not found
  (Session info: chrome=120.0.6099.130)
Build info: version: '4.17.0', revision: 'e52b1be057*'
System info: os.name: 'Windows 11', os.arch: 'amd64', os.version: '10.0', java.version: '17.0.9'
Driver info: org.openqa.selenium.chrome.ChromeDriver
Command: [7e61f81cc005bd02069a85eefc87bf7d, screenshot {}]
Capabilities {acceptInsecureCerts: false, browserName: chrome, browserVersion: 120.0.6099.130, chrome: {chromedriverVersion: 120.0.6099.109 (3419140ab66..., userDataDir: C:\Windows\SystemTemp\scope...}, fedcm:accounts: true, goog:chromeOptions: {debuggerAddress: localhost:57364}, networkConnectionEnabled: false, pageLoadStrategy: normal, platformName: windows, proxy: Proxy(), se:cdp: ws://localhost:57364/devtoo..., se:cdpVersion: 120.0.6099.130, setWindowRect: true, strictFileInteractability: false, timeouts: {implicit: 0, pageLoad: 300000, script: 30000}, unhandledPromptBehavior: dismiss and notify, webauthn:extension:credBlob: true, webauthn:extension:largeBlob: true, webauthn:extension:minPinLength: true, webauthn:extension:prf: true, webauthn:virtualAuthenticators: true}
Session ID: 7e61f81cc005bd02069a85eefc87bf7d
	at java.base/jdk.internal.reflect.NativeConstructorAccessorImpl.newInstance0(Native Method)
	at java.base/jdk.internal.reflect.NativeConstructorAccessorImpl.newInstance(NativeConstructorAccessorImpl.java:77)
	at java.base/jdk.internal.reflect.DelegatingConstructorAccessorImpl.newInstance(DelegatingConstructorAccessorImpl.java:45)
	at java.base/java.lang.reflect.Constructor.newInstanceWithCaller(Constructor.java:499)
	at java.base/java.lang.reflect.Constructor.newInstance(Constructor.java:480)
	at org.openqa.selenium.remote.codec.w3c.W3CHttpResponseCodec.createException(W3CHttpResponseCodec.java:185)
	at org.openqa.selenium.remote.codec.w3c.W3CHttpResponseCodec.decode(W3CHttpResponseCodec.java:134)
	at org.openqa.selenium.remote.codec.w3c.W3CHttpResponseCodec.decode(W3CHttpResponseCodec.java:51)
	at org.openqa.selenium.remote.HttpCommandExecutor.execute(HttpCommandExecutor.java:190)
	at org.openqa.selenium.remote.service.DriverCommandExecutor.invokeExecute(DriverCommandExecutor.java:216)
	at org.openqa.selenium.remote.service.DriverCommandExecutor.execute(DriverCommandExecutor.java:174)
	at org.openqa.selenium.remote.RemoteWebDriver.execute(RemoteWebDriver.java:519)
	at org.openqa.selenium.remote.RemoteWebDriver.execute(RemoteWebDriver.java:592)
	at org.openqa.selenium.remote.RemoteWebDriver.execute(RemoteWebDriver.java:596)
	at org.openqa.selenium.remote.RemoteWebDriver.getScreenshotAs(RemoteWebDriver.java:322)
	at stepDefinitions.Hooks.Screenshot(Hooks.java:33)
</textarea>
      
      </div>
              </div>
              <div class="step skip-bg" title="stepDefinitions.searchDoctorsteps.the_user_applies_filters_for_fees()">
                <span>When the user applies filters for fees</span>
      <div>Step skipped
      </div>
              </div>
              <div class="step skip-bg" title="stepDefinitions.searchDoctorsteps.user_sees_list_of_dentists()">
                <span>Then user sees list of dentists</span>
      <div>Step skipped
      </div>
              </div>
          </div>
        </div>
  </div>
  <div class="card">
    <div class="card-header" role="tab">
      <div class="card-title">
        <div class="node" id="100"><span class="badge log fail-bg mr-2">Fail</span>User filters the search by applying filters on availability</div>
      </div>
    </div>
        <div class="">
          <div class="card-body">
              <div class="step pass-bg" title="stepDefinitions.searchDoctorsteps.the_user_navigates_to_practo_com()">
                <span>Given the user navigates to practo com</span>
      <div>
      </div>
              </div>
              <div class="step fail-bg" title="AFTER_STEP">
                <span>stepDefinitions.Hooks.Screenshot(io.cucumber.java.Scenario)</span>
      <div>
        <textarea disabled class="code-block">org.openqa.selenium.NoSuchWindowException: no such window: target window already closed
from unknown error: web view not found
  (Session info: chrome=120.0.6099.130)
Build info: version: '4.17.0', revision: 'e52b1be057*'
System info: os.name: 'Windows 11', os.arch: 'amd64', os.version: '10.0', java.version: '17.0.9'
Driver info: org.openqa.selenium.chrome.ChromeDriver
Command: [7e61f81cc005bd02069a85eefc87bf7d, screenshot {}]
Capabilities {acceptInsecureCerts: false, browserName: chrome, browserVersion: 120.0.6099.130, chrome: {chromedriverVersion: 120.0.6099.109 (3419140ab66..., userDataDir: C:\Windows\SystemTemp\scope...}, fedcm:accounts: true, goog:chromeOptions: {debuggerAddress: localhost:57364}, networkConnectionEnabled: false, pageLoadStrategy: normal, platformName: windows, proxy: Proxy(), se:cdp: ws://localhost:57364/devtoo..., se:cdpVersion: 120.0.6099.130, setWindowRect: true, strictFileInteractability: false, timeouts: {implicit: 0, pageLoad: 300000, script: 30000}, unhandledPromptBehavior: dismiss and notify, webauthn:extension:credBlob: true, webauthn:extension:largeBlob: true, webauthn:extension:minPinLength: true, webauthn:extension:prf: true, webauthn:virtualAuthenticators: true}
Session ID: 7e61f81cc005bd02069a85eefc87bf7d
	at java.base/jdk.internal.reflect.NativeConstructorAccessorImpl.newInstance0(Native Method)
	at java.base/jdk.internal.reflect.NativeConstructorAccessorImpl.newInstance(NativeConstructorAccessorImpl.java:77)
	at java.base/jdk.internal.reflect.DelegatingConstructorAccessorImpl.newInstance(DelegatingConstructorAccessorImpl.java:45)
	at java.base/java.lang.reflect.Constructor.newInstanceWithCaller(Constructor.java:499)
	at java.base/java.lang.reflect.Constructor.newInstance(Constructor.java:480)
	at org.openqa.selenium.remote.codec.w3c.W3CHttpResponseCodec.createException(W3CHttpResponseCodec.java:185)
	at org.openqa.selenium.remote.codec.w3c.W3CHttpResponseCodec.decode(W3CHttpResponseCodec.java:134)
	at org.openqa.selenium.remote.codec.w3c.W3CHttpResponseCodec.decode(W3CHttpResponseCodec.java:51)
	at org.openqa.selenium.remote.HttpCommandExecutor.execute(HttpCommandExecutor.java:190)
	at org.openqa.selenium.remote.service.DriverCommandExecutor.invokeExecute(DriverCommandExecutor.java:216)
	at org.openqa.selenium.remote.service.DriverCommandExecutor.execute(DriverCommandExecutor.java:174)
	at org.openqa.selenium.remote.RemoteWebDriver.execute(RemoteWebDriver.java:519)
	at org.openqa.selenium.remote.RemoteWebDriver.execute(RemoteWebDriver.java:592)
	at org.openqa.selenium.remote.RemoteWebDriver.execute(RemoteWebDriver.java:596)
	at org.openqa.selenium.remote.RemoteWebDriver.getScreenshotAs(RemoteWebDriver.java:322)
	at stepDefinitions.Hooks.Screenshot(Hooks.java:33)
</textarea>
      
      </div>
              </div>
              <div class="step skip-bg" title="stepDefinitions.searchDoctorsteps.the_user_applies_filters_for_availability()">
                <span>When the user applies filters for availability</span>
      <div>Step skipped
      </div>
              </div>
              <div class="step skip-bg" title="stepDefinitions.searchDoctorsteps.user_sees_list_of_dentists()">
                <span>Then user sees list of dentists</span>
      <div>Step skipped
      </div>
              </div>
          </div>
        </div>
  </div>
  <div class="card">
    <div class="card-header" role="tab">
      <div class="card-title">
        <div class="node" id="107"><span class="badge log fail-bg mr-2">Fail</span>User sorts the result</div>
      </div>
    </div>
        <div class="">
          <div class="card-body">
              <div class="step pass-bg" title="stepDefinitions.searchDoctorsteps.the_user_navigates_to_practo_com()">
                <span>Given the user navigates to practo com</span>
      <div>
      </div>
              </div>
              <div class="step fail-bg" title="AFTER_STEP">
                <span>stepDefinitions.Hooks.Screenshot(io.cucumber.java.Scenario)</span>
      <div>
        <textarea disabled class="code-block">org.openqa.selenium.NoSuchWindowException: no such window: target window already closed
from unknown error: web view not found
  (Session info: chrome=120.0.6099.130)
Build info: version: '4.17.0', revision: 'e52b1be057*'
System info: os.name: 'Windows 11', os.arch: 'amd64', os.version: '10.0', java.version: '17.0.9'
Driver info: org.openqa.selenium.chrome.ChromeDriver
Command: [7e61f81cc005bd02069a85eefc87bf7d, screenshot {}]
Capabilities {acceptInsecureCerts: false, browserName: chrome, browserVersion: 120.0.6099.130, chrome: {chromedriverVersion: 120.0.6099.109 (3419140ab66..., userDataDir: C:\Windows\SystemTemp\scope...}, fedcm:accounts: true, goog:chromeOptions: {debuggerAddress: localhost:57364}, networkConnectionEnabled: false, pageLoadStrategy: normal, platformName: windows, proxy: Proxy(), se:cdp: ws://localhost:57364/devtoo..., se:cdpVersion: 120.0.6099.130, setWindowRect: true, strictFileInteractability: false, timeouts: {implicit: 0, pageLoad: 300000, script: 30000}, unhandledPromptBehavior: dismiss and notify, webauthn:extension:credBlob: true, webauthn:extension:largeBlob: true, webauthn:extension:minPinLength: true, webauthn:extension:prf: true, webauthn:virtualAuthenticators: true}
Session ID: 7e61f81cc005bd02069a85eefc87bf7d
	at java.base/jdk.internal.reflect.NativeConstructorAccessorImpl.newInstance0(Native Method)
	at java.base/jdk.internal.reflect.NativeConstructorAccessorImpl.newInstance(NativeConstructorAccessorImpl.java:77)
	at java.base/jdk.internal.reflect.DelegatingConstructorAccessorImpl.newInstance(DelegatingConstructorAccessorImpl.java:45)
	at java.base/java.lang.reflect.Constructor.newInstanceWithCaller(Constructor.java:499)
	at java.base/java.lang.reflect.Constructor.newInstance(Constructor.java:480)
	at org.openqa.selenium.remote.codec.w3c.W3CHttpResponseCodec.createException(W3CHttpResponseCodec.java:185)
	at org.openqa.selenium.remote.codec.w3c.W3CHttpResponseCodec.decode(W3CHttpResponseCodec.java:134)
	at org.openqa.selenium.remote.codec.w3c.W3CHttpResponseCodec.decode(W3CHttpResponseCodec.java:51)
	at org.openqa.selenium.remote.HttpCommandExecutor.execute(HttpCommandExecutor.java:190)
	at org.openqa.selenium.remote.service.DriverCommandExecutor.invokeExecute(DriverCommandExecutor.java:216)
	at org.openqa.selenium.remote.service.DriverCommandExecutor.execute(DriverCommandExecutor.java:174)
	at org.openqa.selenium.remote.RemoteWebDriver.execute(RemoteWebDriver.java:519)
	at org.openqa.selenium.remote.RemoteWebDriver.execute(RemoteWebDriver.java:592)
	at org.openqa.selenium.remote.RemoteWebDriver.execute(RemoteWebDriver.java:596)
	at org.openqa.selenium.remote.RemoteWebDriver.getScreenshotAs(RemoteWebDriver.java:322)
	at stepDefinitions.Hooks.Screenshot(Hooks.java:33)
</textarea>
      
      </div>
              </div>
              <div class="step skip-bg" title="stepDefinitions.searchDoctorsteps.sorts_the_result_by_some_criteria()">
                <span>When sorts the result by some criteria</span>
      <div>Step skipped
      </div>
              </div>
              <div class="step skip-bg" title="stepDefinitions.searchDoctorsteps.user_sees_list_of_dentists()">
                <span>Then user sees list of dentists</span>
      <div>Step skipped
      </div>
              </div>
          </div>
        </div>
  </div>
  <div class="card">
    <div class="card-header" role="tab">
      <div class="card-title">
        <div class="node" id="114"><span class="badge log fail-bg mr-2">Fail</span>User displays the first five doctors</div>
      </div>
    </div>
        <div class="">
          <div class="card-body">
              <div class="step pass-bg" title="stepDefinitions.searchDoctorsteps.the_user_navigates_to_practo_com()">
                <span>Given the user navigates to practo com</span>
      <div>
      </div>
              </div>
              <div class="step fail-bg" title="AFTER_STEP">
                <span>stepDefinitions.Hooks.Screenshot(io.cucumber.java.Scenario)</span>
      <div>
        <textarea disabled class="code-block">org.openqa.selenium.NoSuchWindowException: no such window: target window already closed
from unknown error: web view not found
  (Session info: chrome=120.0.6099.130)
Build info: version: '4.17.0', revision: 'e52b1be057*'
System info: os.name: 'Windows 11', os.arch: 'amd64', os.version: '10.0', java.version: '17.0.9'
Driver info: org.openqa.selenium.chrome.ChromeDriver
Command: [7e61f81cc005bd02069a85eefc87bf7d, screenshot {}]
Capabilities {acceptInsecureCerts: false, browserName: chrome, browserVersion: 120.0.6099.130, chrome: {chromedriverVersion: 120.0.6099.109 (3419140ab66..., userDataDir: C:\Windows\SystemTemp\scope...}, fedcm:accounts: true, goog:chromeOptions: {debuggerAddress: localhost:57364}, networkConnectionEnabled: false, pageLoadStrategy: normal, platformName: windows, proxy: Proxy(), se:cdp: ws://localhost:57364/devtoo..., se:cdpVersion: 120.0.6099.130, setWindowRect: true, strictFileInteractability: false, timeouts: {implicit: 0, pageLoad: 300000, script: 30000}, unhandledPromptBehavior: dismiss and notify, webauthn:extension:credBlob: true, webauthn:extension:largeBlob: true, webauthn:extension:minPinLength: true, webauthn:extension:prf: true, webauthn:virtualAuthenticators: true}
Session ID: 7e61f81cc005bd02069a85eefc87bf7d
	at java.base/jdk.internal.reflect.NativeConstructorAccessorImpl.newInstance0(Native Method)
	at java.base/jdk.internal.reflect.NativeConstructorAccessorImpl.newInstance(NativeConstructorAccessorImpl.java:77)
	at java.base/jdk.internal.reflect.DelegatingConstructorAccessorImpl.newInstance(DelegatingConstructorAccessorImpl.java:45)
	at java.base/java.lang.reflect.Constructor.newInstanceWithCaller(Constructor.java:499)
	at java.base/java.lang.reflect.Constructor.newInstance(Constructor.java:480)
	at org.openqa.selenium.remote.codec.w3c.W3CHttpResponseCodec.createException(W3CHttpResponseCodec.java:185)
	at org.openqa.selenium.remote.codec.w3c.W3CHttpResponseCodec.decode(W3CHttpResponseCodec.java:134)
	at org.openqa.selenium.remote.codec.w3c.W3CHttpResponseCodec.decode(W3CHttpResponseCodec.java:51)
	at org.openqa.selenium.remote.HttpCommandExecutor.execute(HttpCommandExecutor.java:190)
	at org.openqa.selenium.remote.service.DriverCommandExecutor.invokeExecute(DriverCommandExecutor.java:216)
	at org.openqa.selenium.remote.service.DriverCommandExecutor.execute(DriverCommandExecutor.java:174)
	at org.openqa.selenium.remote.RemoteWebDriver.execute(RemoteWebDriver.java:519)
	at org.openqa.selenium.remote.RemoteWebDriver.execute(RemoteWebDriver.java:592)
	at org.openqa.selenium.remote.RemoteWebDriver.execute(RemoteWebDriver.java:596)
	at org.openqa.selenium.remote.RemoteWebDriver.getScreenshotAs(RemoteWebDriver.java:322)
	at stepDefinitions.Hooks.Screenshot(Hooks.java:33)
</textarea>
      
      </div>
              </div>
              <div class="step skip-bg" title="stepDefinitions.searchDoctorsteps.the_user_should_display_the_details_of_te_first_doctors(java.lang.Integer)">
                <span>Then the user should display the details of te first 5 doctors</span>
      <div>Step skipped
      </div>
              </div>
          </div>
        </div>
  </div>
  <div class="card">
    <div class="card-header" role="tab">
      <div class="card-title">
        <div class="node" id="119"><span class="badge log fail-bg mr-2">Fail</span>User retrieves a list of surgeries</div>
      </div>
    </div>
        <div class="">
          <div class="card-body">
              <div class="step pass-bg" title="stepDefinitions.ListOfSurgeries.user_navigates_to_the_practo_home_page()">
                <span>Given user navigates to the practo home page</span>
      <div>
      </div>
              </div>
              <div class="step fail-bg" title="AFTER_STEP">
                <span>stepDefinitions.Hooks.Screenshot(io.cucumber.java.Scenario)</span>
      <div>
        <textarea disabled class="code-block">org.openqa.selenium.NoSuchWindowException: no such window: target window already closed
from unknown error: web view not found
  (Session info: chrome=120.0.6099.130)
Build info: version: '4.17.0', revision: 'e52b1be057*'
System info: os.name: 'Windows 11', os.arch: 'amd64', os.version: '10.0', java.version: '17.0.9'
Driver info: org.openqa.selenium.chrome.ChromeDriver
Command: [7e61f81cc005bd02069a85eefc87bf7d, screenshot {}]
Capabilities {acceptInsecureCerts: false, browserName: chrome, browserVersion: 120.0.6099.130, chrome: {chromedriverVersion: 120.0.6099.109 (3419140ab66..., userDataDir: C:\Windows\SystemTemp\scope...}, fedcm:accounts: true, goog:chromeOptions: {debuggerAddress: localhost:57364}, networkConnectionEnabled: false, pageLoadStrategy: normal, platformName: windows, proxy: Proxy(), se:cdp: ws://localhost:57364/devtoo..., se:cdpVersion: 120.0.6099.130, setWindowRect: true, strictFileInteractability: false, timeouts: {implicit: 0, pageLoad: 300000, script: 30000}, unhandledPromptBehavior: dismiss and notify, webauthn:extension:credBlob: true, webauthn:extension:largeBlob: true, webauthn:extension:minPinLength: true, webauthn:extension:prf: true, webauthn:virtualAuthenticators: true}
Session ID: 7e61f81cc005bd02069a85eefc87bf7d
	at java.base/jdk.internal.reflect.NativeConstructorAccessorImpl.newInstance0(Native Method)
	at java.base/jdk.internal.reflect.NativeConstructorAccessorImpl.newInstance(NativeConstructorAccessorImpl.java:77)
	at java.base/jdk.internal.reflect.DelegatingConstructorAccessorImpl.newInstance(DelegatingConstructorAccessorImpl.java:45)
	at java.base/java.lang.reflect.Constructor.newInstanceWithCaller(Constructor.java:499)
	at java.base/java.lang.reflect.Constructor.newInstance(Constructor.java:480)
	at org.openqa.selenium.remote.codec.w3c.W3CHttpResponseCodec.createException(W3CHttpResponseCodec.java:185)
	at org.openqa.selenium.remote.codec.w3c.W3CHttpResponseCodec.decode(W3CHttpResponseCodec.java:134)
	at org.openqa.selenium.remote.codec.w3c.W3CHttpResponseCodec.decode(W3CHttpResponseCodec.java:51)
	at org.openqa.selenium.remote.HttpCommandExecutor.execute(HttpCommandExecutor.java:190)
	at org.openqa.selenium.remote.service.DriverCommandExecutor.invokeExecute(DriverCommandExecutor.java:216)
	at org.openqa.selenium.remote.service.DriverCommandExecutor.execute(DriverCommandExecutor.java:174)
	at org.openqa.selenium.remote.RemoteWebDriver.execute(RemoteWebDriver.java:519)
	at org.openqa.selenium.remote.RemoteWebDriver.execute(RemoteWebDriver.java:592)
	at org.openqa.selenium.remote.RemoteWebDriver.execute(RemoteWebDriver.java:596)
	at org.openqa.selenium.remote.RemoteWebDriver.getScreenshotAs(RemoteWebDriver.java:322)
	at stepDefinitions.Hooks.Screenshot(Hooks.java:33)
</textarea>
      
      </div>
              </div>
              <div class="step skip-bg" title="stepDefinitions.ListOfSurgeries.user_clicks_on_surgeries_in_the_practo_home_page()">
                <span>When user clicks on surgeries in the practo home page</span>
      <div>Step skipped
      </div>
              </div>
              <div class="step skip-bg" title="stepDefinitions.ListOfSurgeries.the_user_sees_surgeries_page()">
                <span>Then the user sees surgeries page</span>
      <div>Step skipped
      </div>
              </div>
          </div>
        </div>
  </div>
  <div class="card">
    <div class="card-header" role="tab">
      <div class="card-title">
        <div class="node" id="126"><span class="badge log fail-bg mr-2">Fail</span>User retrieves a list of surgeries</div>
      </div>
    </div>
        <div class="">
          <div class="card-body">
              <div class="step pass-bg" title="stepDefinitions.ListOfSurgeries.user_navigates_to_the_practo_home_page()">
                <span>Given user navigates to the practo home page</span>
      <div>
      </div>
              </div>
              <div class="step fail-bg" title="AFTER_STEP">
                <span>stepDefinitions.Hooks.Screenshot(io.cucumber.java.Scenario)</span>
      <div>
        <textarea disabled class="code-block">org.openqa.selenium.NoSuchWindowException: no such window: target window already closed
from unknown error: web view not found
  (Session info: chrome=120.0.6099.130)
Build info: version: '4.17.0', revision: 'e52b1be057*'
System info: os.name: 'Windows 11', os.arch: 'amd64', os.version: '10.0', java.version: '17.0.9'
Driver info: org.openqa.selenium.chrome.ChromeDriver
Command: [7e61f81cc005bd02069a85eefc87bf7d, screenshot {}]
Capabilities {acceptInsecureCerts: false, browserName: chrome, browserVersion: 120.0.6099.130, chrome: {chromedriverVersion: 120.0.6099.109 (3419140ab66..., userDataDir: C:\Windows\SystemTemp\scope...}, fedcm:accounts: true, goog:chromeOptions: {debuggerAddress: localhost:57364}, networkConnectionEnabled: false, pageLoadStrategy: normal, platformName: windows, proxy: Proxy(), se:cdp: ws://localhost:57364/devtoo..., se:cdpVersion: 120.0.6099.130, setWindowRect: true, strictFileInteractability: false, timeouts: {implicit: 0, pageLoad: 300000, script: 30000}, unhandledPromptBehavior: dismiss and notify, webauthn:extension:credBlob: true, webauthn:extension:largeBlob: true, webauthn:extension:minPinLength: true, webauthn:extension:prf: true, webauthn:virtualAuthenticators: true}
Session ID: 7e61f81cc005bd02069a85eefc87bf7d
	at java.base/jdk.internal.reflect.NativeConstructorAccessorImpl.newInstance0(Native Method)
	at java.base/jdk.internal.reflect.NativeConstructorAccessorImpl.newInstance(NativeConstructorAccessorImpl.java:77)
	at java.base/jdk.internal.reflect.DelegatingConstructorAccessorImpl.newInstance(DelegatingConstructorAccessorImpl.java:45)
	at java.base/java.lang.reflect.Constructor.newInstanceWithCaller(Constructor.java:499)
	at java.base/java.lang.reflect.Constructor.newInstance(Constructor.java:480)
	at org.openqa.selenium.remote.codec.w3c.W3CHttpResponseCodec.createException(W3CHttpResponseCodec.java:185)
	at org.openqa.selenium.remote.codec.w3c.W3CHttpResponseCodec.decode(W3CHttpResponseCodec.java:134)
	at org.openqa.selenium.remote.codec.w3c.W3CHttpResponseCodec.decode(W3CHttpResponseCodec.java:51)
	at org.openqa.selenium.remote.HttpCommandExecutor.execute(HttpCommandExecutor.java:190)
	at org.openqa.selenium.remote.service.DriverCommandExecutor.invokeExecute(DriverCommandExecutor.java:216)
	at org.openqa.selenium.remote.service.DriverCommandExecutor.execute(DriverCommandExecutor.java:174)
	at org.openqa.selenium.remote.RemoteWebDriver.execute(RemoteWebDriver.java:519)
	at org.openqa.selenium.remote.RemoteWebDriver.execute(RemoteWebDriver.java:592)
	at org.openqa.selenium.remote.RemoteWebDriver.execute(RemoteWebDriver.java:596)
	at org.openqa.selenium.remote.RemoteWebDriver.getScreenshotAs(RemoteWebDriver.java:322)
	at stepDefinitions.Hooks.Screenshot(Hooks.java:33)
</textarea>
      
      </div>
              </div>
              <div class="step skip-bg" title="stepDefinitions.ListOfSurgeries.user_scrolls_down_the_page()">
                <span>Then user scrolls down the page</span>
      <div>Step skipped
      </div>
              </div>
              <div class="step skip-bg" title="stepDefinitions.ListOfSurgeries.user_should_capture_the_list_of_surgeries()">
                <span>And user should capture the list of surgeries</span>
      <div>Step skipped
      </div>
              </div>
          </div>
        </div>
  </div>
  <div class="card">
    <div class="card-header" role="tab">
      <div class="card-title">
        <div class="node" id="133"><span class="badge log fail-bg mr-2">Fail</span>Schedule a demo in health and wellness plans for corporates</div>
      </div>
    </div>
        <div class="">
          <div class="card-body">
              <div class="step pass-bg" title="stepDefinitions.ForCorporates.the_user_navigates_to_practo_page()">
                <span>Given the user navigates to practo page</span>
      <div>
      </div>
              </div>
              <div class="step fail-bg" title="AFTER_STEP">
                <span>stepDefinitions.Hooks.Screenshot(io.cucumber.java.Scenario)</span>
      <div>
        <textarea disabled class="code-block">org.openqa.selenium.NoSuchWindowException: no such window: target window already closed
from unknown error: web view not found
  (Session info: chrome=120.0.6099.130)
Build info: version: '4.17.0', revision: 'e52b1be057*'
System info: os.name: 'Windows 11', os.arch: 'amd64', os.version: '10.0', java.version: '17.0.9'
Driver info: org.openqa.selenium.chrome.ChromeDriver
Command: [7e61f81cc005bd02069a85eefc87bf7d, screenshot {}]
Capabilities {acceptInsecureCerts: false, browserName: chrome, browserVersion: 120.0.6099.130, chrome: {chromedriverVersion: 120.0.6099.109 (3419140ab66..., userDataDir: C:\Windows\SystemTemp\scope...}, fedcm:accounts: true, goog:chromeOptions: {debuggerAddress: localhost:57364}, networkConnectionEnabled: false, pageLoadStrategy: normal, platformName: windows, proxy: Proxy(), se:cdp: ws://localhost:57364/devtoo..., se:cdpVersion: 120.0.6099.130, setWindowRect: true, strictFileInteractability: false, timeouts: {implicit: 0, pageLoad: 300000, script: 30000}, unhandledPromptBehavior: dismiss and notify, webauthn:extension:credBlob: true, webauthn:extension:largeBlob: true, webauthn:extension:minPinLength: true, webauthn:extension:prf: true, webauthn:virtualAuthenticators: true}
Session ID: 7e61f81cc005bd02069a85eefc87bf7d
	at java.base/jdk.internal.reflect.NativeConstructorAccessorImpl.newInstance0(Native Method)
	at java.base/jdk.internal.reflect.NativeConstructorAccessorImpl.newInstance(NativeConstructorAccessorImpl.java:77)
	at java.base/jdk.internal.reflect.DelegatingConstructorAccessorImpl.newInstance(DelegatingConstructorAccessorImpl.java:45)
	at java.base/java.lang.reflect.Constructor.newInstanceWithCaller(Constructor.java:499)
	at java.base/java.lang.reflect.Constructor.newInstance(Constructor.java:480)
	at org.openqa.selenium.remote.codec.w3c.W3CHttpResponseCodec.createException(W3CHttpResponseCodec.java:185)
	at org.openqa.selenium.remote.codec.w3c.W3CHttpResponseCodec.decode(W3CHttpResponseCodec.java:134)
	at org.openqa.selenium.remote.codec.w3c.W3CHttpResponseCodec.decode(W3CHttpResponseCodec.java:51)
	at org.openqa.selenium.remote.HttpCommandExecutor.execute(HttpCommandExecutor.java:190)
	at org.openqa.selenium.remote.service.DriverCommandExecutor.invokeExecute(DriverCommandExecutor.java:216)
	at org.openqa.selenium.remote.service.DriverCommandExecutor.execute(DriverCommandExecutor.java:174)
	at org.openqa.selenium.remote.RemoteWebDriver.execute(RemoteWebDriver.java:519)
	at org.openqa.selenium.remote.RemoteWebDriver.execute(RemoteWebDriver.java:592)
	at org.openqa.selenium.remote.RemoteWebDriver.execute(RemoteWebDriver.java:596)
	at org.openqa.selenium.remote.RemoteWebDriver.getScreenshotAs(RemoteWebDriver.java:322)
	at stepDefinitions.Hooks.Screenshot(Hooks.java:33)
</textarea>
      
      </div>
              </div>
              <div class="step skip-bg" title="stepDefinitions.ForCorporates.user_clicks_on_for_corporates_in_practo_home_page_navigation_bar()">
                <span>When user clicks on for corporates in practo home page navigation bar</span>
      <div>Step skipped
      </div>
              </div>
              <div class="step skip-bg" title="stepDefinitions.ForCorporates.user_clicks_health_and_wellness_plans_in_for_corporates()">
                <span>And user clicks health and wellness plans in for corporates</span>
      <div>Step skipped
      </div>
              </div>
          </div>
        </div>
  </div>
  <div class="card">
    <div class="card-header" role="tab">
      <div class="card-title">
        <div class="node" id="140"><span class="badge log fail-bg mr-2">Fail</span>Schedule a demo in health and wellness plans for corporates</div>
      </div>
    </div>
        <div class="">
          <div class="card-body">
              <div class="step pass-bg" title="stepDefinitions.ForCorporates.the_user_navigates_to_practo_page()">
                <span>Given the user navigates to practo page</span>
      <div>
      </div>
              </div>
              <div class="step fail-bg" title="AFTER_STEP">
                <span>stepDefinitions.Hooks.Screenshot(io.cucumber.java.Scenario)</span>
      <div>
        <textarea disabled class="code-block">org.openqa.selenium.NoSuchWindowException: no such window: target window already closed
from unknown error: web view not found
  (Session info: chrome=120.0.6099.130)
Build info: version: '4.17.0', revision: 'e52b1be057*'
System info: os.name: 'Windows 11', os.arch: 'amd64', os.version: '10.0', java.version: '17.0.9'
Driver info: org.openqa.selenium.chrome.ChromeDriver
Command: [7e61f81cc005bd02069a85eefc87bf7d, screenshot {}]
Capabilities {acceptInsecureCerts: false, browserName: chrome, browserVersion: 120.0.6099.130, chrome: {chromedriverVersion: 120.0.6099.109 (3419140ab66..., userDataDir: C:\Windows\SystemTemp\scope...}, fedcm:accounts: true, goog:chromeOptions: {debuggerAddress: localhost:57364}, networkConnectionEnabled: false, pageLoadStrategy: normal, platformName: windows, proxy: Proxy(), se:cdp: ws://localhost:57364/devtoo..., se:cdpVersion: 120.0.6099.130, setWindowRect: true, strictFileInteractability: false, timeouts: {implicit: 0, pageLoad: 300000, script: 30000}, unhandledPromptBehavior: dismiss and notify, webauthn:extension:credBlob: true, webauthn:extension:largeBlob: true, webauthn:extension:minPinLength: true, webauthn:extension:prf: true, webauthn:virtualAuthenticators: true}
Session ID: 7e61f81cc005bd02069a85eefc87bf7d
	at java.base/jdk.internal.reflect.NativeConstructorAccessorImpl.newInstance0(Native Method)
	at java.base/jdk.internal.reflect.NativeConstructorAccessorImpl.newInstance(NativeConstructorAccessorImpl.java:77)
	at java.base/jdk.internal.reflect.DelegatingConstructorAccessorImpl.newInstance(DelegatingConstructorAccessorImpl.java:45)
	at java.base/java.lang.reflect.Constructor.newInstanceWithCaller(Constructor.java:499)
	at java.base/java.lang.reflect.Constructor.newInstance(Constructor.java:480)
	at org.openqa.selenium.remote.codec.w3c.W3CHttpResponseCodec.createException(W3CHttpResponseCodec.java:185)
	at org.openqa.selenium.remote.codec.w3c.W3CHttpResponseCodec.decode(W3CHttpResponseCodec.java:134)
	at org.openqa.selenium.remote.codec.w3c.W3CHttpResponseCodec.decode(W3CHttpResponseCodec.java:51)
	at org.openqa.selenium.remote.HttpCommandExecutor.execute(HttpCommandExecutor.java:190)
	at org.openqa.selenium.remote.service.DriverCommandExecutor.invokeExecute(DriverCommandExecutor.java:216)
	at org.openqa.selenium.remote.service.DriverCommandExecutor.execute(DriverCommandExecutor.java:174)
	at org.openqa.selenium.remote.RemoteWebDriver.execute(RemoteWebDriver.java:519)
	at org.openqa.selenium.remote.RemoteWebDriver.execute(RemoteWebDriver.java:592)
	at org.openqa.selenium.remote.RemoteWebDriver.execute(RemoteWebDriver.java:596)
	at org.openqa.selenium.remote.RemoteWebDriver.getScreenshotAs(RemoteWebDriver.java:322)
	at stepDefinitions.Hooks.Screenshot(Hooks.java:33)
</textarea>
      
      </div>
              </div>
              <div class="step skip-bg" title="stepDefinitions.ForCorporates.user_leaves_name_field_empty_and_fill_all_other_fields_and_clicks_on_schedule_a_demo_button()">
                <span>When user leaves name field empty and fill all other fields and clicks on schedule a demo button</span>
      <div>Step skipped
      </div>
              </div>
              <div class="step skip-bg" title="stepDefinitions.ForCorporates.user_validates_schedule_a_demo_button_is_enabled_in_the_health_and_wellness_plans_page()">
                <span>Then user validates schedule a demo button is enabled in the health and wellness plans page</span>
      <div>Step skipped
      </div>
              </div>
          </div>
        </div>
  </div>
  <div class="card">
    <div class="card-header" role="tab">
      <div class="card-title">
        <div class="node" id="147"><span class="badge log fail-bg mr-2">Fail</span>Schedule a demo in health and wellness plans for corporates</div>
      </div>
    </div>
        <div class="">
          <div class="card-body">
              <div class="step pass-bg" title="stepDefinitions.ForCorporates.the_user_navigates_to_practo_page()">
                <span>Given the user navigates to practo page</span>
      <div>
      </div>
              </div>
              <div class="step fail-bg" title="AFTER_STEP">
                <span>stepDefinitions.Hooks.Screenshot(io.cucumber.java.Scenario)</span>
      <div>
        <textarea disabled class="code-block">org.openqa.selenium.NoSuchWindowException: no such window: target window already closed
from unknown error: web view not found
  (Session info: chrome=120.0.6099.130)
Build info: version: '4.17.0', revision: 'e52b1be057*'
System info: os.name: 'Windows 11', os.arch: 'amd64', os.version: '10.0', java.version: '17.0.9'
Driver info: org.openqa.selenium.chrome.ChromeDriver
Command: [7e61f81cc005bd02069a85eefc87bf7d, screenshot {}]
Capabilities {acceptInsecureCerts: false, browserName: chrome, browserVersion: 120.0.6099.130, chrome: {chromedriverVersion: 120.0.6099.109 (3419140ab66..., userDataDir: C:\Windows\SystemTemp\scope...}, fedcm:accounts: true, goog:chromeOptions: {debuggerAddress: localhost:57364}, networkConnectionEnabled: false, pageLoadStrategy: normal, platformName: windows, proxy: Proxy(), se:cdp: ws://localhost:57364/devtoo..., se:cdpVersion: 120.0.6099.130, setWindowRect: true, strictFileInteractability: false, timeouts: {implicit: 0, pageLoad: 300000, script: 30000}, unhandledPromptBehavior: dismiss and notify, webauthn:extension:credBlob: true, webauthn:extension:largeBlob: true, webauthn:extension:minPinLength: true, webauthn:extension:prf: true, webauthn:virtualAuthenticators: true}
Session ID: 7e61f81cc005bd02069a85eefc87bf7d
	at java.base/jdk.internal.reflect.NativeConstructorAccessorImpl.newInstance0(Native Method)
	at java.base/jdk.internal.reflect.NativeConstructorAccessorImpl.newInstance(NativeConstructorAccessorImpl.java:77)
	at java.base/jdk.internal.reflect.DelegatingConstructorAccessorImpl.newInstance(DelegatingConstructorAccessorImpl.java:45)
	at java.base/java.lang.reflect.Constructor.newInstanceWithCaller(Constructor.java:499)
	at java.base/java.lang.reflect.Constructor.newInstance(Constructor.java:480)
	at org.openqa.selenium.remote.codec.w3c.W3CHttpResponseCodec.createException(W3CHttpResponseCodec.java:185)
	at org.openqa.selenium.remote.codec.w3c.W3CHttpResponseCodec.decode(W3CHttpResponseCodec.java:134)
	at org.openqa.selenium.remote.codec.w3c.W3CHttpResponseCodec.decode(W3CHttpResponseCodec.java:51)
	at org.openqa.selenium.remote.HttpCommandExecutor.execute(HttpCommandExecutor.java:190)
	at org.openqa.selenium.remote.service.DriverCommandExecutor.invokeExecute(DriverCommandExecutor.java:216)
	at org.openqa.selenium.remote.service.DriverCommandExecutor.execute(DriverCommandExecutor.java:174)
	at org.openqa.selenium.remote.RemoteWebDriver.execute(RemoteWebDriver.java:519)
	at org.openqa.selenium.remote.RemoteWebDriver.execute(RemoteWebDriver.java:592)
	at org.openqa.selenium.remote.RemoteWebDriver.execute(RemoteWebDriver.java:596)
	at org.openqa.selenium.remote.RemoteWebDriver.getScreenshotAs(RemoteWebDriver.java:322)
	at stepDefinitions.Hooks.Screenshot(Hooks.java:33)
</textarea>
      
      </div>
              </div>
              <div class="step skip-bg" title="stepDefinitions.ForCorporates.user_leaves_organization_name_field_empty_and_fill_all_other_fields()">
                <span>When user leaves organization name field empty and fill all other fields</span>
      <div>Step skipped
      </div>
              </div>
              <div class="step skip-bg" title="stepDefinitions.ForCorporates.user_validates_schedule_a_demo_button_is_enabled_in_the_health_and_wellness_plans_page()">
                <span>Then user validates schedule a demo button is enabled in the health and wellness plans page</span>
      <div>Step skipped
      </div>
              </div>
          </div>
        </div>
  </div>
  <div class="card">
    <div class="card-header" role="tab">
      <div class="card-title">
        <div class="node" id="154"><span class="badge log fail-bg mr-2">Fail</span>Schedule a demo in health and wellness plans for corporates</div>
      </div>
    </div>
        <div class="">
          <div class="card-body">
              <div class="step pass-bg" title="stepDefinitions.ForCorporates.the_user_navigates_to_practo_page()">
                <span>Given the user navigates to practo page</span>
      <div>
      </div>
              </div>
              <div class="step fail-bg" title="AFTER_STEP">
                <span>stepDefinitions.Hooks.Screenshot(io.cucumber.java.Scenario)</span>
      <div>
        <textarea disabled class="code-block">org.openqa.selenium.NoSuchWindowException: no such window: target window already closed
from unknown error: web view not found
  (Session info: chrome=120.0.6099.130)
Build info: version: '4.17.0', revision: 'e52b1be057*'
System info: os.name: 'Windows 11', os.arch: 'amd64', os.version: '10.0', java.version: '17.0.9'
Driver info: org.openqa.selenium.chrome.ChromeDriver
Command: [7e61f81cc005bd02069a85eefc87bf7d, screenshot {}]
Capabilities {acceptInsecureCerts: false, browserName: chrome, browserVersion: 120.0.6099.130, chrome: {chromedriverVersion: 120.0.6099.109 (3419140ab66..., userDataDir: C:\Windows\SystemTemp\scope...}, fedcm:accounts: true, goog:chromeOptions: {debuggerAddress: localhost:57364}, networkConnectionEnabled: false, pageLoadStrategy: normal, platformName: windows, proxy: Proxy(), se:cdp: ws://localhost:57364/devtoo..., se:cdpVersion: 120.0.6099.130, setWindowRect: true, strictFileInteractability: false, timeouts: {implicit: 0, pageLoad: 300000, script: 30000}, unhandledPromptBehavior: dismiss and notify, webauthn:extension:credBlob: true, webauthn:extension:largeBlob: true, webauthn:extension:minPinLength: true, webauthn:extension:prf: true, webauthn:virtualAuthenticators: true}
Session ID: 7e61f81cc005bd02069a85eefc87bf7d
	at java.base/jdk.internal.reflect.NativeConstructorAccessorImpl.newInstance0(Native Method)
	at java.base/jdk.internal.reflect.NativeConstructorAccessorImpl.newInstance(NativeConstructorAccessorImpl.java:77)
	at java.base/jdk.internal.reflect.DelegatingConstructorAccessorImpl.newInstance(DelegatingConstructorAccessorImpl.java:45)
	at java.base/java.lang.reflect.Constructor.newInstanceWithCaller(Constructor.java:499)
	at java.base/java.lang.reflect.Constructor.newInstance(Constructor.java:480)
	at org.openqa.selenium.remote.codec.w3c.W3CHttpResponseCodec.createException(W3CHttpResponseCodec.java:185)
	at org.openqa.selenium.remote.codec.w3c.W3CHttpResponseCodec.decode(W3CHttpResponseCodec.java:134)
	at org.openqa.selenium.remote.codec.w3c.W3CHttpResponseCodec.decode(W3CHttpResponseCodec.java:51)
	at org.openqa.selenium.remote.HttpCommandExecutor.execute(HttpCommandExecutor.java:190)
	at org.openqa.selenium.remote.service.DriverCommandExecutor.invokeExecute(DriverCommandExecutor.java:216)
	at org.openqa.selenium.remote.service.DriverCommandExecutor.execute(DriverCommandExecutor.java:174)
	at org.openqa.selenium.remote.RemoteWebDriver.execute(RemoteWebDriver.java:519)
	at org.openqa.selenium.remote.RemoteWebDriver.execute(RemoteWebDriver.java:592)
	at org.openqa.selenium.remote.RemoteWebDriver.execute(RemoteWebDriver.java:596)
	at org.openqa.selenium.remote.RemoteWebDriver.getScreenshotAs(RemoteWebDriver.java:322)
	at stepDefinitions.Hooks.Screenshot(Hooks.java:33)
</textarea>
      
      </div>
              </div>
              <div class="step skip-bg" title="stepDefinitions.ForCorporates.user_leaves_contact_number_field_empty_and_fill_all_other_fields()">
                <span>When user leaves contact number field empty and fill all other fields</span>
      <div>Step skipped
      </div>
              </div>
              <div class="step skip-bg" title="stepDefinitions.ForCorporates.user_validates_schedule_a_demo_button_is_enabled_in_the_health_and_wellness_plans_page()">
                <span>Then user validates schedule a demo button is enabled in the health and wellness plans page</span>
      <div>Step skipped
      </div>
              </div>
          </div>
        </div>
  </div>
  <div class="card">
    <div class="card-header" role="tab">
      <div class="card-title">
        <div class="node" id="161"><span class="badge log fail-bg mr-2">Fail</span>Schedule a demo in health and wellness plans for corporates</div>
      </div>
    </div>
        <div class="">
          <div class="card-body">
              <div class="step pass-bg" title="stepDefinitions.ForCorporates.the_user_navigates_to_practo_page()">
                <span>Given the user navigates to practo page</span>
      <div>
      </div>
              </div>
              <div class="step fail-bg" title="AFTER_STEP">
                <span>stepDefinitions.Hooks.Screenshot(io.cucumber.java.Scenario)</span>
      <div>
        <textarea disabled class="code-block">org.openqa.selenium.NoSuchWindowException: no such window: target window already closed
from unknown error: web view not found
  (Session info: chrome=120.0.6099.130)
Build info: version: '4.17.0', revision: 'e52b1be057*'
System info: os.name: 'Windows 11', os.arch: 'amd64', os.version: '10.0', java.version: '17.0.9'
Driver info: org.openqa.selenium.chrome.ChromeDriver
Command: [7e61f81cc005bd02069a85eefc87bf7d, screenshot {}]
Capabilities {acceptInsecureCerts: false, browserName: chrome, browserVersion: 120.0.6099.130, chrome: {chromedriverVersion: 120.0.6099.109 (3419140ab66..., userDataDir: C:\Windows\SystemTemp\scope...}, fedcm:accounts: true, goog:chromeOptions: {debuggerAddress: localhost:57364}, networkConnectionEnabled: false, pageLoadStrategy: normal, platformName: windows, proxy: Proxy(), se:cdp: ws://localhost:57364/devtoo..., se:cdpVersion: 120.0.6099.130, setWindowRect: true, strictFileInteractability: false, timeouts: {implicit: 0, pageLoad: 300000, script: 30000}, unhandledPromptBehavior: dismiss and notify, webauthn:extension:credBlob: true, webauthn:extension:largeBlob: true, webauthn:extension:minPinLength: true, webauthn:extension:prf: true, webauthn:virtualAuthenticators: true}
Session ID: 7e61f81cc005bd02069a85eefc87bf7d
	at java.base/jdk.internal.reflect.NativeConstructorAccessorImpl.newInstance0(Native Method)
	at java.base/jdk.internal.reflect.NativeConstructorAccessorImpl.newInstance(NativeConstructorAccessorImpl.java:77)
	at java.base/jdk.internal.reflect.DelegatingConstructorAccessorImpl.newInstance(DelegatingConstructorAccessorImpl.java:45)
	at java.base/java.lang.reflect.Constructor.newInstanceWithCaller(Constructor.java:499)
	at java.base/java.lang.reflect.Constructor.newInstance(Constructor.java:480)
	at org.openqa.selenium.remote.codec.w3c.W3CHttpResponseCodec.createException(W3CHttpResponseCodec.java:185)
	at org.openqa.selenium.remote.codec.w3c.W3CHttpResponseCodec.decode(W3CHttpResponseCodec.java:134)
	at org.openqa.selenium.remote.codec.w3c.W3CHttpResponseCodec.decode(W3CHttpResponseCodec.java:51)
	at org.openqa.selenium.remote.HttpCommandExecutor.execute(HttpCommandExecutor.java:190)
	at org.openqa.selenium.remote.service.DriverCommandExecutor.invokeExecute(DriverCommandExecutor.java:216)
	at org.openqa.selenium.remote.service.DriverCommandExecutor.execute(DriverCommandExecutor.java:174)
	at org.openqa.selenium.remote.RemoteWebDriver.execute(RemoteWebDriver.java:519)
	at org.openqa.selenium.remote.RemoteWebDriver.execute(RemoteWebDriver.java:592)
	at org.openqa.selenium.remote.RemoteWebDriver.execute(RemoteWebDriver.java:596)
	at org.openqa.selenium.remote.RemoteWebDriver.getScreenshotAs(RemoteWebDriver.java:322)
	at stepDefinitions.Hooks.Screenshot(Hooks.java:33)
</textarea>
      
      </div>
              </div>
              <div class="step skip-bg" title="stepDefinitions.ForCorporates.user_enters_incorrect_number_of_digits_in_contact_field_and_fill_all_other_fields()">
                <span>When user enters incorrect number of digits in contact field and fill all other fields</span>
      <div>Step skipped
      </div>
              </div>
              <div class="step skip-bg" title="stepDefinitions.ForCorporates.user_validates_schedule_a_demo_button_is_enabled_in_the_health_and_wellness_plans_page()">
                <span>Then user validates schedule a demo button is enabled in the health and wellness plans page</span>
      <div>Step skipped
      </div>
              </div>
          </div>
        </div>
  </div>
  <div class="card">
    <div class="card-header" role="tab">
      <div class="card-title">
        <div class="node" id="168"><span class="badge log fail-bg mr-2">Fail</span>Schedule a demo in health and wellness plans for corporates</div>
      </div>
    </div>
        <div class="">
          <div class="card-body">
              <div class="step pass-bg" title="stepDefinitions.ForCorporates.the_user_navigates_to_practo_page()">
                <span>Given the user navigates to practo page</span>
      <div>
      </div>
              </div>
              <div class="step fail-bg" title="AFTER_STEP">
                <span>stepDefinitions.Hooks.Screenshot(io.cucumber.java.Scenario)</span>
      <div>
        <textarea disabled class="code-block">org.openqa.selenium.NoSuchWindowException: no such window: target window already closed
from unknown error: web view not found
  (Session info: chrome=120.0.6099.130)
Build info: version: '4.17.0', revision: 'e52b1be057*'
System info: os.name: 'Windows 11', os.arch: 'amd64', os.version: '10.0', java.version: '17.0.9'
Driver info: org.openqa.selenium.chrome.ChromeDriver
Command: [7e61f81cc005bd02069a85eefc87bf7d, screenshot {}]
Capabilities {acceptInsecureCerts: false, browserName: chrome, browserVersion: 120.0.6099.130, chrome: {chromedriverVersion: 120.0.6099.109 (3419140ab66..., userDataDir: C:\Windows\SystemTemp\scope...}, fedcm:accounts: true, goog:chromeOptions: {debuggerAddress: localhost:57364}, networkConnectionEnabled: false, pageLoadStrategy: normal, platformName: windows, proxy: Proxy(), se:cdp: ws://localhost:57364/devtoo..., se:cdpVersion: 120.0.6099.130, setWindowRect: true, strictFileInteractability: false, timeouts: {implicit: 0, pageLoad: 300000, script: 30000}, unhandledPromptBehavior: dismiss and notify, webauthn:extension:credBlob: true, webauthn:extension:largeBlob: true, webauthn:extension:minPinLength: true, webauthn:extension:prf: true, webauthn:virtualAuthenticators: true}
Session ID: 7e61f81cc005bd02069a85eefc87bf7d
	at java.base/jdk.internal.reflect.NativeConstructorAccessorImpl.newInstance0(Native Method)
	at java.base/jdk.internal.reflect.NativeConstructorAccessorImpl.newInstance(NativeConstructorAccessorImpl.java:77)
	at java.base/jdk.internal.reflect.DelegatingConstructorAccessorImpl.newInstance(DelegatingConstructorAccessorImpl.java:45)
	at java.base/java.lang.reflect.Constructor.newInstanceWithCaller(Constructor.java:499)
	at java.base/java.lang.reflect.Constructor.newInstance(Constructor.java:480)
	at org.openqa.selenium.remote.codec.w3c.W3CHttpResponseCodec.createException(W3CHttpResponseCodec.java:185)
	at org.openqa.selenium.remote.codec.w3c.W3CHttpResponseCodec.decode(W3CHttpResponseCodec.java:134)
	at org.openqa.selenium.remote.codec.w3c.W3CHttpResponseCodec.decode(W3CHttpResponseCodec.java:51)
	at org.openqa.selenium.remote.HttpCommandExecutor.execute(HttpCommandExecutor.java:190)
	at org.openqa.selenium.remote.service.DriverCommandExecutor.invokeExecute(DriverCommandExecutor.java:216)
	at org.openqa.selenium.remote.service.DriverCommandExecutor.execute(DriverCommandExecutor.java:174)
	at org.openqa.selenium.remote.RemoteWebDriver.execute(RemoteWebDriver.java:519)
	at org.openqa.selenium.remote.RemoteWebDriver.execute(RemoteWebDriver.java:592)
	at org.openqa.selenium.remote.RemoteWebDriver.execute(RemoteWebDriver.java:596)
	at org.openqa.selenium.remote.RemoteWebDriver.getScreenshotAs(RemoteWebDriver.java:322)
	at stepDefinitions.Hooks.Screenshot(Hooks.java:33)
</textarea>
      
      </div>
              </div>
              <div class="step skip-bg" title="stepDefinitions.ForCorporates.user_enters_number_that_starts_with_less_than_five_in_contact_field_and_fill_all_other_fields()">
                <span>When user enters number that starts with less than five in contact field and fill all other fields</span>
      <div>Step skipped
      </div>
              </div>
              <div class="step skip-bg" title="stepDefinitions.ForCorporates.user_validates_schedule_a_demo_button_is_enabled_in_the_health_and_wellness_plans_page()">
                <span>Then user validates schedule a demo button is enabled in the health and wellness plans page</span>
      <div>Step skipped
      </div>
              </div>
          </div>
        </div>
  </div>
  <div class="card">
    <div class="card-header" role="tab">
      <div class="card-title">
        <div class="node" id="175"><span class="badge log fail-bg mr-2">Fail</span>Schedule a demo in health and wellness plans for corporates</div>
      </div>
    </div>
        <div class="">
          <div class="card-body">
              <div class="step pass-bg" title="stepDefinitions.ForCorporates.the_user_navigates_to_practo_page()">
                <span>Given the user navigates to practo page</span>
      <div>
      </div>
              </div>
              <div class="step fail-bg" title="AFTER_STEP">
                <span>stepDefinitions.Hooks.Screenshot(io.cucumber.java.Scenario)</span>
      <div>
        <textarea disabled class="code-block">org.openqa.selenium.NoSuchWindowException: no such window: target window already closed
from unknown error: web view not found
  (Session info: chrome=120.0.6099.130)
Build info: version: '4.17.0', revision: 'e52b1be057*'
System info: os.name: 'Windows 11', os.arch: 'amd64', os.version: '10.0', java.version: '17.0.9'
Driver info: org.openqa.selenium.chrome.ChromeDriver
Command: [7e61f81cc005bd02069a85eefc87bf7d, screenshot {}]
Capabilities {acceptInsecureCerts: false, browserName: chrome, browserVersion: 120.0.6099.130, chrome: {chromedriverVersion: 120.0.6099.109 (3419140ab66..., userDataDir: C:\Windows\SystemTemp\scope...}, fedcm:accounts: true, goog:chromeOptions: {debuggerAddress: localhost:57364}, networkConnectionEnabled: false, pageLoadStrategy: normal, platformName: windows, proxy: Proxy(), se:cdp: ws://localhost:57364/devtoo..., se:cdpVersion: 120.0.6099.130, setWindowRect: true, strictFileInteractability: false, timeouts: {implicit: 0, pageLoad: 300000, script: 30000}, unhandledPromptBehavior: dismiss and notify, webauthn:extension:credBlob: true, webauthn:extension:largeBlob: true, webauthn:extension:minPinLength: true, webauthn:extension:prf: true, webauthn:virtualAuthenticators: true}
Session ID: 7e61f81cc005bd02069a85eefc87bf7d
	at java.base/jdk.internal.reflect.NativeConstructorAccessorImpl.newInstance0(Native Method)
	at java.base/jdk.internal.reflect.NativeConstructorAccessorImpl.newInstance(NativeConstructorAccessorImpl.java:77)
	at java.base/jdk.internal.reflect.DelegatingConstructorAccessorImpl.newInstance(DelegatingConstructorAccessorImpl.java:45)
	at java.base/java.lang.reflect.Constructor.newInstanceWithCaller(Constructor.java:499)
	at java.base/java.lang.reflect.Constructor.newInstance(Constructor.java:480)
	at org.openqa.selenium.remote.codec.w3c.W3CHttpResponseCodec.createException(W3CHttpResponseCodec.java:185)
	at org.openqa.selenium.remote.codec.w3c.W3CHttpResponseCodec.decode(W3CHttpResponseCodec.java:134)
	at org.openqa.selenium.remote.codec.w3c.W3CHttpResponseCodec.decode(W3CHttpResponseCodec.java:51)
	at org.openqa.selenium.remote.HttpCommandExecutor.execute(HttpCommandExecutor.java:190)
	at org.openqa.selenium.remote.service.DriverCommandExecutor.invokeExecute(DriverCommandExecutor.java:216)
	at org.openqa.selenium.remote.service.DriverCommandExecutor.execute(DriverCommandExecutor.java:174)
	at org.openqa.selenium.remote.RemoteWebDriver.execute(RemoteWebDriver.java:519)
	at org.openqa.selenium.remote.RemoteWebDriver.execute(RemoteWebDriver.java:592)
	at org.openqa.selenium.remote.RemoteWebDriver.execute(RemoteWebDriver.java:596)
	at org.openqa.selenium.remote.RemoteWebDriver.getScreenshotAs(RemoteWebDriver.java:322)
	at stepDefinitions.Hooks.Screenshot(Hooks.java:33)
</textarea>
      
      </div>
              </div>
              <div class="step skip-bg" title="stepDefinitions.ForCorporates.user_leaves_official_email_field_empty_and_fill_all_other_fields()">
                <span>When user leaves official email field empty and fill all other fields</span>
      <div>Step skipped
      </div>
              </div>
              <div class="step skip-bg" title="stepDefinitions.ForCorporates.user_validates_schedule_a_demo_button_is_enabled_in_the_health_and_wellness_plans_page()">
                <span>Then user validates schedule a demo button is enabled in the health and wellness plans page</span>
      <div>Step skipped
      </div>
              </div>
          </div>
        </div>
  </div>
  <div class="card">
    <div class="card-header" role="tab">
      <div class="card-title">
        <div class="node" id="182"><span class="badge log fail-bg mr-2">Fail</span>Schedule a demo in health and wellness plans for corporates</div>
      </div>
    </div>
        <div class="">
          <div class="card-body">
              <div class="step pass-bg" title="stepDefinitions.ForCorporates.the_user_navigates_to_practo_page()">
                <span>Given the user navigates to practo page</span>
      <div>
      </div>
              </div>
              <div class="step fail-bg" title="AFTER_STEP">
                <span>stepDefinitions.Hooks.Screenshot(io.cucumber.java.Scenario)</span>
      <div>
        <textarea disabled class="code-block">org.openqa.selenium.NoSuchWindowException: no such window: target window already closed
from unknown error: web view not found
  (Session info: chrome=120.0.6099.130)
Build info: version: '4.17.0', revision: 'e52b1be057*'
System info: os.name: 'Windows 11', os.arch: 'amd64', os.version: '10.0', java.version: '17.0.9'
Driver info: org.openqa.selenium.chrome.ChromeDriver
Command: [7e61f81cc005bd02069a85eefc87bf7d, screenshot {}]
Capabilities {acceptInsecureCerts: false, browserName: chrome, browserVersion: 120.0.6099.130, chrome: {chromedriverVersion: 120.0.6099.109 (3419140ab66..., userDataDir: C:\Windows\SystemTemp\scope...}, fedcm:accounts: true, goog:chromeOptions: {debuggerAddress: localhost:57364}, networkConnectionEnabled: false, pageLoadStrategy: normal, platformName: windows, proxy: Proxy(), se:cdp: ws://localhost:57364/devtoo..., se:cdpVersion: 120.0.6099.130, setWindowRect: true, strictFileInteractability: false, timeouts: {implicit: 0, pageLoad: 300000, script: 30000}, unhandledPromptBehavior: dismiss and notify, webauthn:extension:credBlob: true, webauthn:extension:largeBlob: true, webauthn:extension:minPinLength: true, webauthn:extension:prf: true, webauthn:virtualAuthenticators: true}
Session ID: 7e61f81cc005bd02069a85eefc87bf7d
	at jdk.internal.reflect.GeneratedConstructorAccessor44.newInstance(Unknown Source)
	at java.base/jdk.internal.reflect.DelegatingConstructorAccessorImpl.newInstance(DelegatingConstructorAccessorImpl.java:45)
	at java.base/java.lang.reflect.Constructor.newInstanceWithCaller(Constructor.java:499)
	at java.base/java.lang.reflect.Constructor.newInstance(Constructor.java:480)
	at org.openqa.selenium.remote.codec.w3c.W3CHttpResponseCodec.createException(W3CHttpResponseCodec.java:185)
	at org.openqa.selenium.remote.codec.w3c.W3CHttpResponseCodec.decode(W3CHttpResponseCodec.java:134)
	at org.openqa.selenium.remote.codec.w3c.W3CHttpResponseCodec.decode(W3CHttpResponseCodec.java:51)
	at org.openqa.selenium.remote.HttpCommandExecutor.execute(HttpCommandExecutor.java:190)
	at org.openqa.selenium.remote.service.DriverCommandExecutor.invokeExecute(DriverCommandExecutor.java:216)
	at org.openqa.selenium.remote.service.DriverCommandExecutor.execute(DriverCommandExecutor.java:174)
	at org.openqa.selenium.remote.RemoteWebDriver.execute(RemoteWebDriver.java:519)
	at org.openqa.selenium.remote.RemoteWebDriver.execute(RemoteWebDriver.java:592)
	at org.openqa.selenium.remote.RemoteWebDriver.execute(RemoteWebDriver.java:596)
	at org.openqa.selenium.remote.RemoteWebDriver.getScreenshotAs(RemoteWebDriver.java:322)
	at stepDefinitions.Hooks.Screenshot(Hooks.java:33)
</textarea>
      
      </div>
              </div>
              <div class="step skip-bg" title="stepDefinitions.ForCorporates.user_provide_invalid_email_id_and_valid_details_for_other_fields_in_the_formreg()">
                <span>When user provide invalid email id and valid details for other fields in the formreg</span>
      <div>Step skipped
      </div>
              </div>
              <div class="step skip-bg" title="stepDefinitions.ForCorporates.user_validates_schedule_a_demo_button_is_enabled_in_the_health_and_wellness_plans_page()">
                <span>Then user validates schedule a demo button is enabled in the health and wellness plans page</span>
      <div>Step skipped
      </div>
              </div>
          </div>
        </div>
  </div>
  <div class="card">
    <div class="card-header" role="tab">
      <div class="card-title">
        <div class="node" id="189"><span class="badge log fail-bg mr-2">Fail</span>Schedule a demo in health and wellness plans for corporates</div>
      </div>
    </div>
        <div class="">
          <div class="card-body">
              <div class="step pass-bg" title="stepDefinitions.ForCorporates.the_user_navigates_to_practo_page()">
                <span>Given the user navigates to practo page</span>
      <div>
      </div>
              </div>
              <div class="step fail-bg" title="AFTER_STEP">
                <span>stepDefinitions.Hooks.Screenshot(io.cucumber.java.Scenario)</span>
      <div>
        <textarea disabled class="code-block">org.openqa.selenium.NoSuchWindowException: no such window: target window already closed
from unknown error: web view not found
  (Session info: chrome=120.0.6099.130)
Build info: version: '4.17.0', revision: 'e52b1be057*'
System info: os.name: 'Windows 11', os.arch: 'amd64', os.version: '10.0', java.version: '17.0.9'
Driver info: org.openqa.selenium.chrome.ChromeDriver
Command: [7e61f81cc005bd02069a85eefc87bf7d, screenshot {}]
Capabilities {acceptInsecureCerts: false, browserName: chrome, browserVersion: 120.0.6099.130, chrome: {chromedriverVersion: 120.0.6099.109 (3419140ab66..., userDataDir: C:\Windows\SystemTemp\scope...}, fedcm:accounts: true, goog:chromeOptions: {debuggerAddress: localhost:57364}, networkConnectionEnabled: false, pageLoadStrategy: normal, platformName: windows, proxy: Proxy(), se:cdp: ws://localhost:57364/devtoo..., se:cdpVersion: 120.0.6099.130, setWindowRect: true, strictFileInteractability: false, timeouts: {implicit: 0, pageLoad: 300000, script: 30000}, unhandledPromptBehavior: dismiss and notify, webauthn:extension:credBlob: true, webauthn:extension:largeBlob: true, webauthn:extension:minPinLength: true, webauthn:extension:prf: true, webauthn:virtualAuthenticators: true}
Session ID: 7e61f81cc005bd02069a85eefc87bf7d
	at jdk.internal.reflect.GeneratedConstructorAccessor44.newInstance(Unknown Source)
	at java.base/jdk.internal.reflect.DelegatingConstructorAccessorImpl.newInstance(DelegatingConstructorAccessorImpl.java:45)
	at java.base/java.lang.reflect.Constructor.newInstanceWithCaller(Constructor.java:499)
	at java.base/java.lang.reflect.Constructor.newInstance(Constructor.java:480)
	at org.openqa.selenium.remote.codec.w3c.W3CHttpResponseCodec.createException(W3CHttpResponseCodec.java:185)
	at org.openqa.selenium.remote.codec.w3c.W3CHttpResponseCodec.decode(W3CHttpResponseCodec.java:134)
	at org.openqa.selenium.remote.codec.w3c.W3CHttpResponseCodec.decode(W3CHttpResponseCodec.java:51)
	at org.openqa.selenium.remote.HttpCommandExecutor.execute(HttpCommandExecutor.java:190)
	at org.openqa.selenium.remote.service.DriverCommandExecutor.invokeExecute(DriverCommandExecutor.java:216)
	at org.openqa.selenium.remote.service.DriverCommandExecutor.execute(DriverCommandExecutor.java:174)
	at org.openqa.selenium.remote.RemoteWebDriver.execute(RemoteWebDriver.java:519)
	at org.openqa.selenium.remote.RemoteWebDriver.execute(RemoteWebDriver.java:592)
	at org.openqa.selenium.remote.RemoteWebDriver.execute(RemoteWebDriver.java:596)
	at org.openqa.selenium.remote.RemoteWebDriver.getScreenshotAs(RemoteWebDriver.java:322)
	at stepDefinitions.Hooks.Screenshot(Hooks.java:33)
</textarea>
      
      </div>
              </div>
              <div class="step skip-bg" title="stepDefinitions.ForCorporates.user_enters_valid_email_id_and_clicks_on_schedule_a_demo_button()">
                <span>When user enters valid email id and clicks on schedule a demo button</span>
      <div>Step skipped
      </div>
              </div>
              <div class="step skip-bg" title="stepDefinitions.ForCorporates.user_validates_schedule_a_demo_button_is_enabled_in_the_health_and_wellness_plans_page()">
                <span>Then user validates schedule a demo button is enabled in the health and wellness plans page</span>
      <div>Step skipped
      </div>
              </div>
          </div>
        </div>
  </div>
  <div class="card">
    <div class="card-header" role="tab">
      <div class="card-title">
        <div class="node" id="196"><span class="badge log fail-bg mr-2">Fail</span>Schedule a demo in health and wellness plans for corporates</div>
      </div>
    </div>
        <div class="">
          <div class="card-body">
              <div class="step pass-bg" title="stepDefinitions.ForCorporates.the_user_navigates_to_practo_page()">
                <span>Given the user navigates to practo page</span>
      <div>
      </div>
              </div>
              <div class="step fail-bg" title="AFTER_STEP">
                <span>stepDefinitions.Hooks.Screenshot(io.cucumber.java.Scenario)</span>
      <div>
        <textarea disabled class="code-block">org.openqa.selenium.NoSuchWindowException: no such window: target window already closed
from unknown error: web view not found
  (Session info: chrome=120.0.6099.130)
Build info: version: '4.17.0', revision: 'e52b1be057*'
System info: os.name: 'Windows 11', os.arch: 'amd64', os.version: '10.0', java.version: '17.0.9'
Driver info: org.openqa.selenium.chrome.ChromeDriver
Command: [7e61f81cc005bd02069a85eefc87bf7d, screenshot {}]
Capabilities {acceptInsecureCerts: false, browserName: chrome, browserVersion: 120.0.6099.130, chrome: {chromedriverVersion: 120.0.6099.109 (3419140ab66..., userDataDir: C:\Windows\SystemTemp\scope...}, fedcm:accounts: true, goog:chromeOptions: {debuggerAddress: localhost:57364}, networkConnectionEnabled: false, pageLoadStrategy: normal, platformName: windows, proxy: Proxy(), se:cdp: ws://localhost:57364/devtoo..., se:cdpVersion: 120.0.6099.130, setWindowRect: true, strictFileInteractability: false, timeouts: {implicit: 0, pageLoad: 300000, script: 30000}, unhandledPromptBehavior: dismiss and notify, webauthn:extension:credBlob: true, webauthn:extension:largeBlob: true, webauthn:extension:minPinLength: true, webauthn:extension:prf: true, webauthn:virtualAuthenticators: true}
Session ID: 7e61f81cc005bd02069a85eefc87bf7d
	at jdk.internal.reflect.GeneratedConstructorAccessor44.newInstance(Unknown Source)
	at java.base/jdk.internal.reflect.DelegatingConstructorAccessorImpl.newInstance(DelegatingConstructorAccessorImpl.java:45)
	at java.base/java.lang.reflect.Constructor.newInstanceWithCaller(Constructor.java:499)
	at java.base/java.lang.reflect.Constructor.newInstance(Constructor.java:480)
	at org.openqa.selenium.remote.codec.w3c.W3CHttpResponseCodec.createException(W3CHttpResponseCodec.java:185)
	at org.openqa.selenium.remote.codec.w3c.W3CHttpResponseCodec.decode(W3CHttpResponseCodec.java:134)
	at org.openqa.selenium.remote.codec.w3c.W3CHttpResponseCodec.decode(W3CHttpResponseCodec.java:51)
	at org.openqa.selenium.remote.HttpCommandExecutor.execute(HttpCommandExecutor.java:190)
	at org.openqa.selenium.remote.service.DriverCommandExecutor.invokeExecute(DriverCommandExecutor.java:216)
	at org.openqa.selenium.remote.service.DriverCommandExecutor.execute(DriverCommandExecutor.java:174)
	at org.openqa.selenium.remote.RemoteWebDriver.execute(RemoteWebDriver.java:519)
	at org.openqa.selenium.remote.RemoteWebDriver.execute(RemoteWebDriver.java:592)
	at org.openqa.selenium.remote.RemoteWebDriver.execute(RemoteWebDriver.java:596)
	at org.openqa.selenium.remote.RemoteWebDriver.getScreenshotAs(RemoteWebDriver.java:322)
	at stepDefinitions.Hooks.Screenshot(Hooks.java:33)
</textarea>
      
      </div>
              </div>
              <div class="step skip-bg" title="stepDefinitions.ForCorporates.user_validates_the_thank_you_message_is_displayed()">
                <span>Then user validates the Thank you message is displayed</span>
      <div>Step skipped
      </div>
              </div>
              <div class="step skip-bg" title="stepDefinitions.ForCorporates.user_takes_a_screenshot_of_thank_you_message()">
                <span>Then user takes a screenshot of thank you message</span>
      <div>Step skipped
      </div>
              </div>
          </div>
        </div>
  </div>
</div>
          </div>
        </li>
        <li class="test-item"  status="fail" test-id="203"
          author=""
          tag=""
          device="">
          <div class="test-detail">
            <p class="name">All tests</p>
            <p class="text-sm">
              <span>12:14:21 AM</span> / <span>00:00:00:352</span>
              <span class="badge fail-bg log float-right">Fail</span>
            </p>
          </div>
          <div class="test-contents d-none">
<div class="detail-head">
<div class="p-v-10">
<div class="info">
<h5 class="test-status text-fail">All tests</h5>
<span class='badge badge-success'>02.28.2024 12:14:21 AM</span>
<span class='badge badge-danger'>02.28.2024 12:14:22 AM</span>
<span class='badge badge-default'>00:00:00:352</span>
&middot; <span class='uri-anchor badge badge-default'>#test-id=203</span>
<span title='Skip to the next failed step' class='badge badge-danger pointer float-right ne ml-1'><i class="fa fa-fast-forward"></i></span>
<span title='Collapse all nodes' class='badge badge-default pointer float-right ct ml-1'><i class="fa fa-compress"></i></span>
<span title='Expand all nodes' class='badge badge-default pointer float-right et'><i class="fa fa-expand"></i></span>
</div>
<div class="m-t-10 m-l-5"></div>
</div>
</div>
<div class="accordion mt-4">
  <div class="card">
    <div class="card-header" role="tab">
      <div class="card-title">
        <div class="node" id="204"><span class="badge log fail-bg mr-2">Fail</span>User searches for practo homepage</div>
      </div>
    </div>
        <div class="">
          <div class="card-body">
              <div class="step pass-bg" title="stepDefinitions.searchDoctorsteps.the_user_navigates_to_practo_com()">
                <span>Given the user navigates to practo com</span>
      <div>
      </div>
              </div>
              <div class="step fail-bg" title="AFTER_STEP">
                <span>stepDefinitions.Hooks.Screenshot(io.cucumber.java.Scenario)</span>
      <div>
        <textarea disabled class="code-block">org.openqa.selenium.NoSuchWindowException: no such window: target window already closed
from unknown error: web view not found
  (Session info: chrome=120.0.6099.130)
Build info: version: '4.17.0', revision: 'e52b1be057*'
System info: os.name: 'Windows 11', os.arch: 'amd64', os.version: '10.0', java.version: '17.0.9'
Driver info: org.openqa.selenium.chrome.ChromeDriver
Command: [7e61f81cc005bd02069a85eefc87bf7d, screenshot {}]
Capabilities {acceptInsecureCerts: false, browserName: chrome, browserVersion: 120.0.6099.130, chrome: {chromedriverVersion: 120.0.6099.109 (3419140ab66..., userDataDir: C:\Windows\SystemTemp\scope...}, fedcm:accounts: true, goog:chromeOptions: {debuggerAddress: localhost:57364}, networkConnectionEnabled: false, pageLoadStrategy: normal, platformName: windows, proxy: Proxy(), se:cdp: ws://localhost:57364/devtoo..., se:cdpVersion: 120.0.6099.130, setWindowRect: true, strictFileInteractability: false, timeouts: {implicit: 0, pageLoad: 300000, script: 30000}, unhandledPromptBehavior: dismiss and notify, webauthn:extension:credBlob: true, webauthn:extension:largeBlob: true, webauthn:extension:minPinLength: true, webauthn:extension:prf: true, webauthn:virtualAuthenticators: true}
Session ID: 7e61f81cc005bd02069a85eefc87bf7d
	at jdk.internal.reflect.GeneratedConstructorAccessor44.newInstance(Unknown Source)
	at java.base/jdk.internal.reflect.DelegatingConstructorAccessorImpl.newInstance(DelegatingConstructorAccessorImpl.java:45)
	at java.base/java.lang.reflect.Constructor.newInstanceWithCaller(Constructor.java:499)
	at java.base/java.lang.reflect.Constructor.newInstance(Constructor.java:480)
	at org.openqa.selenium.remote.codec.w3c.W3CHttpResponseCodec.createException(W3CHttpResponseCodec.java:185)
	at org.openqa.selenium.remote.codec.w3c.W3CHttpResponseCodec.decode(W3CHttpResponseCodec.java:134)
	at org.openqa.selenium.remote.codec.w3c.W3CHttpResponseCodec.decode(W3CHttpResponseCodec.java:51)
	at org.openqa.selenium.remote.HttpCommandExecutor.execute(HttpCommandExecutor.java:190)
	at org.openqa.selenium.remote.service.DriverCommandExecutor.invokeExecute(DriverCommandExecutor.java:216)
	at org.openqa.selenium.remote.service.DriverCommandExecutor.execute(DriverCommandExecutor.java:174)
	at org.openqa.selenium.remote.RemoteWebDriver.execute(RemoteWebDriver.java:519)
	at org.openqa.selenium.remote.RemoteWebDriver.execute(RemoteWebDriver.java:592)
	at org.openqa.selenium.remote.RemoteWebDriver.execute(RemoteWebDriver.java:596)
	at org.openqa.selenium.remote.RemoteWebDriver.getScreenshotAs(RemoteWebDriver.java:322)
	at stepDefinitions.Hooks.Screenshot(Hooks.java:33)
</textarea>
      
      </div>
              </div>
              <div class="step skip-bg" title="stepDefinitions.searchDoctorsteps.the_user_validates_the_homepage_title()">
                <span>When the user validates the HomepageTitle</span>
      <div>Step skipped
      </div>
              </div>
          </div>
        </div>
  </div>
  <div class="card">
    <div class="card-header" role="tab">
      <div class="card-title">
        <div class="node" id="209"><span class="badge log fail-bg mr-2">Fail</span>User searches for clicks Find doctors</div>
      </div>
    </div>
        <div class="">
          <div class="card-body">
              <div class="step pass-bg" title="stepDefinitions.searchDoctorsteps.the_user_navigates_to_practo_com()">
                <span>Given the user navigates to practo com</span>
      <div>
      </div>
              </div>
              <div class="step fail-bg" title="AFTER_STEP">
                <span>stepDefinitions.Hooks.Screenshot(io.cucumber.java.Scenario)</span>
      <div>
        <textarea disabled class="code-block">org.openqa.selenium.NoSuchWindowException: no such window: target window already closed
from unknown error: web view not found
  (Session info: chrome=120.0.6099.130)
Build info: version: '4.17.0', revision: 'e52b1be057*'
System info: os.name: 'Windows 11', os.arch: 'amd64', os.version: '10.0', java.version: '17.0.9'
Driver info: org.openqa.selenium.chrome.ChromeDriver
Command: [7e61f81cc005bd02069a85eefc87bf7d, screenshot {}]
Capabilities {acceptInsecureCerts: false, browserName: chrome, browserVersion: 120.0.6099.130, chrome: {chromedriverVersion: 120.0.6099.109 (3419140ab66..., userDataDir: C:\Windows\SystemTemp\scope...}, fedcm:accounts: true, goog:chromeOptions: {debuggerAddress: localhost:57364}, networkConnectionEnabled: false, pageLoadStrategy: normal, platformName: windows, proxy: Proxy(), se:cdp: ws://localhost:57364/devtoo..., se:cdpVersion: 120.0.6099.130, setWindowRect: true, strictFileInteractability: false, timeouts: {implicit: 0, pageLoad: 300000, script: 30000}, unhandledPromptBehavior: dismiss and notify, webauthn:extension:credBlob: true, webauthn:extension:largeBlob: true, webauthn:extension:minPinLength: true, webauthn:extension:prf: true, webauthn:virtualAuthenticators: true}
Session ID: 7e61f81cc005bd02069a85eefc87bf7d
	at jdk.internal.reflect.GeneratedConstructorAccessor44.newInstance(Unknown Source)
	at java.base/jdk.internal.reflect.DelegatingConstructorAccessorImpl.newInstance(DelegatingConstructorAccessorImpl.java:45)
	at java.base/java.lang.reflect.Constructor.newInstanceWithCaller(Constructor.java:499)
	at java.base/java.lang.reflect.Constructor.newInstance(Constructor.java:480)
	at org.openqa.selenium.remote.codec.w3c.W3CHttpResponseCodec.createException(W3CHttpResponseCodec.java:185)
	at org.openqa.selenium.remote.codec.w3c.W3CHttpResponseCodec.decode(W3CHttpResponseCodec.java:134)
	at org.openqa.selenium.remote.codec.w3c.W3CHttpResponseCodec.decode(W3CHttpResponseCodec.java:51)
	at org.openqa.selenium.remote.HttpCommandExecutor.execute(HttpCommandExecutor.java:190)
	at org.openqa.selenium.remote.service.DriverCommandExecutor.invokeExecute(DriverCommandExecutor.java:216)
	at org.openqa.selenium.remote.service.DriverCommandExecutor.execute(DriverCommandExecutor.java:174)
	at org.openqa.selenium.remote.RemoteWebDriver.execute(RemoteWebDriver.java:519)
	at org.openqa.selenium.remote.RemoteWebDriver.execute(RemoteWebDriver.java:592)
	at org.openqa.selenium.remote.RemoteWebDriver.execute(RemoteWebDriver.java:596)
	at org.openqa.selenium.remote.RemoteWebDriver.getScreenshotAs(RemoteWebDriver.java:322)
	at stepDefinitions.Hooks.Screenshot(Hooks.java:33)
</textarea>
      
      </div>
              </div>
              <div class="step skip-bg" title="stepDefinitions.searchDoctorsteps.the_user_navigates_to_the_find_doctors_page()">
                <span>Then the user Navigates to the Find Doctors page</span>
      <div>Step skipped
      </div>
              </div>
          </div>
        </div>
  </div>
  <div class="card">
    <div class="card-header" role="tab">
      <div class="card-title">
        <div class="node" id="214"><span class="badge log fail-bg mr-2">Fail</span>User searches for doctors by choosing city</div>
      </div>
    </div>
        <div class="">
          <div class="card-body">
              <div class="step pass-bg" title="stepDefinitions.searchDoctorsteps.the_user_navigates_to_practo_com()">
                <span>Given the user navigates to practo com</span>
      <div>
      </div>
              </div>
              <div class="step fail-bg" title="AFTER_STEP">
                <span>stepDefinitions.Hooks.Screenshot(io.cucumber.java.Scenario)</span>
      <div>
        <textarea disabled class="code-block">org.openqa.selenium.NoSuchWindowException: no such window: target window already closed
from unknown error: web view not found
  (Session info: chrome=120.0.6099.130)
Build info: version: '4.17.0', revision: 'e52b1be057*'
System info: os.name: 'Windows 11', os.arch: 'amd64', os.version: '10.0', java.version: '17.0.9'
Driver info: org.openqa.selenium.chrome.ChromeDriver
Command: [7e61f81cc005bd02069a85eefc87bf7d, screenshot {}]
Capabilities {acceptInsecureCerts: false, browserName: chrome, browserVersion: 120.0.6099.130, chrome: {chromedriverVersion: 120.0.6099.109 (3419140ab66..., userDataDir: C:\Windows\SystemTemp\scope...}, fedcm:accounts: true, goog:chromeOptions: {debuggerAddress: localhost:57364}, networkConnectionEnabled: false, pageLoadStrategy: normal, platformName: windows, proxy: Proxy(), se:cdp: ws://localhost:57364/devtoo..., se:cdpVersion: 120.0.6099.130, setWindowRect: true, strictFileInteractability: false, timeouts: {implicit: 0, pageLoad: 300000, script: 30000}, unhandledPromptBehavior: dismiss and notify, webauthn:extension:credBlob: true, webauthn:extension:largeBlob: true, webauthn:extension:minPinLength: true, webauthn:extension:prf: true, webauthn:virtualAuthenticators: true}
Session ID: 7e61f81cc005bd02069a85eefc87bf7d
	at jdk.internal.reflect.GeneratedConstructorAccessor44.newInstance(Unknown Source)
	at java.base/jdk.internal.reflect.DelegatingConstructorAccessorImpl.newInstance(DelegatingConstructorAccessorImpl.java:45)
	at java.base/java.lang.reflect.Constructor.newInstanceWithCaller(Constructor.java:499)
	at java.base/java.lang.reflect.Constructor.newInstance(Constructor.java:480)
	at org.openqa.selenium.remote.codec.w3c.W3CHttpResponseCodec.createException(W3CHttpResponseCodec.java:185)
	at org.openqa.selenium.remote.codec.w3c.W3CHttpResponseCodec.decode(W3CHttpResponseCodec.java:134)
	at org.openqa.selenium.remote.codec.w3c.W3CHttpResponseCodec.decode(W3CHttpResponseCodec.java:51)
	at org.openqa.selenium.remote.HttpCommandExecutor.execute(HttpCommandExecutor.java:190)
	at org.openqa.selenium.remote.service.DriverCommandExecutor.invokeExecute(DriverCommandExecutor.java:216)
	at org.openqa.selenium.remote.service.DriverCommandExecutor.execute(DriverCommandExecutor.java:174)
	at org.openqa.selenium.remote.RemoteWebDriver.execute(RemoteWebDriver.java:519)
	at org.openqa.selenium.remote.RemoteWebDriver.execute(RemoteWebDriver.java:592)
	at org.openqa.selenium.remote.RemoteWebDriver.execute(RemoteWebDriver.java:596)
	at org.openqa.selenium.remote.RemoteWebDriver.getScreenshotAs(RemoteWebDriver.java:322)
	at stepDefinitions.Hooks.Screenshot(Hooks.java:33)
</textarea>
      
      </div>
              </div>
              <div class="step skip-bg" title="stepDefinitions.searchDoctorsteps.the_user_selects_the_city_chennai()">
                <span>Then the user selects the city Chennai</span>
      <div>Step skipped
      </div>
              </div>
          </div>
        </div>
  </div>
  <div class="card">
    <div class="card-header" role="tab">
      <div class="card-title">
        <div class="node" id="219"><span class="badge log fail-bg mr-2">Fail</span>User searches for doctors with specific criteria</div>
      </div>
    </div>
        <div class="">
          <div class="card-body">
              <div class="step pass-bg" title="stepDefinitions.searchDoctorsteps.the_user_navigates_to_practo_com()">
                <span>Given the user navigates to practo com</span>
      <div>
      </div>
              </div>
              <div class="step fail-bg" title="AFTER_STEP">
                <span>stepDefinitions.Hooks.Screenshot(io.cucumber.java.Scenario)</span>
      <div>
        <textarea disabled class="code-block">org.openqa.selenium.NoSuchWindowException: no such window: target window already closed
from unknown error: web view not found
  (Session info: chrome=120.0.6099.130)
Build info: version: '4.17.0', revision: 'e52b1be057*'
System info: os.name: 'Windows 11', os.arch: 'amd64', os.version: '10.0', java.version: '17.0.9'
Driver info: org.openqa.selenium.chrome.ChromeDriver
Command: [7e61f81cc005bd02069a85eefc87bf7d, screenshot {}]
Capabilities {acceptInsecureCerts: false, browserName: chrome, browserVersion: 120.0.6099.130, chrome: {chromedriverVersion: 120.0.6099.109 (3419140ab66..., userDataDir: C:\Windows\SystemTemp\scope...}, fedcm:accounts: true, goog:chromeOptions: {debuggerAddress: localhost:57364}, networkConnectionEnabled: false, pageLoadStrategy: normal, platformName: windows, proxy: Proxy(), se:cdp: ws://localhost:57364/devtoo..., se:cdpVersion: 120.0.6099.130, setWindowRect: true, strictFileInteractability: false, timeouts: {implicit: 0, pageLoad: 300000, script: 30000}, unhandledPromptBehavior: dismiss and notify, webauthn:extension:credBlob: true, webauthn:extension:largeBlob: true, webauthn:extension:minPinLength: true, webauthn:extension:prf: true, webauthn:virtualAuthenticators: true}
Session ID: 7e61f81cc005bd02069a85eefc87bf7d
	at jdk.internal.reflect.GeneratedConstructorAccessor44.newInstance(Unknown Source)
	at java.base/jdk.internal.reflect.DelegatingConstructorAccessorImpl.newInstance(DelegatingConstructorAccessorImpl.java:45)
	at java.base/java.lang.reflect.Constructor.newInstanceWithCaller(Constructor.java:499)
	at java.base/java.lang.reflect.Constructor.newInstance(Constructor.java:480)
	at org.openqa.selenium.remote.codec.w3c.W3CHttpResponseCodec.createException(W3CHttpResponseCodec.java:185)
	at org.openqa.selenium.remote.codec.w3c.W3CHttpResponseCodec.decode(W3CHttpResponseCodec.java:134)
	at org.openqa.selenium.remote.codec.w3c.W3CHttpResponseCodec.decode(W3CHttpResponseCodec.java:51)
	at org.openqa.selenium.remote.HttpCommandExecutor.execute(HttpCommandExecutor.java:190)
	at org.openqa.selenium.remote.service.DriverCommandExecutor.invokeExecute(DriverCommandExecutor.java:216)
	at org.openqa.selenium.remote.service.DriverCommandExecutor.execute(DriverCommandExecutor.java:174)
	at org.openqa.selenium.remote.RemoteWebDriver.execute(RemoteWebDriver.java:519)
	at org.openqa.selenium.remote.RemoteWebDriver.execute(RemoteWebDriver.java:592)
	at org.openqa.selenium.remote.RemoteWebDriver.execute(RemoteWebDriver.java:596)
	at org.openqa.selenium.remote.RemoteWebDriver.getScreenshotAs(RemoteWebDriver.java:322)
	at stepDefinitions.Hooks.Screenshot(Hooks.java:33)
</textarea>
      
      </div>
              </div>
              <div class="step skip-bg" title="stepDefinitions.searchDoctorsteps.filters_the_search_by_dentist()">
                <span>And filters the search by Dentist</span>
      <div>Step skipped
      </div>
              </div>
          </div>
        </div>
  </div>
  <div class="card">
    <div class="card-header" role="tab">
      <div class="card-title">
        <div class="node" id="224"><span class="badge log fail-bg mr-2">Fail</span>User filters the search by applying filters on gender</div>
      </div>
    </div>
        <div class="">
          <div class="card-body">
              <div class="step pass-bg" title="stepDefinitions.searchDoctorsteps.the_user_navigates_to_practo_com()">
                <span>Given the user navigates to practo com</span>
      <div>
      </div>
              </div>
              <div class="step fail-bg" title="AFTER_STEP">
                <span>stepDefinitions.Hooks.Screenshot(io.cucumber.java.Scenario)</span>
      <div>
        <textarea disabled class="code-block">org.openqa.selenium.NoSuchWindowException: no such window: target window already closed
from unknown error: web view not found
  (Session info: chrome=120.0.6099.130)
Build info: version: '4.17.0', revision: 'e52b1be057*'
System info: os.name: 'Windows 11', os.arch: 'amd64', os.version: '10.0', java.version: '17.0.9'
Driver info: org.openqa.selenium.chrome.ChromeDriver
Command: [7e61f81cc005bd02069a85eefc87bf7d, screenshot {}]
Capabilities {acceptInsecureCerts: false, browserName: chrome, browserVersion: 120.0.6099.130, chrome: {chromedriverVersion: 120.0.6099.109 (3419140ab66..., userDataDir: C:\Windows\SystemTemp\scope...}, fedcm:accounts: true, goog:chromeOptions: {debuggerAddress: localhost:57364}, networkConnectionEnabled: false, pageLoadStrategy: normal, platformName: windows, proxy: Proxy(), se:cdp: ws://localhost:57364/devtoo..., se:cdpVersion: 120.0.6099.130, setWindowRect: true, strictFileInteractability: false, timeouts: {implicit: 0, pageLoad: 300000, script: 30000}, unhandledPromptBehavior: dismiss and notify, webauthn:extension:credBlob: true, webauthn:extension:largeBlob: true, webauthn:extension:minPinLength: true, webauthn:extension:prf: true, webauthn:virtualAuthenticators: true}
Session ID: 7e61f81cc005bd02069a85eefc87bf7d
	at jdk.internal.reflect.GeneratedConstructorAccessor44.newInstance(Unknown Source)
	at java.base/jdk.internal.reflect.DelegatingConstructorAccessorImpl.newInstance(DelegatingConstructorAccessorImpl.java:45)
	at java.base/java.lang.reflect.Constructor.newInstanceWithCaller(Constructor.java:499)
	at java.base/java.lang.reflect.Constructor.newInstance(Constructor.java:480)
	at org.openqa.selenium.remote.codec.w3c.W3CHttpResponseCodec.createException(W3CHttpResponseCodec.java:185)
	at org.openqa.selenium.remote.codec.w3c.W3CHttpResponseCodec.decode(W3CHttpResponseCodec.java:134)
	at org.openqa.selenium.remote.codec.w3c.W3CHttpResponseCodec.decode(W3CHttpResponseCodec.java:51)
	at org.openqa.selenium.remote.HttpCommandExecutor.execute(HttpCommandExecutor.java:190)
	at org.openqa.selenium.remote.service.DriverCommandExecutor.invokeExecute(DriverCommandExecutor.java:216)
	at org.openqa.selenium.remote.service.DriverCommandExecutor.execute(DriverCommandExecutor.java:174)
	at org.openqa.selenium.remote.RemoteWebDriver.execute(RemoteWebDriver.java:519)
	at org.openqa.selenium.remote.RemoteWebDriver.execute(RemoteWebDriver.java:592)
	at org.openqa.selenium.remote.RemoteWebDriver.execute(RemoteWebDriver.java:596)
	at org.openqa.selenium.remote.RemoteWebDriver.getScreenshotAs(RemoteWebDriver.java:322)
	at stepDefinitions.Hooks.Screenshot(Hooks.java:33)
</textarea>
      
      </div>
              </div>
              <div class="step skip-bg" title="stepDefinitions.searchDoctorsteps.the_user_applies_filters_for_gender()">
                <span>When the user applies filters for Gender</span>
      <div>Step skipped
      </div>
              </div>
          </div>
        </div>
  </div>
  <div class="card">
    <div class="card-header" role="tab">
      <div class="card-title">
        <div class="node" id="229"><span class="badge log fail-bg mr-2">Fail</span>User filters the search by applying filters on patient stories</div>
      </div>
    </div>
        <div class="">
          <div class="card-body">
              <div class="step pass-bg" title="stepDefinitions.searchDoctorsteps.the_user_navigates_to_practo_com()">
                <span>Given the user navigates to practo com</span>
      <div>
      </div>
              </div>
              <div class="step fail-bg" title="AFTER_STEP">
                <span>stepDefinitions.Hooks.Screenshot(io.cucumber.java.Scenario)</span>
      <div>
        <textarea disabled class="code-block">org.openqa.selenium.NoSuchWindowException: no such window: target window already closed
from unknown error: web view not found
  (Session info: chrome=120.0.6099.130)
Build info: version: '4.17.0', revision: 'e52b1be057*'
System info: os.name: 'Windows 11', os.arch: 'amd64', os.version: '10.0', java.version: '17.0.9'
Driver info: org.openqa.selenium.chrome.ChromeDriver
Command: [7e61f81cc005bd02069a85eefc87bf7d, screenshot {}]
Capabilities {acceptInsecureCerts: false, browserName: chrome, browserVersion: 120.0.6099.130, chrome: {chromedriverVersion: 120.0.6099.109 (3419140ab66..., userDataDir: C:\Windows\SystemTemp\scope...}, fedcm:accounts: true, goog:chromeOptions: {debuggerAddress: localhost:57364}, networkConnectionEnabled: false, pageLoadStrategy: normal, platformName: windows, proxy: Proxy(), se:cdp: ws://localhost:57364/devtoo..., se:cdpVersion: 120.0.6099.130, setWindowRect: true, strictFileInteractability: false, timeouts: {implicit: 0, pageLoad: 300000, script: 30000}, unhandledPromptBehavior: dismiss and notify, webauthn:extension:credBlob: true, webauthn:extension:largeBlob: true, webauthn:extension:minPinLength: true, webauthn:extension:prf: true, webauthn:virtualAuthenticators: true}
Session ID: 7e61f81cc005bd02069a85eefc87bf7d
	at jdk.internal.reflect.GeneratedConstructorAccessor44.newInstance(Unknown Source)
	at java.base/jdk.internal.reflect.DelegatingConstructorAccessorImpl.newInstance(DelegatingConstructorAccessorImpl.java:45)
	at java.base/java.lang.reflect.Constructor.newInstanceWithCaller(Constructor.java:499)
	at java.base/java.lang.reflect.Constructor.newInstance(Constructor.java:480)
	at org.openqa.selenium.remote.codec.w3c.W3CHttpResponseCodec.createException(W3CHttpResponseCodec.java:185)
	at org.openqa.selenium.remote.codec.w3c.W3CHttpResponseCodec.decode(W3CHttpResponseCodec.java:134)
	at org.openqa.selenium.remote.codec.w3c.W3CHttpResponseCodec.decode(W3CHttpResponseCodec.java:51)
	at org.openqa.selenium.remote.HttpCommandExecutor.execute(HttpCommandExecutor.java:190)
	at org.openqa.selenium.remote.service.DriverCommandExecutor.invokeExecute(DriverCommandExecutor.java:216)
	at org.openqa.selenium.remote.service.DriverCommandExecutor.execute(DriverCommandExecutor.java:174)
	at org.openqa.selenium.remote.RemoteWebDriver.execute(RemoteWebDriver.java:519)
	at org.openqa.selenium.remote.RemoteWebDriver.execute(RemoteWebDriver.java:592)
	at org.openqa.selenium.remote.RemoteWebDriver.execute(RemoteWebDriver.java:596)
	at org.openqa.selenium.remote.RemoteWebDriver.getScreenshotAs(RemoteWebDriver.java:322)
	at stepDefinitions.Hooks.Screenshot(Hooks.java:33)
</textarea>
      
      </div>
              </div>
              <div class="step skip-bg" title="stepDefinitions.searchDoctorsteps.the_user_applies_filters_for_patient_stories()">
                <span>When the user applies filters for patient stories</span>
      <div>Step skipped
      </div>
              </div>
          </div>
        </div>
  </div>
  <div class="card">
    <div class="card-header" role="tab">
      <div class="card-title">
        <div class="node" id="234"><span class="badge log fail-bg mr-2">Fail</span>User filters the search by applying filters on experiences</div>
      </div>
    </div>
        <div class="">
          <div class="card-body">
              <div class="step pass-bg" title="stepDefinitions.searchDoctorsteps.the_user_navigates_to_practo_com()">
                <span>Given the user navigates to practo com</span>
      <div>
      </div>
              </div>
              <div class="step fail-bg" title="AFTER_STEP">
                <span>stepDefinitions.Hooks.Screenshot(io.cucumber.java.Scenario)</span>
      <div>
        <textarea disabled class="code-block">org.openqa.selenium.NoSuchWindowException: no such window: target window already closed
from unknown error: web view not found
  (Session info: chrome=120.0.6099.130)
Build info: version: '4.17.0', revision: 'e52b1be057*'
System info: os.name: 'Windows 11', os.arch: 'amd64', os.version: '10.0', java.version: '17.0.9'
Driver info: org.openqa.selenium.chrome.ChromeDriver
Command: [7e61f81cc005bd02069a85eefc87bf7d, screenshot {}]
Capabilities {acceptInsecureCerts: false, browserName: chrome, browserVersion: 120.0.6099.130, chrome: {chromedriverVersion: 120.0.6099.109 (3419140ab66..., userDataDir: C:\Windows\SystemTemp\scope...}, fedcm:accounts: true, goog:chromeOptions: {debuggerAddress: localhost:57364}, networkConnectionEnabled: false, pageLoadStrategy: normal, platformName: windows, proxy: Proxy(), se:cdp: ws://localhost:57364/devtoo..., se:cdpVersion: 120.0.6099.130, setWindowRect: true, strictFileInteractability: false, timeouts: {implicit: 0, pageLoad: 300000, script: 30000}, unhandledPromptBehavior: dismiss and notify, webauthn:extension:credBlob: true, webauthn:extension:largeBlob: true, webauthn:extension:minPinLength: true, webauthn:extension:prf: true, webauthn:virtualAuthenticators: true}
Session ID: 7e61f81cc005bd02069a85eefc87bf7d
	at jdk.internal.reflect.GeneratedConstructorAccessor44.newInstance(Unknown Source)
	at java.base/jdk.internal.reflect.DelegatingConstructorAccessorImpl.newInstance(DelegatingConstructorAccessorImpl.java:45)
	at java.base/java.lang.reflect.Constructor.newInstanceWithCaller(Constructor.java:499)
	at java.base/java.lang.reflect.Constructor.newInstance(Constructor.java:480)
	at org.openqa.selenium.remote.codec.w3c.W3CHttpResponseCodec.createException(W3CHttpResponseCodec.java:185)
	at org.openqa.selenium.remote.codec.w3c.W3CHttpResponseCodec.decode(W3CHttpResponseCodec.java:134)
	at org.openqa.selenium.remote.codec.w3c.W3CHttpResponseCodec.decode(W3CHttpResponseCodec.java:51)
	at org.openqa.selenium.remote.HttpCommandExecutor.execute(HttpCommandExecutor.java:190)
	at org.openqa.selenium.remote.service.DriverCommandExecutor.invokeExecute(DriverCommandExecutor.java:216)
	at org.openqa.selenium.remote.service.DriverCommandExecutor.execute(DriverCommandExecutor.java:174)
	at org.openqa.selenium.remote.RemoteWebDriver.execute(RemoteWebDriver.java:519)
	at org.openqa.selenium.remote.RemoteWebDriver.execute(RemoteWebDriver.java:592)
	at org.openqa.selenium.remote.RemoteWebDriver.execute(RemoteWebDriver.java:596)
	at org.openqa.selenium.remote.RemoteWebDriver.getScreenshotAs(RemoteWebDriver.java:322)
	at stepDefinitions.Hooks.Screenshot(Hooks.java:33)
</textarea>
      
      </div>
              </div>
              <div class="step skip-bg" title="stepDefinitions.searchDoctorsteps.the_user_applies_filters_for_experiences()">
                <span>When the user applies filters for experiences</span>
      <div>Step skipped
      </div>
              </div>
          </div>
        </div>
  </div>
  <div class="card">
    <div class="card-header" role="tab">
      <div class="card-title">
        <div class="node" id="239"><span class="badge log fail-bg mr-2">Fail</span>User filters the search by applying filters on fees</div>
      </div>
    </div>
        <div class="">
          <div class="card-body">
              <div class="step pass-bg" title="stepDefinitions.searchDoctorsteps.the_user_navigates_to_practo_com()">
                <span>Given the user navigates to practo com</span>
      <div>
      </div>
              </div>
              <div class="step fail-bg" title="AFTER_STEP">
                <span>stepDefinitions.Hooks.Screenshot(io.cucumber.java.Scenario)</span>
      <div>
        <textarea disabled class="code-block">org.openqa.selenium.NoSuchWindowException: no such window: target window already closed
from unknown error: web view not found
  (Session info: chrome=120.0.6099.130)
Build info: version: '4.17.0', revision: 'e52b1be057*'
System info: os.name: 'Windows 11', os.arch: 'amd64', os.version: '10.0', java.version: '17.0.9'
Driver info: org.openqa.selenium.chrome.ChromeDriver
Command: [7e61f81cc005bd02069a85eefc87bf7d, screenshot {}]
Capabilities {acceptInsecureCerts: false, browserName: chrome, browserVersion: 120.0.6099.130, chrome: {chromedriverVersion: 120.0.6099.109 (3419140ab66..., userDataDir: C:\Windows\SystemTemp\scope...}, fedcm:accounts: true, goog:chromeOptions: {debuggerAddress: localhost:57364}, networkConnectionEnabled: false, pageLoadStrategy: normal, platformName: windows, proxy: Proxy(), se:cdp: ws://localhost:57364/devtoo..., se:cdpVersion: 120.0.6099.130, setWindowRect: true, strictFileInteractability: false, timeouts: {implicit: 0, pageLoad: 300000, script: 30000}, unhandledPromptBehavior: dismiss and notify, webauthn:extension:credBlob: true, webauthn:extension:largeBlob: true, webauthn:extension:minPinLength: true, webauthn:extension:prf: true, webauthn:virtualAuthenticators: true}
Session ID: 7e61f81cc005bd02069a85eefc87bf7d
	at jdk.internal.reflect.GeneratedConstructorAccessor44.newInstance(Unknown Source)
	at java.base/jdk.internal.reflect.DelegatingConstructorAccessorImpl.newInstance(DelegatingConstructorAccessorImpl.java:45)
	at java.base/java.lang.reflect.Constructor.newInstanceWithCaller(Constructor.java:499)
	at java.base/java.lang.reflect.Constructor.newInstance(Constructor.java:480)
	at org.openqa.selenium.remote.codec.w3c.W3CHttpResponseCodec.createException(W3CHttpResponseCodec.java:185)
	at org.openqa.selenium.remote.codec.w3c.W3CHttpResponseCodec.decode(W3CHttpResponseCodec.java:134)
	at org.openqa.selenium.remote.codec.w3c.W3CHttpResponseCodec.decode(W3CHttpResponseCodec.java:51)
	at org.openqa.selenium.remote.HttpCommandExecutor.execute(HttpCommandExecutor.java:190)
	at org.openqa.selenium.remote.service.DriverCommandExecutor.invokeExecute(DriverCommandExecutor.java:216)
	at org.openqa.selenium.remote.service.DriverCommandExecutor.execute(DriverCommandExecutor.java:174)
	at org.openqa.selenium.remote.RemoteWebDriver.execute(RemoteWebDriver.java:519)
	at org.openqa.selenium.remote.RemoteWebDriver.execute(RemoteWebDriver.java:592)
	at org.openqa.selenium.remote.RemoteWebDriver.execute(RemoteWebDriver.java:596)
	at org.openqa.selenium.remote.RemoteWebDriver.getScreenshotAs(RemoteWebDriver.java:322)
	at stepDefinitions.Hooks.Screenshot(Hooks.java:33)
</textarea>
      
      </div>
              </div>
              <div class="step skip-bg" title="stepDefinitions.searchDoctorsteps.the_user_applies_filters_for_fees()">
                <span>When the user applies filters for fees</span>
      <div>Step skipped
      </div>
              </div>
          </div>
        </div>
  </div>
  <div class="card">
    <div class="card-header" role="tab">
      <div class="card-title">
        <div class="node" id="244"><span class="badge log fail-bg mr-2">Fail</span>User filters the search by applying filters on availability</div>
      </div>
    </div>
        <div class="">
          <div class="card-body">
              <div class="step pass-bg" title="stepDefinitions.searchDoctorsteps.the_user_navigates_to_practo_com()">
                <span>Given the user navigates to practo com</span>
      <div>
      </div>
              </div>
              <div class="step fail-bg" title="AFTER_STEP">
                <span>stepDefinitions.Hooks.Screenshot(io.cucumber.java.Scenario)</span>
      <div>
        <textarea disabled class="code-block">org.openqa.selenium.NoSuchWindowException: no such window: target window already closed
from unknown error: web view not found
  (Session info: chrome=120.0.6099.130)
Build info: version: '4.17.0', revision: 'e52b1be057*'
System info: os.name: 'Windows 11', os.arch: 'amd64', os.version: '10.0', java.version: '17.0.9'
Driver info: org.openqa.selenium.chrome.ChromeDriver
Command: [7e61f81cc005bd02069a85eefc87bf7d, screenshot {}]
Capabilities {acceptInsecureCerts: false, browserName: chrome, browserVersion: 120.0.6099.130, chrome: {chromedriverVersion: 120.0.6099.109 (3419140ab66..., userDataDir: C:\Windows\SystemTemp\scope...}, fedcm:accounts: true, goog:chromeOptions: {debuggerAddress: localhost:57364}, networkConnectionEnabled: false, pageLoadStrategy: normal, platformName: windows, proxy: Proxy(), se:cdp: ws://localhost:57364/devtoo..., se:cdpVersion: 120.0.6099.130, setWindowRect: true, strictFileInteractability: false, timeouts: {implicit: 0, pageLoad: 300000, script: 30000}, unhandledPromptBehavior: dismiss and notify, webauthn:extension:credBlob: true, webauthn:extension:largeBlob: true, webauthn:extension:minPinLength: true, webauthn:extension:prf: true, webauthn:virtualAuthenticators: true}
Session ID: 7e61f81cc005bd02069a85eefc87bf7d
	at jdk.internal.reflect.GeneratedConstructorAccessor44.newInstance(Unknown Source)
	at java.base/jdk.internal.reflect.DelegatingConstructorAccessorImpl.newInstance(DelegatingConstructorAccessorImpl.java:45)
	at java.base/java.lang.reflect.Constructor.newInstanceWithCaller(Constructor.java:499)
	at java.base/java.lang.reflect.Constructor.newInstance(Constructor.java:480)
	at org.openqa.selenium.remote.codec.w3c.W3CHttpResponseCodec.createException(W3CHttpResponseCodec.java:185)
	at org.openqa.selenium.remote.codec.w3c.W3CHttpResponseCodec.decode(W3CHttpResponseCodec.java:134)
	at org.openqa.selenium.remote.codec.w3c.W3CHttpResponseCodec.decode(W3CHttpResponseCodec.java:51)
	at org.openqa.selenium.remote.HttpCommandExecutor.execute(HttpCommandExecutor.java:190)
	at org.openqa.selenium.remote.service.DriverCommandExecutor.invokeExecute(DriverCommandExecutor.java:216)
	at org.openqa.selenium.remote.service.DriverCommandExecutor.execute(DriverCommandExecutor.java:174)
	at org.openqa.selenium.remote.RemoteWebDriver.execute(RemoteWebDriver.java:519)
	at org.openqa.selenium.remote.RemoteWebDriver.execute(RemoteWebDriver.java:592)
	at org.openqa.selenium.remote.RemoteWebDriver.execute(RemoteWebDriver.java:596)
	at org.openqa.selenium.remote.RemoteWebDriver.getScreenshotAs(RemoteWebDriver.java:322)
	at stepDefinitions.Hooks.Screenshot(Hooks.java:33)
</textarea>
      
      </div>
              </div>
              <div class="step skip-bg" title="stepDefinitions.searchDoctorsteps.the_user_applies_filters_for_availability()">
                <span>When the user applies filters for availability</span>
      <div>Step skipped
      </div>
              </div>
          </div>
        </div>
  </div>
  <div class="card">
    <div class="card-header" role="tab">
      <div class="card-title">
        <div class="node" id="249"><span class="badge log fail-bg mr-2">Fail</span>User sorts the result</div>
      </div>
    </div>
        <div class="">
          <div class="card-body">
              <div class="step pass-bg" title="stepDefinitions.searchDoctorsteps.the_user_navigates_to_practo_com()">
                <span>Given the user navigates to practo com</span>
      <div>
      </div>
              </div>
              <div class="step fail-bg" title="AFTER_STEP">
                <span>stepDefinitions.Hooks.Screenshot(io.cucumber.java.Scenario)</span>
      <div>
        <textarea disabled class="code-block">org.openqa.selenium.NoSuchWindowException: no such window: target window already closed
from unknown error: web view not found
  (Session info: chrome=120.0.6099.130)
Build info: version: '4.17.0', revision: 'e52b1be057*'
System info: os.name: 'Windows 11', os.arch: 'amd64', os.version: '10.0', java.version: '17.0.9'
Driver info: org.openqa.selenium.chrome.ChromeDriver
Command: [7e61f81cc005bd02069a85eefc87bf7d, screenshot {}]
Capabilities {acceptInsecureCerts: false, browserName: chrome, browserVersion: 120.0.6099.130, chrome: {chromedriverVersion: 120.0.6099.109 (3419140ab66..., userDataDir: C:\Windows\SystemTemp\scope...}, fedcm:accounts: true, goog:chromeOptions: {debuggerAddress: localhost:57364}, networkConnectionEnabled: false, pageLoadStrategy: normal, platformName: windows, proxy: Proxy(), se:cdp: ws://localhost:57364/devtoo..., se:cdpVersion: 120.0.6099.130, setWindowRect: true, strictFileInteractability: false, timeouts: {implicit: 0, pageLoad: 300000, script: 30000}, unhandledPromptBehavior: dismiss and notify, webauthn:extension:credBlob: true, webauthn:extension:largeBlob: true, webauthn:extension:minPinLength: true, webauthn:extension:prf: true, webauthn:virtualAuthenticators: true}
Session ID: 7e61f81cc005bd02069a85eefc87bf7d
	at jdk.internal.reflect.GeneratedConstructorAccessor44.newInstance(Unknown Source)
	at java.base/jdk.internal.reflect.DelegatingConstructorAccessorImpl.newInstance(DelegatingConstructorAccessorImpl.java:45)
	at java.base/java.lang.reflect.Constructor.newInstanceWithCaller(Constructor.java:499)
	at java.base/java.lang.reflect.Constructor.newInstance(Constructor.java:480)
	at org.openqa.selenium.remote.codec.w3c.W3CHttpResponseCodec.createException(W3CHttpResponseCodec.java:185)
	at org.openqa.selenium.remote.codec.w3c.W3CHttpResponseCodec.decode(W3CHttpResponseCodec.java:134)
	at org.openqa.selenium.remote.codec.w3c.W3CHttpResponseCodec.decode(W3CHttpResponseCodec.java:51)
	at org.openqa.selenium.remote.HttpCommandExecutor.execute(HttpCommandExecutor.java:190)
	at org.openqa.selenium.remote.service.DriverCommandExecutor.invokeExecute(DriverCommandExecutor.java:216)
	at org.openqa.selenium.remote.service.DriverCommandExecutor.execute(DriverCommandExecutor.java:174)
	at org.openqa.selenium.remote.RemoteWebDriver.execute(RemoteWebDriver.java:519)
	at org.openqa.selenium.remote.RemoteWebDriver.execute(RemoteWebDriver.java:592)
	at org.openqa.selenium.remote.RemoteWebDriver.execute(RemoteWebDriver.java:596)
	at org.openqa.selenium.remote.RemoteWebDriver.getScreenshotAs(RemoteWebDriver.java:322)
	at stepDefinitions.Hooks.Screenshot(Hooks.java:33)
</textarea>
      
      </div>
              </div>
              <div class="step skip-bg" title="stepDefinitions.searchDoctorsteps.sorts_the_result_by_some_criteria()">
                <span>When sorts the result by some criteria</span>
      <div>Step skipped
      </div>
              </div>
          </div>
        </div>
  </div>
  <div class="card">
    <div class="card-header" role="tab">
      <div class="card-title">
        <div class="node" id="254"><span class="badge log fail-bg mr-2">Fail</span>User sees list of doctors</div>
      </div>
    </div>
        <div class="">
          <div class="card-body">
              <div class="step pass-bg" title="stepDefinitions.searchDoctorsteps.the_user_navigates_to_practo_com()">
                <span>Given the user navigates to practo com</span>
      <div>
      </div>
              </div>
              <div class="step fail-bg" title="AFTER_STEP">
                <span>stepDefinitions.Hooks.Screenshot(io.cucumber.java.Scenario)</span>
      <div>
        <textarea disabled class="code-block">org.openqa.selenium.NoSuchWindowException: no such window: target window already closed
from unknown error: web view not found
  (Session info: chrome=120.0.6099.130)
Build info: version: '4.17.0', revision: 'e52b1be057*'
System info: os.name: 'Windows 11', os.arch: 'amd64', os.version: '10.0', java.version: '17.0.9'
Driver info: org.openqa.selenium.chrome.ChromeDriver
Command: [7e61f81cc005bd02069a85eefc87bf7d, screenshot {}]
Capabilities {acceptInsecureCerts: false, browserName: chrome, browserVersion: 120.0.6099.130, chrome: {chromedriverVersion: 120.0.6099.109 (3419140ab66..., userDataDir: C:\Windows\SystemTemp\scope...}, fedcm:accounts: true, goog:chromeOptions: {debuggerAddress: localhost:57364}, networkConnectionEnabled: false, pageLoadStrategy: normal, platformName: windows, proxy: Proxy(), se:cdp: ws://localhost:57364/devtoo..., se:cdpVersion: 120.0.6099.130, setWindowRect: true, strictFileInteractability: false, timeouts: {implicit: 0, pageLoad: 300000, script: 30000}, unhandledPromptBehavior: dismiss and notify, webauthn:extension:credBlob: true, webauthn:extension:largeBlob: true, webauthn:extension:minPinLength: true, webauthn:extension:prf: true, webauthn:virtualAuthenticators: true}
Session ID: 7e61f81cc005bd02069a85eefc87bf7d
	at jdk.internal.reflect.GeneratedConstructorAccessor44.newInstance(Unknown Source)
	at java.base/jdk.internal.reflect.DelegatingConstructorAccessorImpl.newInstance(DelegatingConstructorAccessorImpl.java:45)
	at java.base/java.lang.reflect.Constructor.newInstanceWithCaller(Constructor.java:499)
	at java.base/java.lang.reflect.Constructor.newInstance(Constructor.java:480)
	at org.openqa.selenium.remote.codec.w3c.W3CHttpResponseCodec.createException(W3CHttpResponseCodec.java:185)
	at org.openqa.selenium.remote.codec.w3c.W3CHttpResponseCodec.decode(W3CHttpResponseCodec.java:134)
	at org.openqa.selenium.remote.codec.w3c.W3CHttpResponseCodec.decode(W3CHttpResponseCodec.java:51)
	at org.openqa.selenium.remote.HttpCommandExecutor.execute(HttpCommandExecutor.java:190)
	at org.openqa.selenium.remote.service.DriverCommandExecutor.invokeExecute(DriverCommandExecutor.java:216)
	at org.openqa.selenium.remote.service.DriverCommandExecutor.execute(DriverCommandExecutor.java:174)
	at org.openqa.selenium.remote.RemoteWebDriver.execute(RemoteWebDriver.java:519)
	at org.openqa.selenium.remote.RemoteWebDriver.execute(RemoteWebDriver.java:592)
	at org.openqa.selenium.remote.RemoteWebDriver.execute(RemoteWebDriver.java:596)
	at org.openqa.selenium.remote.RemoteWebDriver.getScreenshotAs(RemoteWebDriver.java:322)
	at stepDefinitions.Hooks.Screenshot(Hooks.java:33)
</textarea>
      
      </div>
              </div>
              <div class="step skip-bg" title="stepDefinitions.searchDoctorsteps.user_sees_list_of_dentists()">
                <span>Then user sees list of dentists</span>
      <div>Step skipped
      </div>
              </div>
          </div>
        </div>
  </div>
  <div class="card">
    <div class="card-header" role="tab">
      <div class="card-title">
        <div class="node" id="259"><span class="badge log fail-bg mr-2">Fail</span>Surgeries Page Navigation in practo website</div>
      </div>
    </div>
        <div class="">
          <div class="card-body">
              <div class="step pass-bg" title="stepDefinitions.ListOfSurgeries.user_navigates_to_the_practo_home_page()">
                <span>Given user navigates to the practo home page</span>
      <div>
      </div>
              </div>
              <div class="step fail-bg" title="AFTER_STEP">
                <span>stepDefinitions.Hooks.Screenshot(io.cucumber.java.Scenario)</span>
      <div>
        <textarea disabled class="code-block">org.openqa.selenium.NoSuchWindowException: no such window: target window already closed
from unknown error: web view not found
  (Session info: chrome=120.0.6099.130)
Build info: version: '4.17.0', revision: 'e52b1be057*'
System info: os.name: 'Windows 11', os.arch: 'amd64', os.version: '10.0', java.version: '17.0.9'
Driver info: org.openqa.selenium.chrome.ChromeDriver
Command: [7e61f81cc005bd02069a85eefc87bf7d, screenshot {}]
Capabilities {acceptInsecureCerts: false, browserName: chrome, browserVersion: 120.0.6099.130, chrome: {chromedriverVersion: 120.0.6099.109 (3419140ab66..., userDataDir: C:\Windows\SystemTemp\scope...}, fedcm:accounts: true, goog:chromeOptions: {debuggerAddress: localhost:57364}, networkConnectionEnabled: false, pageLoadStrategy: normal, platformName: windows, proxy: Proxy(), se:cdp: ws://localhost:57364/devtoo..., se:cdpVersion: 120.0.6099.130, setWindowRect: true, strictFileInteractability: false, timeouts: {implicit: 0, pageLoad: 300000, script: 30000}, unhandledPromptBehavior: dismiss and notify, webauthn:extension:credBlob: true, webauthn:extension:largeBlob: true, webauthn:extension:minPinLength: true, webauthn:extension:prf: true, webauthn:virtualAuthenticators: true}
Session ID: 7e61f81cc005bd02069a85eefc87bf7d
	at jdk.internal.reflect.GeneratedConstructorAccessor44.newInstance(Unknown Source)
	at java.base/jdk.internal.reflect.DelegatingConstructorAccessorImpl.newInstance(DelegatingConstructorAccessorImpl.java:45)
	at java.base/java.lang.reflect.Constructor.newInstanceWithCaller(Constructor.java:499)
	at java.base/java.lang.reflect.Constructor.newInstance(Constructor.java:480)
	at org.openqa.selenium.remote.codec.w3c.W3CHttpResponseCodec.createException(W3CHttpResponseCodec.java:185)
	at org.openqa.selenium.remote.codec.w3c.W3CHttpResponseCodec.decode(W3CHttpResponseCodec.java:134)
	at org.openqa.selenium.remote.codec.w3c.W3CHttpResponseCodec.decode(W3CHttpResponseCodec.java:51)
	at org.openqa.selenium.remote.HttpCommandExecutor.execute(HttpCommandExecutor.java:190)
	at org.openqa.selenium.remote.service.DriverCommandExecutor.invokeExecute(DriverCommandExecutor.java:216)
	at org.openqa.selenium.remote.service.DriverCommandExecutor.execute(DriverCommandExecutor.java:174)
	at org.openqa.selenium.remote.RemoteWebDriver.execute(RemoteWebDriver.java:519)
	at org.openqa.selenium.remote.RemoteWebDriver.execute(RemoteWebDriver.java:592)
	at org.openqa.selenium.remote.RemoteWebDriver.execute(RemoteWebDriver.java:596)
	at org.openqa.selenium.remote.RemoteWebDriver.getScreenshotAs(RemoteWebDriver.java:322)
	at stepDefinitions.Hooks.Screenshot(Hooks.java:33)
</textarea>
      
      </div>
              </div>
              <div class="step skip-bg" title="stepDefinitions.ListOfSurgeries.user_clicks_on_surgeries_in_the_practo_home_page()">
                <span>When user clicks on surgeries in the practo home page</span>
      <div>Step skipped
      </div>
              </div>
          </div>
        </div>
  </div>
  <div class="card">
    <div class="card-header" role="tab">
      <div class="card-title">
        <div class="node" id="264"><span class="badge log fail-bg mr-2">Fail</span>Surgeries Page Navigation in practo website</div>
      </div>
    </div>
        <div class="">
          <div class="card-body">
              <div class="step pass-bg" title="stepDefinitions.ListOfSurgeries.user_navigates_to_the_practo_home_page()">
                <span>Given user navigates to the practo home page</span>
      <div>
      </div>
              </div>
              <div class="step fail-bg" title="AFTER_STEP">
                <span>stepDefinitions.Hooks.Screenshot(io.cucumber.java.Scenario)</span>
      <div>
        <textarea disabled class="code-block">org.openqa.selenium.NoSuchWindowException: no such window: target window already closed
from unknown error: web view not found
  (Session info: chrome=120.0.6099.130)
Build info: version: '4.17.0', revision: 'e52b1be057*'
System info: os.name: 'Windows 11', os.arch: 'amd64', os.version: '10.0', java.version: '17.0.9'
Driver info: org.openqa.selenium.chrome.ChromeDriver
Command: [7e61f81cc005bd02069a85eefc87bf7d, screenshot {}]
Capabilities {acceptInsecureCerts: false, browserName: chrome, browserVersion: 120.0.6099.130, chrome: {chromedriverVersion: 120.0.6099.109 (3419140ab66..., userDataDir: C:\Windows\SystemTemp\scope...}, fedcm:accounts: true, goog:chromeOptions: {debuggerAddress: localhost:57364}, networkConnectionEnabled: false, pageLoadStrategy: normal, platformName: windows, proxy: Proxy(), se:cdp: ws://localhost:57364/devtoo..., se:cdpVersion: 120.0.6099.130, setWindowRect: true, strictFileInteractability: false, timeouts: {implicit: 0, pageLoad: 300000, script: 30000}, unhandledPromptBehavior: dismiss and notify, webauthn:extension:credBlob: true, webauthn:extension:largeBlob: true, webauthn:extension:minPinLength: true, webauthn:extension:prf: true, webauthn:virtualAuthenticators: true}
Session ID: 7e61f81cc005bd02069a85eefc87bf7d
	at jdk.internal.reflect.GeneratedConstructorAccessor44.newInstance(Unknown Source)
	at java.base/jdk.internal.reflect.DelegatingConstructorAccessorImpl.newInstance(DelegatingConstructorAccessorImpl.java:45)
	at java.base/java.lang.reflect.Constructor.newInstanceWithCaller(Constructor.java:499)
	at java.base/java.lang.reflect.Constructor.newInstance(Constructor.java:480)
	at org.openqa.selenium.remote.codec.w3c.W3CHttpResponseCodec.createException(W3CHttpResponseCodec.java:185)
	at org.openqa.selenium.remote.codec.w3c.W3CHttpResponseCodec.decode(W3CHttpResponseCodec.java:134)
	at org.openqa.selenium.remote.codec.w3c.W3CHttpResponseCodec.decode(W3CHttpResponseCodec.java:51)
	at org.openqa.selenium.remote.HttpCommandExecutor.execute(HttpCommandExecutor.java:190)
	at org.openqa.selenium.remote.service.DriverCommandExecutor.invokeExecute(DriverCommandExecutor.java:216)
	at org.openqa.selenium.remote.service.DriverCommandExecutor.execute(DriverCommandExecutor.java:174)
	at org.openqa.selenium.remote.RemoteWebDriver.execute(RemoteWebDriver.java:519)
	at org.openqa.selenium.remote.RemoteWebDriver.execute(RemoteWebDriver.java:592)
	at org.openqa.selenium.remote.RemoteWebDriver.execute(RemoteWebDriver.java:596)
	at org.openqa.selenium.remote.RemoteWebDriver.getScreenshotAs(RemoteWebDriver.java:322)
	at stepDefinitions.Hooks.Screenshot(Hooks.java:33)
</textarea>
      
      </div>
              </div>
              <div class="step skip-bg" title="stepDefinitions.ListOfSurgeries.user_validates_the_surgeries_page()">
                <span>Then user validates the surgeries page</span>
      <div>Step skipped
      </div>
              </div>
          </div>
        </div>
  </div>
  <div class="card">
    <div class="card-header" role="tab">
      <div class="card-title">
        <div class="node" id="269"><span class="badge log fail-bg mr-2">Fail</span>User scrollsdown to retrieve a list of surgeries</div>
      </div>
    </div>
        <div class="">
          <div class="card-body">
              <div class="step pass-bg" title="stepDefinitions.ListOfSurgeries.user_navigates_to_the_practo_home_page()">
                <span>Given user navigates to the practo home page</span>
      <div>
      </div>
              </div>
              <div class="step fail-bg" title="AFTER_STEP">
                <span>stepDefinitions.Hooks.Screenshot(io.cucumber.java.Scenario)</span>
      <div>
        <textarea disabled class="code-block">org.openqa.selenium.NoSuchWindowException: no such window: target window already closed
from unknown error: web view not found
  (Session info: chrome=120.0.6099.130)
Build info: version: '4.17.0', revision: 'e52b1be057*'
System info: os.name: 'Windows 11', os.arch: 'amd64', os.version: '10.0', java.version: '17.0.9'
Driver info: org.openqa.selenium.chrome.ChromeDriver
Command: [7e61f81cc005bd02069a85eefc87bf7d, screenshot {}]
Capabilities {acceptInsecureCerts: false, browserName: chrome, browserVersion: 120.0.6099.130, chrome: {chromedriverVersion: 120.0.6099.109 (3419140ab66..., userDataDir: C:\Windows\SystemTemp\scope...}, fedcm:accounts: true, goog:chromeOptions: {debuggerAddress: localhost:57364}, networkConnectionEnabled: false, pageLoadStrategy: normal, platformName: windows, proxy: Proxy(), se:cdp: ws://localhost:57364/devtoo..., se:cdpVersion: 120.0.6099.130, setWindowRect: true, strictFileInteractability: false, timeouts: {implicit: 0, pageLoad: 300000, script: 30000}, unhandledPromptBehavior: dismiss and notify, webauthn:extension:credBlob: true, webauthn:extension:largeBlob: true, webauthn:extension:minPinLength: true, webauthn:extension:prf: true, webauthn:virtualAuthenticators: true}
Session ID: 7e61f81cc005bd02069a85eefc87bf7d
	at jdk.internal.reflect.GeneratedConstructorAccessor44.newInstance(Unknown Source)
	at java.base/jdk.internal.reflect.DelegatingConstructorAccessorImpl.newInstance(DelegatingConstructorAccessorImpl.java:45)
	at java.base/java.lang.reflect.Constructor.newInstanceWithCaller(Constructor.java:499)
	at java.base/java.lang.reflect.Constructor.newInstance(Constructor.java:480)
	at org.openqa.selenium.remote.codec.w3c.W3CHttpResponseCodec.createException(W3CHttpResponseCodec.java:185)
	at org.openqa.selenium.remote.codec.w3c.W3CHttpResponseCodec.decode(W3CHttpResponseCodec.java:134)
	at org.openqa.selenium.remote.codec.w3c.W3CHttpResponseCodec.decode(W3CHttpResponseCodec.java:51)
	at org.openqa.selenium.remote.HttpCommandExecutor.execute(HttpCommandExecutor.java:190)
	at org.openqa.selenium.remote.service.DriverCommandExecutor.invokeExecute(DriverCommandExecutor.java:216)
	at org.openqa.selenium.remote.service.DriverCommandExecutor.execute(DriverCommandExecutor.java:174)
	at org.openqa.selenium.remote.RemoteWebDriver.execute(RemoteWebDriver.java:519)
	at org.openqa.selenium.remote.RemoteWebDriver.execute(RemoteWebDriver.java:592)
	at org.openqa.selenium.remote.RemoteWebDriver.execute(RemoteWebDriver.java:596)
	at org.openqa.selenium.remote.RemoteWebDriver.getScreenshotAs(RemoteWebDriver.java:322)
	at stepDefinitions.Hooks.Screenshot(Hooks.java:33)
</textarea>
      
      </div>
              </div>
              <div class="step skip-bg" title="stepDefinitions.ListOfSurgeries.user_scrolls_down_the_page()">
                <span>Then user scrolls down the page</span>
      <div>Step skipped
      </div>
              </div>
          </div>
        </div>
  </div>
  <div class="card">
    <div class="card-header" role="tab">
      <div class="card-title">
        <div class="node" id="274"><span class="badge log fail-bg mr-2">Fail</span>User sees list of surgeries</div>
      </div>
    </div>
        <div class="">
          <div class="card-body">
              <div class="step pass-bg" title="stepDefinitions.ListOfSurgeries.user_navigates_to_the_practo_home_page()">
                <span>Given user navigates to the practo home page</span>
      <div>
      </div>
              </div>
              <div class="step fail-bg" title="AFTER_STEP">
                <span>stepDefinitions.Hooks.Screenshot(io.cucumber.java.Scenario)</span>
      <div>
        <textarea disabled class="code-block">org.openqa.selenium.NoSuchWindowException: no such window: target window already closed
from unknown error: web view not found
  (Session info: chrome=120.0.6099.130)
Build info: version: '4.17.0', revision: 'e52b1be057*'
System info: os.name: 'Windows 11', os.arch: 'amd64', os.version: '10.0', java.version: '17.0.9'
Driver info: org.openqa.selenium.chrome.ChromeDriver
Command: [7e61f81cc005bd02069a85eefc87bf7d, screenshot {}]
Capabilities {acceptInsecureCerts: false, browserName: chrome, browserVersion: 120.0.6099.130, chrome: {chromedriverVersion: 120.0.6099.109 (3419140ab66..., userDataDir: C:\Windows\SystemTemp\scope...}, fedcm:accounts: true, goog:chromeOptions: {debuggerAddress: localhost:57364}, networkConnectionEnabled: false, pageLoadStrategy: normal, platformName: windows, proxy: Proxy(), se:cdp: ws://localhost:57364/devtoo..., se:cdpVersion: 120.0.6099.130, setWindowRect: true, strictFileInteractability: false, timeouts: {implicit: 0, pageLoad: 300000, script: 30000}, unhandledPromptBehavior: dismiss and notify, webauthn:extension:credBlob: true, webauthn:extension:largeBlob: true, webauthn:extension:minPinLength: true, webauthn:extension:prf: true, webauthn:virtualAuthenticators: true}
Session ID: 7e61f81cc005bd02069a85eefc87bf7d
	at jdk.internal.reflect.GeneratedConstructorAccessor44.newInstance(Unknown Source)
	at java.base/jdk.internal.reflect.DelegatingConstructorAccessorImpl.newInstance(DelegatingConstructorAccessorImpl.java:45)
	at java.base/java.lang.reflect.Constructor.newInstanceWithCaller(Constructor.java:499)
	at java.base/java.lang.reflect.Constructor.newInstance(Constructor.java:480)
	at org.openqa.selenium.remote.codec.w3c.W3CHttpResponseCodec.createException(W3CHttpResponseCodec.java:185)
	at org.openqa.selenium.remote.codec.w3c.W3CHttpResponseCodec.decode(W3CHttpResponseCodec.java:134)
	at org.openqa.selenium.remote.codec.w3c.W3CHttpResponseCodec.decode(W3CHttpResponseCodec.java:51)
	at org.openqa.selenium.remote.HttpCommandExecutor.execute(HttpCommandExecutor.java:190)
	at org.openqa.selenium.remote.service.DriverCommandExecutor.invokeExecute(DriverCommandExecutor.java:216)
	at org.openqa.selenium.remote.service.DriverCommandExecutor.execute(DriverCommandExecutor.java:174)
	at org.openqa.selenium.remote.RemoteWebDriver.execute(RemoteWebDriver.java:519)
	at org.openqa.selenium.remote.RemoteWebDriver.execute(RemoteWebDriver.java:592)
	at org.openqa.selenium.remote.RemoteWebDriver.execute(RemoteWebDriver.java:596)
	at org.openqa.selenium.remote.RemoteWebDriver.getScreenshotAs(RemoteWebDriver.java:322)
	at stepDefinitions.Hooks.Screenshot(Hooks.java:33)
</textarea>
      
      </div>
              </div>
              <div class="step skip-bg" title="stepDefinitions.ListOfSurgeries.user_sees_list_of_surgeries()">
                <span>Then user sees list of surgeries</span>
      <div>Step skipped
      </div>
              </div>
          </div>
        </div>
  </div>
  <div class="card">
    <div class="card-header" role="tab">
      <div class="card-title">
        <div class="node" id="279"><span class="badge log fail-bg mr-2">Fail</span>Corporate Health and Wellness Form Validation</div>
      </div>
    </div>
        <div class="">
          <div class="card-body">
              <div class="step pass-bg" title="stepDefinitions.ForCorporates.the_user_navigates_to_practo_page()">
                <span>Given the user navigates to practo page</span>
      <div>
      </div>
              </div>
              <div class="step fail-bg" title="AFTER_STEP">
                <span>stepDefinitions.Hooks.Screenshot(io.cucumber.java.Scenario)</span>
      <div>
        <textarea disabled class="code-block">org.openqa.selenium.NoSuchWindowException: no such window: target window already closed
from unknown error: web view not found
  (Session info: chrome=120.0.6099.130)
Build info: version: '4.17.0', revision: 'e52b1be057*'
System info: os.name: 'Windows 11', os.arch: 'amd64', os.version: '10.0', java.version: '17.0.9'
Driver info: org.openqa.selenium.chrome.ChromeDriver
Command: [7e61f81cc005bd02069a85eefc87bf7d, screenshot {}]
Capabilities {acceptInsecureCerts: false, browserName: chrome, browserVersion: 120.0.6099.130, chrome: {chromedriverVersion: 120.0.6099.109 (3419140ab66..., userDataDir: C:\Windows\SystemTemp\scope...}, fedcm:accounts: true, goog:chromeOptions: {debuggerAddress: localhost:57364}, networkConnectionEnabled: false, pageLoadStrategy: normal, platformName: windows, proxy: Proxy(), se:cdp: ws://localhost:57364/devtoo..., se:cdpVersion: 120.0.6099.130, setWindowRect: true, strictFileInteractability: false, timeouts: {implicit: 0, pageLoad: 300000, script: 30000}, unhandledPromptBehavior: dismiss and notify, webauthn:extension:credBlob: true, webauthn:extension:largeBlob: true, webauthn:extension:minPinLength: true, webauthn:extension:prf: true, webauthn:virtualAuthenticators: true}
Session ID: 7e61f81cc005bd02069a85eefc87bf7d
	at jdk.internal.reflect.GeneratedConstructorAccessor44.newInstance(Unknown Source)
	at java.base/jdk.internal.reflect.DelegatingConstructorAccessorImpl.newInstance(DelegatingConstructorAccessorImpl.java:45)
	at java.base/java.lang.reflect.Constructor.newInstanceWithCaller(Constructor.java:499)
	at java.base/java.lang.reflect.Constructor.newInstance(Constructor.java:480)
	at org.openqa.selenium.remote.codec.w3c.W3CHttpResponseCodec.createException(W3CHttpResponseCodec.java:185)
	at org.openqa.selenium.remote.codec.w3c.W3CHttpResponseCodec.decode(W3CHttpResponseCodec.java:134)
	at org.openqa.selenium.remote.codec.w3c.W3CHttpResponseCodec.decode(W3CHttpResponseCodec.java:51)
	at org.openqa.selenium.remote.HttpCommandExecutor.execute(HttpCommandExecutor.java:190)
	at org.openqa.selenium.remote.service.DriverCommandExecutor.invokeExecute(DriverCommandExecutor.java:216)
	at org.openqa.selenium.remote.service.DriverCommandExecutor.execute(DriverCommandExecutor.java:174)
	at org.openqa.selenium.remote.RemoteWebDriver.execute(RemoteWebDriver.java:519)
	at org.openqa.selenium.remote.RemoteWebDriver.execute(RemoteWebDriver.java:592)
	at org.openqa.selenium.remote.RemoteWebDriver.execute(RemoteWebDriver.java:596)
	at org.openqa.selenium.remote.RemoteWebDriver.getScreenshotAs(RemoteWebDriver.java:322)
	at stepDefinitions.Hooks.Screenshot(Hooks.java:33)
</textarea>
      
      </div>
              </div>
              <div class="step skip-bg" title="stepDefinitions.ForCorporates.user_clicks_on_for_corporates_in_practo_home_page_navigation_bar()">
                <span>When user clicks on for corporates in practo home page navigation bar</span>
      <div>Step skipped
      </div>
              </div>
          </div>
        </div>
  </div>
  <div class="card">
    <div class="card-header" role="tab">
      <div class="card-title">
        <div class="node" id="284"><span class="badge log fail-bg mr-2">Fail</span>Corporate Health and Wellness Form Validation</div>
      </div>
    </div>
        <div class="">
          <div class="card-body">
              <div class="step pass-bg" title="stepDefinitions.ForCorporates.the_user_navigates_to_practo_page()">
                <span>Given the user navigates to practo page</span>
      <div>
      </div>
              </div>
              <div class="step fail-bg" title="AFTER_STEP">
                <span>stepDefinitions.Hooks.Screenshot(io.cucumber.java.Scenario)</span>
      <div>
        <textarea disabled class="code-block">org.openqa.selenium.NoSuchWindowException: no such window: target window already closed
from unknown error: web view not found
  (Session info: chrome=120.0.6099.130)
Build info: version: '4.17.0', revision: 'e52b1be057*'
System info: os.name: 'Windows 11', os.arch: 'amd64', os.version: '10.0', java.version: '17.0.9'
Driver info: org.openqa.selenium.chrome.ChromeDriver
Command: [7e61f81cc005bd02069a85eefc87bf7d, screenshot {}]
Capabilities {acceptInsecureCerts: false, browserName: chrome, browserVersion: 120.0.6099.130, chrome: {chromedriverVersion: 120.0.6099.109 (3419140ab66..., userDataDir: C:\Windows\SystemTemp\scope...}, fedcm:accounts: true, goog:chromeOptions: {debuggerAddress: localhost:57364}, networkConnectionEnabled: false, pageLoadStrategy: normal, platformName: windows, proxy: Proxy(), se:cdp: ws://localhost:57364/devtoo..., se:cdpVersion: 120.0.6099.130, setWindowRect: true, strictFileInteractability: false, timeouts: {implicit: 0, pageLoad: 300000, script: 30000}, unhandledPromptBehavior: dismiss and notify, webauthn:extension:credBlob: true, webauthn:extension:largeBlob: true, webauthn:extension:minPinLength: true, webauthn:extension:prf: true, webauthn:virtualAuthenticators: true}
Session ID: 7e61f81cc005bd02069a85eefc87bf7d
	at jdk.internal.reflect.GeneratedConstructorAccessor44.newInstance(Unknown Source)
	at java.base/jdk.internal.reflect.DelegatingConstructorAccessorImpl.newInstance(DelegatingConstructorAccessorImpl.java:45)
	at java.base/java.lang.reflect.Constructor.newInstanceWithCaller(Constructor.java:499)
	at java.base/java.lang.reflect.Constructor.newInstance(Constructor.java:480)
	at org.openqa.selenium.remote.codec.w3c.W3CHttpResponseCodec.createException(W3CHttpResponseCodec.java:185)
	at org.openqa.selenium.remote.codec.w3c.W3CHttpResponseCodec.decode(W3CHttpResponseCodec.java:134)
	at org.openqa.selenium.remote.codec.w3c.W3CHttpResponseCodec.decode(W3CHttpResponseCodec.java:51)
	at org.openqa.selenium.remote.HttpCommandExecutor.execute(HttpCommandExecutor.java:190)
	at org.openqa.selenium.remote.service.DriverCommandExecutor.invokeExecute(DriverCommandExecutor.java:216)
	at org.openqa.selenium.remote.service.DriverCommandExecutor.execute(DriverCommandExecutor.java:174)
	at org.openqa.selenium.remote.RemoteWebDriver.execute(RemoteWebDriver.java:519)
	at org.openqa.selenium.remote.RemoteWebDriver.execute(RemoteWebDriver.java:592)
	at org.openqa.selenium.remote.RemoteWebDriver.execute(RemoteWebDriver.java:596)
	at org.openqa.selenium.remote.RemoteWebDriver.getScreenshotAs(RemoteWebDriver.java:322)
	at stepDefinitions.Hooks.Screenshot(Hooks.java:33)
</textarea>
      
      </div>
              </div>
              <div class="step skip-bg" title="stepDefinitions.ForCorporates.user_clicks_health_and_wellness_plans_in_for_corporates()">
                <span>And user clicks health and wellness plans in for corporates</span>
      <div>Step skipped
      </div>
              </div>
          </div>
        </div>
  </div>
  <div class="card">
    <div class="card-header" role="tab">
      <div class="card-title">
        <div class="node" id="289"><span class="badge log fail-bg mr-2">Fail</span>Corporate Health and Wellness Form Validation</div>
      </div>
    </div>
        <div class="">
          <div class="card-body">
              <div class="step pass-bg" title="stepDefinitions.ForCorporates.the_user_navigates_to_practo_page()">
                <span>Given the user navigates to practo page</span>
      <div>
      </div>
              </div>
              <div class="step fail-bg" title="AFTER_STEP">
                <span>stepDefinitions.Hooks.Screenshot(io.cucumber.java.Scenario)</span>
      <div>
        <textarea disabled class="code-block">org.openqa.selenium.NoSuchWindowException: no such window: target window already closed
from unknown error: web view not found
  (Session info: chrome=120.0.6099.130)
Build info: version: '4.17.0', revision: 'e52b1be057*'
System info: os.name: 'Windows 11', os.arch: 'amd64', os.version: '10.0', java.version: '17.0.9'
Driver info: org.openqa.selenium.chrome.ChromeDriver
Command: [7e61f81cc005bd02069a85eefc87bf7d, screenshot {}]
Capabilities {acceptInsecureCerts: false, browserName: chrome, browserVersion: 120.0.6099.130, chrome: {chromedriverVersion: 120.0.6099.109 (3419140ab66..., userDataDir: C:\Windows\SystemTemp\scope...}, fedcm:accounts: true, goog:chromeOptions: {debuggerAddress: localhost:57364}, networkConnectionEnabled: false, pageLoadStrategy: normal, platformName: windows, proxy: Proxy(), se:cdp: ws://localhost:57364/devtoo..., se:cdpVersion: 120.0.6099.130, setWindowRect: true, strictFileInteractability: false, timeouts: {implicit: 0, pageLoad: 300000, script: 30000}, unhandledPromptBehavior: dismiss and notify, webauthn:extension:credBlob: true, webauthn:extension:largeBlob: true, webauthn:extension:minPinLength: true, webauthn:extension:prf: true, webauthn:virtualAuthenticators: true}
Session ID: 7e61f81cc005bd02069a85eefc87bf7d
	at jdk.internal.reflect.GeneratedConstructorAccessor44.newInstance(Unknown Source)
	at java.base/jdk.internal.reflect.DelegatingConstructorAccessorImpl.newInstance(DelegatingConstructorAccessorImpl.java:45)
	at java.base/java.lang.reflect.Constructor.newInstanceWithCaller(Constructor.java:499)
	at java.base/java.lang.reflect.Constructor.newInstance(Constructor.java:480)
	at org.openqa.selenium.remote.codec.w3c.W3CHttpResponseCodec.createException(W3CHttpResponseCodec.java:185)
	at org.openqa.selenium.remote.codec.w3c.W3CHttpResponseCodec.decode(W3CHttpResponseCodec.java:134)
	at org.openqa.selenium.remote.codec.w3c.W3CHttpResponseCodec.decode(W3CHttpResponseCodec.java:51)
	at org.openqa.selenium.remote.HttpCommandExecutor.execute(HttpCommandExecutor.java:190)
	at org.openqa.selenium.remote.service.DriverCommandExecutor.invokeExecute(DriverCommandExecutor.java:216)
	at org.openqa.selenium.remote.service.DriverCommandExecutor.execute(DriverCommandExecutor.java:174)
	at org.openqa.selenium.remote.RemoteWebDriver.execute(RemoteWebDriver.java:519)
	at org.openqa.selenium.remote.RemoteWebDriver.execute(RemoteWebDriver.java:592)
	at org.openqa.selenium.remote.RemoteWebDriver.execute(RemoteWebDriver.java:596)
	at org.openqa.selenium.remote.RemoteWebDriver.getScreenshotAs(RemoteWebDriver.java:322)
	at stepDefinitions.Hooks.Screenshot(Hooks.java:33)
</textarea>
      
      </div>
              </div>
              <div class="step skip-bg" title="stepDefinitions.ForCorporates.user_navigates_to_health_and_wellness_plans_page_and_validate_the_page()">
                <span>Then user navigates to health and wellness plans page and validate the page</span>
      <div>Step skipped
      </div>
              </div>
          </div>
        </div>
  </div>
  <div class="card">
    <div class="card-header" role="tab">
      <div class="card-title">
        <div class="node" id="294"><span class="badge log fail-bg mr-2">Fail</span>Corporate Health and Wellness Form Validation with invalid email</div>
      </div>
    </div>
        <div class="">
          <div class="card-body">
              <div class="step pass-bg" title="stepDefinitions.ForCorporates.the_user_navigates_to_practo_page()">
                <span>Given the user navigates to practo page</span>
      <div>
      </div>
              </div>
              <div class="step fail-bg" title="AFTER_STEP">
                <span>stepDefinitions.Hooks.Screenshot(io.cucumber.java.Scenario)</span>
      <div>
        <textarea disabled class="code-block">org.openqa.selenium.NoSuchWindowException: no such window: target window already closed
from unknown error: web view not found
  (Session info: chrome=120.0.6099.130)
Build info: version: '4.17.0', revision: 'e52b1be057*'
System info: os.name: 'Windows 11', os.arch: 'amd64', os.version: '10.0', java.version: '17.0.9'
Driver info: org.openqa.selenium.chrome.ChromeDriver
Command: [7e61f81cc005bd02069a85eefc87bf7d, screenshot {}]
Capabilities {acceptInsecureCerts: false, browserName: chrome, browserVersion: 120.0.6099.130, chrome: {chromedriverVersion: 120.0.6099.109 (3419140ab66..., userDataDir: C:\Windows\SystemTemp\scope...}, fedcm:accounts: true, goog:chromeOptions: {debuggerAddress: localhost:57364}, networkConnectionEnabled: false, pageLoadStrategy: normal, platformName: windows, proxy: Proxy(), se:cdp: ws://localhost:57364/devtoo..., se:cdpVersion: 120.0.6099.130, setWindowRect: true, strictFileInteractability: false, timeouts: {implicit: 0, pageLoad: 300000, script: 30000}, unhandledPromptBehavior: dismiss and notify, webauthn:extension:credBlob: true, webauthn:extension:largeBlob: true, webauthn:extension:minPinLength: true, webauthn:extension:prf: true, webauthn:virtualAuthenticators: true}
Session ID: 7e61f81cc005bd02069a85eefc87bf7d
	at jdk.internal.reflect.GeneratedConstructorAccessor44.newInstance(Unknown Source)
	at java.base/jdk.internal.reflect.DelegatingConstructorAccessorImpl.newInstance(DelegatingConstructorAccessorImpl.java:45)
	at java.base/java.lang.reflect.Constructor.newInstanceWithCaller(Constructor.java:499)
	at java.base/java.lang.reflect.Constructor.newInstance(Constructor.java:480)
	at org.openqa.selenium.remote.codec.w3c.W3CHttpResponseCodec.createException(W3CHttpResponseCodec.java:185)
	at org.openqa.selenium.remote.codec.w3c.W3CHttpResponseCodec.decode(W3CHttpResponseCodec.java:134)
	at org.openqa.selenium.remote.codec.w3c.W3CHttpResponseCodec.decode(W3CHttpResponseCodec.java:51)
	at org.openqa.selenium.remote.HttpCommandExecutor.execute(HttpCommandExecutor.java:190)
	at org.openqa.selenium.remote.service.DriverCommandExecutor.invokeExecute(DriverCommandExecutor.java:216)
	at org.openqa.selenium.remote.service.DriverCommandExecutor.execute(DriverCommandExecutor.java:174)
	at org.openqa.selenium.remote.RemoteWebDriver.execute(RemoteWebDriver.java:519)
	at org.openqa.selenium.remote.RemoteWebDriver.execute(RemoteWebDriver.java:592)
	at org.openqa.selenium.remote.RemoteWebDriver.execute(RemoteWebDriver.java:596)
	at org.openqa.selenium.remote.RemoteWebDriver.getScreenshotAs(RemoteWebDriver.java:322)
	at stepDefinitions.Hooks.Screenshot(Hooks.java:33)
</textarea>
      
      </div>
              </div>
              <div class="step skip-bg" title="stepDefinitions.ForCorporates.user_provide_invalid_email_id_and_valid_details_for_other_fields_in_the_form()">
                <span>When user provide invalid email id and valid details for other fields in the form</span>
      <div>Step skipped
      </div>
              </div>
          </div>
        </div>
  </div>
  <div class="card">
    <div class="card-header" role="tab">
      <div class="card-title">
        <div class="node" id="299"><span class="badge log fail-bg mr-2">Fail</span>Corporate Health and Wellness Form Validation with invalid email</div>
      </div>
    </div>
        <div class="">
          <div class="card-body">
              <div class="step pass-bg" title="stepDefinitions.ForCorporates.the_user_navigates_to_practo_page()">
                <span>Given the user navigates to practo page</span>
      <div>
      </div>
              </div>
              <div class="step fail-bg" title="AFTER_STEP">
                <span>stepDefinitions.Hooks.Screenshot(io.cucumber.java.Scenario)</span>
      <div>
        <textarea disabled class="code-block">org.openqa.selenium.NoSuchWindowException: no such window: target window already closed
from unknown error: web view not found
  (Session info: chrome=120.0.6099.130)
Build info: version: '4.17.0', revision: 'e52b1be057*'
System info: os.name: 'Windows 11', os.arch: 'amd64', os.version: '10.0', java.version: '17.0.9'
Driver info: org.openqa.selenium.chrome.ChromeDriver
Command: [7e61f81cc005bd02069a85eefc87bf7d, screenshot {}]
Capabilities {acceptInsecureCerts: false, browserName: chrome, browserVersion: 120.0.6099.130, chrome: {chromedriverVersion: 120.0.6099.109 (3419140ab66..., userDataDir: C:\Windows\SystemTemp\scope...}, fedcm:accounts: true, goog:chromeOptions: {debuggerAddress: localhost:57364}, networkConnectionEnabled: false, pageLoadStrategy: normal, platformName: windows, proxy: Proxy(), se:cdp: ws://localhost:57364/devtoo..., se:cdpVersion: 120.0.6099.130, setWindowRect: true, strictFileInteractability: false, timeouts: {implicit: 0, pageLoad: 300000, script: 30000}, unhandledPromptBehavior: dismiss and notify, webauthn:extension:credBlob: true, webauthn:extension:largeBlob: true, webauthn:extension:minPinLength: true, webauthn:extension:prf: true, webauthn:virtualAuthenticators: true}
Session ID: 7e61f81cc005bd02069a85eefc87bf7d
	at jdk.internal.reflect.GeneratedConstructorAccessor44.newInstance(Unknown Source)
	at java.base/jdk.internal.reflect.DelegatingConstructorAccessorImpl.newInstance(DelegatingConstructorAccessorImpl.java:45)
	at java.base/java.lang.reflect.Constructor.newInstanceWithCaller(Constructor.java:499)
	at java.base/java.lang.reflect.Constructor.newInstance(Constructor.java:480)
	at org.openqa.selenium.remote.codec.w3c.W3CHttpResponseCodec.createException(W3CHttpResponseCodec.java:185)
	at org.openqa.selenium.remote.codec.w3c.W3CHttpResponseCodec.decode(W3CHttpResponseCodec.java:134)
	at org.openqa.selenium.remote.codec.w3c.W3CHttpResponseCodec.decode(W3CHttpResponseCodec.java:51)
	at org.openqa.selenium.remote.HttpCommandExecutor.execute(HttpCommandExecutor.java:190)
	at org.openqa.selenium.remote.service.DriverCommandExecutor.invokeExecute(DriverCommandExecutor.java:216)
	at org.openqa.selenium.remote.service.DriverCommandExecutor.execute(DriverCommandExecutor.java:174)
	at org.openqa.selenium.remote.RemoteWebDriver.execute(RemoteWebDriver.java:519)
	at org.openqa.selenium.remote.RemoteWebDriver.execute(RemoteWebDriver.java:592)
	at org.openqa.selenium.remote.RemoteWebDriver.execute(RemoteWebDriver.java:596)
	at org.openqa.selenium.remote.RemoteWebDriver.getScreenshotAs(RemoteWebDriver.java:322)
	at stepDefinitions.Hooks.Screenshot(Hooks.java:33)
</textarea>
      
      </div>
              </div>
              <div class="step skip-bg" title="stepDefinitions.ForCorporates.user_validates_schedule_a_demo_button_is_enabled_in_the_health_and_wellness_plans_page()">
                <span>Then user validates schedule a demo button is enabled in the health and wellness plans page</span>
      <div>Step skipped
      </div>
              </div>
          </div>
        </div>
  </div>
  <div class="card">
    <div class="card-header" role="tab">
      <div class="card-title">
        <div class="node" id="304"><span class="badge log fail-bg mr-2">Fail</span>Corporate Health and Wellness Form Validation with valid email</div>
      </div>
    </div>
        <div class="">
          <div class="card-body">
              <div class="step pass-bg" title="stepDefinitions.ForCorporates.the_user_navigates_to_practo_page()">
                <span>Given the user navigates to practo page</span>
      <div>
      </div>
              </div>
              <div class="step fail-bg" title="AFTER_STEP">
                <span>stepDefinitions.Hooks.Screenshot(io.cucumber.java.Scenario)</span>
      <div>
        <textarea disabled class="code-block">org.openqa.selenium.NoSuchWindowException: no such window: target window already closed
from unknown error: web view not found
  (Session info: chrome=120.0.6099.130)
Build info: version: '4.17.0', revision: 'e52b1be057*'
System info: os.name: 'Windows 11', os.arch: 'amd64', os.version: '10.0', java.version: '17.0.9'
Driver info: org.openqa.selenium.chrome.ChromeDriver
Command: [7e61f81cc005bd02069a85eefc87bf7d, screenshot {}]
Capabilities {acceptInsecureCerts: false, browserName: chrome, browserVersion: 120.0.6099.130, chrome: {chromedriverVersion: 120.0.6099.109 (3419140ab66..., userDataDir: C:\Windows\SystemTemp\scope...}, fedcm:accounts: true, goog:chromeOptions: {debuggerAddress: localhost:57364}, networkConnectionEnabled: false, pageLoadStrategy: normal, platformName: windows, proxy: Proxy(), se:cdp: ws://localhost:57364/devtoo..., se:cdpVersion: 120.0.6099.130, setWindowRect: true, strictFileInteractability: false, timeouts: {implicit: 0, pageLoad: 300000, script: 30000}, unhandledPromptBehavior: dismiss and notify, webauthn:extension:credBlob: true, webauthn:extension:largeBlob: true, webauthn:extension:minPinLength: true, webauthn:extension:prf: true, webauthn:virtualAuthenticators: true}
Session ID: 7e61f81cc005bd02069a85eefc87bf7d
	at jdk.internal.reflect.GeneratedConstructorAccessor44.newInstance(Unknown Source)
	at java.base/jdk.internal.reflect.DelegatingConstructorAccessorImpl.newInstance(DelegatingConstructorAccessorImpl.java:45)
	at java.base/java.lang.reflect.Constructor.newInstanceWithCaller(Constructor.java:499)
	at java.base/java.lang.reflect.Constructor.newInstance(Constructor.java:480)
	at org.openqa.selenium.remote.codec.w3c.W3CHttpResponseCodec.createException(W3CHttpResponseCodec.java:185)
	at org.openqa.selenium.remote.codec.w3c.W3CHttpResponseCodec.decode(W3CHttpResponseCodec.java:134)
	at org.openqa.selenium.remote.codec.w3c.W3CHttpResponseCodec.decode(W3CHttpResponseCodec.java:51)
	at org.openqa.selenium.remote.HttpCommandExecutor.execute(HttpCommandExecutor.java:190)
	at org.openqa.selenium.remote.service.DriverCommandExecutor.invokeExecute(DriverCommandExecutor.java:216)
	at org.openqa.selenium.remote.service.DriverCommandExecutor.execute(DriverCommandExecutor.java:174)
	at org.openqa.selenium.remote.RemoteWebDriver.execute(RemoteWebDriver.java:519)
	at org.openqa.selenium.remote.RemoteWebDriver.execute(RemoteWebDriver.java:592)
	at org.openqa.selenium.remote.RemoteWebDriver.execute(RemoteWebDriver.java:596)
	at org.openqa.selenium.remote.RemoteWebDriver.getScreenshotAs(RemoteWebDriver.java:322)
	at stepDefinitions.Hooks.Screenshot(Hooks.java:33)
</textarea>
      
      </div>
              </div>
              <div class="step skip-bg" title="stepDefinitions.ForCorporates.user_enters_valid_email_id_and_clicks_on_schedule_a_demo_button()">
                <span>When user enters valid email id and clicks on schedule a demo button</span>
      <div>Step skipped
      </div>
              </div>
          </div>
        </div>
  </div>
  <div class="card">
    <div class="card-header" role="tab">
      <div class="card-title">
        <div class="node" id="309"><span class="badge log fail-bg mr-2">Fail</span>Corporate Health and Wellness Form Validation with invalid email</div>
      </div>
    </div>
        <div class="">
          <div class="card-body">
              <div class="step pass-bg" title="stepDefinitions.ForCorporates.the_user_navigates_to_practo_page()">
                <span>Given the user navigates to practo page</span>
      <div>
      </div>
              </div>
              <div class="step fail-bg" title="AFTER_STEP">
                <span>stepDefinitions.Hooks.Screenshot(io.cucumber.java.Scenario)</span>
      <div>
        <textarea disabled class="code-block">org.openqa.selenium.NoSuchWindowException: no such window: target window already closed
from unknown error: web view not found
  (Session info: chrome=120.0.6099.130)
Build info: version: '4.17.0', revision: 'e52b1be057*'
System info: os.name: 'Windows 11', os.arch: 'amd64', os.version: '10.0', java.version: '17.0.9'
Driver info: org.openqa.selenium.chrome.ChromeDriver
Command: [7e61f81cc005bd02069a85eefc87bf7d, screenshot {}]
Capabilities {acceptInsecureCerts: false, browserName: chrome, browserVersion: 120.0.6099.130, chrome: {chromedriverVersion: 120.0.6099.109 (3419140ab66..., userDataDir: C:\Windows\SystemTemp\scope...}, fedcm:accounts: true, goog:chromeOptions: {debuggerAddress: localhost:57364}, networkConnectionEnabled: false, pageLoadStrategy: normal, platformName: windows, proxy: Proxy(), se:cdp: ws://localhost:57364/devtoo..., se:cdpVersion: 120.0.6099.130, setWindowRect: true, strictFileInteractability: false, timeouts: {implicit: 0, pageLoad: 300000, script: 30000}, unhandledPromptBehavior: dismiss and notify, webauthn:extension:credBlob: true, webauthn:extension:largeBlob: true, webauthn:extension:minPinLength: true, webauthn:extension:prf: true, webauthn:virtualAuthenticators: true}
Session ID: 7e61f81cc005bd02069a85eefc87bf7d
	at jdk.internal.reflect.GeneratedConstructorAccessor44.newInstance(Unknown Source)
	at java.base/jdk.internal.reflect.DelegatingConstructorAccessorImpl.newInstance(DelegatingConstructorAccessorImpl.java:45)
	at java.base/java.lang.reflect.Constructor.newInstanceWithCaller(Constructor.java:499)
	at java.base/java.lang.reflect.Constructor.newInstance(Constructor.java:480)
	at org.openqa.selenium.remote.codec.w3c.W3CHttpResponseCodec.createException(W3CHttpResponseCodec.java:185)
	at org.openqa.selenium.remote.codec.w3c.W3CHttpResponseCodec.decode(W3CHttpResponseCodec.java:134)
	at org.openqa.selenium.remote.codec.w3c.W3CHttpResponseCodec.decode(W3CHttpResponseCodec.java:51)
	at org.openqa.selenium.remote.HttpCommandExecutor.execute(HttpCommandExecutor.java:190)
	at org.openqa.selenium.remote.service.DriverCommandExecutor.invokeExecute(DriverCommandExecutor.java:216)
	at org.openqa.selenium.remote.service.DriverCommandExecutor.execute(DriverCommandExecutor.java:174)
	at org.openqa.selenium.remote.RemoteWebDriver.execute(RemoteWebDriver.java:519)
	at org.openqa.selenium.remote.RemoteWebDriver.execute(RemoteWebDriver.java:592)
	at org.openqa.selenium.remote.RemoteWebDriver.execute(RemoteWebDriver.java:596)
	at org.openqa.selenium.remote.RemoteWebDriver.getScreenshotAs(RemoteWebDriver.java:322)
	at stepDefinitions.Hooks.Screenshot(Hooks.java:33)
</textarea>
      
      </div>
              </div>
              <div class="step skip-bg" title="stepDefinitions.ForCorporates.user_validates_schedule_a_demo_button_is_enabled_in_the_health_and_wellness_plans_page()">
                <span>Then user validates schedule a demo button is enabled in the health and wellness plans page</span>
      <div>Step skipped
      </div>
              </div>
          </div>
        </div>
  </div>
</div>
          </div>
        </li>
      </ul>
    </div>
  </div>
<div class="test-content scrollable">
<div class="test-content-tools">
<ul><li><a class="back-to-test" href="#"><i class="fa fa-arrow-left"></i></a></li></ul>
</div>
<div class="test-content-detail"><div class="detail-body"></div></div>
</div></div>
<div class="test-wrapper row view exception-view attributes-view">
<div class="test-list">
<div class="test-list-tools">
<ul class="tools pull-left"><li><a href=""><span class="font-size-14">Exception</span></a></li></ul>
<ul class="tools text-right"><li><a href="#"><span class="badge badge-primary">2</span></a></li></ul>
</div>
<div class="test-list-wrapper scrollable">
<ul class="test-list-item">
<li class="test-item">
<div class="test-detail">
<span class="meta">
<span class='badge log badge-danger'>2</span>
</span>
<p class="name">org.openqa.selenium.NoSuchElementException</p>
<p class="duration text-sm">2 tests</p>
</div>
<div class="test-contents d-none">
<div class="info">
<h4>org.openqa.selenium.NoSuchElementException</h4>
<span status="fail" class='badge log badge-danger'>2 failed</span>
</div>
<table class='table table-sm mt-4'>
<thead>
<tr>
<th class="status-col">Status</th>
<th class="timestamp-col">Timestamp</th>
<th>TestName</th>
</tr>
</thead>
<tbody>
<tr class="tag-test-status" status="fail">
<td><span class="badge log fail-bg">Fail</span></td>
<td>00:13:16 AM</td>
<td>
<a href="#" class="linked" test-id='59' id='63'>When the user Navigates to the Find Doctors page</a>
<div class="">
<span class="badge badge-default">regression testing.User searches for doctors with specific criteria.When the user Navigates to the Find Doctors page</span>
</div>
</td>
</tr>
<tr class="tag-test-status" status="fail">
<td><span class="badge log fail-bg">Fail</span></td>
<td>00:14:16 AM</td>
<td>
<a href="#" class="linked" test-id='59' id='68'>When the user selects the city Chennai</a>
<div class="">
<span class="badge badge-default">regression testing.User searches for doctors with specific criteria like gender.When the user selects the city Chennai</span>
</div>
</td>
</tr>
</tbody>
</table>
</div>
</li>
<li class="test-item">
<div class="test-detail">
<span class="meta">
<span class='badge log badge-danger'>41</span>
</span>
<p class="name">org.openqa.selenium.NoSuchWindowException</p>
<p class="duration text-sm">41 tests</p>
</div>
<div class="test-contents d-none">
<div class="info">
<h4>org.openqa.selenium.NoSuchWindowException</h4>
<span status="fail" class='badge log badge-danger'>41 failed</span>
</div>
<table class='table table-sm mt-4'>
<thead>
<tr>
<th class="status-col">Status</th>
<th class="timestamp-col">Timestamp</th>
<th>TestName</th>
</tr>
</thead>
<tbody>
<tr class="tag-test-status" status="fail">
<td><span class="badge log fail-bg">Fail</span></td>
<td>00:14:21 AM</td>
<td>
<a href="#" class="linked" test-id='59' id='74'>stepDefinitions.Hooks.Screenshot(io.cucumber.java.Scenario)</a>
<div class="">
<span class="badge badge-default">regression testing.User filters the search by applying filters on gender.stepDefinitions.Hooks.Screenshot(io.cucumber.java.Scenario)</span>
</div>
</td>
</tr>
<tr class="tag-test-status" status="fail">
<td><span class="badge log fail-bg">Fail</span></td>
<td>00:14:21 AM</td>
<td>
<a href="#" class="linked" test-id='59' id='81'>stepDefinitions.Hooks.Screenshot(io.cucumber.java.Scenario)</a>
<div class="">
<span class="badge badge-default">regression testing.User filters the search by applying filters on patient stories.stepDefinitions.Hooks.Screenshot(io.cucumber.java.Scenario)</span>
</div>
</td>
</tr>
<tr class="tag-test-status" status="fail">
<td><span class="badge log fail-bg">Fail</span></td>
<td>00:14:21 AM</td>
<td>
<a href="#" class="linked" test-id='59' id='88'>stepDefinitions.Hooks.Screenshot(io.cucumber.java.Scenario)</a>
<div class="">
<span class="badge badge-default">regression testing.User filters the search by applying filters on experiences.stepDefinitions.Hooks.Screenshot(io.cucumber.java.Scenario)</span>
</div>
</td>
</tr>
<tr class="tag-test-status" status="fail">
<td><span class="badge log fail-bg">Fail</span></td>
<td>00:14:21 AM</td>
<td>
<a href="#" class="linked" test-id='59' id='95'>stepDefinitions.Hooks.Screenshot(io.cucumber.java.Scenario)</a>
<div class="">
<span class="badge badge-default">regression testing.User filters the search by applying filters on fees.stepDefinitions.Hooks.Screenshot(io.cucumber.java.Scenario)</span>
</div>
</td>
</tr>
<tr class="tag-test-status" status="fail">
<td><span class="badge log fail-bg">Fail</span></td>
<td>00:14:21 AM</td>
<td>
<a href="#" class="linked" test-id='59' id='102'>stepDefinitions.Hooks.Screenshot(io.cucumber.java.Scenario)</a>
<div class="">
<span class="badge badge-default">regression testing.User filters the search by applying filters on availability.stepDefinitions.Hooks.Screenshot(io.cucumber.java.Scenario)</span>
</div>
</td>
</tr>
<tr class="tag-test-status" status="fail">
<td><span class="badge log fail-bg">Fail</span></td>
<td>00:14:21 AM</td>
<td>
<a href="#" class="linked" test-id='59' id='109'>stepDefinitions.Hooks.Screenshot(io.cucumber.java.Scenario)</a>
<div class="">
<span class="badge badge-default">regression testing.User sorts the result.stepDefinitions.Hooks.Screenshot(io.cucumber.java.Scenario)</span>
</div>
</td>
</tr>
<tr class="tag-test-status" status="fail">
<td><span class="badge log fail-bg">Fail</span></td>
<td>00:14:21 AM</td>
<td>
<a href="#" class="linked" test-id='59' id='116'>stepDefinitions.Hooks.Screenshot(io.cucumber.java.Scenario)</a>
<div class="">
<span class="badge badge-default">regression testing.User displays the first five doctors.stepDefinitions.Hooks.Screenshot(io.cucumber.java.Scenario)</span>
</div>
</td>
</tr>
<tr class="tag-test-status" status="fail">
<td><span class="badge log fail-bg">Fail</span></td>
<td>00:14:21 AM</td>
<td>
<a href="#" class="linked" test-id='59' id='121'>stepDefinitions.Hooks.Screenshot(io.cucumber.java.Scenario)</a>
<div class="">
<span class="badge badge-default">regression testing.User retrieves a list of surgeries.stepDefinitions.Hooks.Screenshot(io.cucumber.java.Scenario)</span>
</div>
</td>
</tr>
<tr class="tag-test-status" status="fail">
<td><span class="badge log fail-bg">Fail</span></td>
<td>00:14:21 AM</td>
<td>
<a href="#" class="linked" test-id='59' id='128'>stepDefinitions.Hooks.Screenshot(io.cucumber.java.Scenario)</a>
<div class="">
<span class="badge badge-default">regression testing.User retrieves a list of surgeries.stepDefinitions.Hooks.Screenshot(io.cucumber.java.Scenario)</span>
</div>
</td>
</tr>
<tr class="tag-test-status" status="fail">
<td><span class="badge log fail-bg">Fail</span></td>
<td>00:14:21 AM</td>
<td>
<a href="#" class="linked" test-id='59' id='135'>stepDefinitions.Hooks.Screenshot(io.cucumber.java.Scenario)</a>
<div class="">
<span class="badge badge-default">regression testing.Schedule a demo in health and wellness plans for corporates.stepDefinitions.Hooks.Screenshot(io.cucumber.java.Scenario)</span>
</div>
</td>
</tr>
<tr class="tag-test-status" status="fail">
<td><span class="badge log fail-bg">Fail</span></td>
<td>00:14:21 AM</td>
<td>
<a href="#" class="linked" test-id='59' id='142'>stepDefinitions.Hooks.Screenshot(io.cucumber.java.Scenario)</a>
<div class="">
<span class="badge badge-default">regression testing.Schedule a demo in health and wellness plans for corporates.stepDefinitions.Hooks.Screenshot(io.cucumber.java.Scenario)</span>
</div>
</td>
</tr>
<tr class="tag-test-status" status="fail">
<td><span class="badge log fail-bg">Fail</span></td>
<td>00:14:21 AM</td>
<td>
<a href="#" class="linked" test-id='59' id='149'>stepDefinitions.Hooks.Screenshot(io.cucumber.java.Scenario)</a>
<div class="">
<span class="badge badge-default">regression testing.Schedule a demo in health and wellness plans for corporates.stepDefinitions.Hooks.Screenshot(io.cucumber.java.Scenario)</span>
</div>
</td>
</tr>
<tr class="tag-test-status" status="fail">
<td><span class="badge log fail-bg">Fail</span></td>
<td>00:14:21 AM</td>
<td>
<a href="#" class="linked" test-id='59' id='156'>stepDefinitions.Hooks.Screenshot(io.cucumber.java.Scenario)</a>
<div class="">
<span class="badge badge-default">regression testing.Schedule a demo in health and wellness plans for corporates.stepDefinitions.Hooks.Screenshot(io.cucumber.java.Scenario)</span>
</div>
</td>
</tr>
<tr class="tag-test-status" status="fail">
<td><span class="badge log fail-bg">Fail</span></td>
<td>00:14:21 AM</td>
<td>
<a href="#" class="linked" test-id='59' id='163'>stepDefinitions.Hooks.Screenshot(io.cucumber.java.Scenario)</a>
<div class="">
<span class="badge badge-default">regression testing.Schedule a demo in health and wellness plans for corporates.stepDefinitions.Hooks.Screenshot(io.cucumber.java.Scenario)</span>
</div>
</td>
</tr>
<tr class="tag-test-status" status="fail">
<td><span class="badge log fail-bg">Fail</span></td>
<td>00:14:21 AM</td>
<td>
<a href="#" class="linked" test-id='59' id='170'>stepDefinitions.Hooks.Screenshot(io.cucumber.java.Scenario)</a>
<div class="">
<span class="badge badge-default">regression testing.Schedule a demo in health and wellness plans for corporates.stepDefinitions.Hooks.Screenshot(io.cucumber.java.Scenario)</span>
</div>
</td>
</tr>
<tr class="tag-test-status" status="fail">
<td><span class="badge log fail-bg">Fail</span></td>
<td>00:14:21 AM</td>
<td>
<a href="#" class="linked" test-id='59' id='177'>stepDefinitions.Hooks.Screenshot(io.cucumber.java.Scenario)</a>
<div class="">
<span class="badge badge-default">regression testing.Schedule a demo in health and wellness plans for corporates.stepDefinitions.Hooks.Screenshot(io.cucumber.java.Scenario)</span>
</div>
</td>
</tr>
<tr class="tag-test-status" status="fail">
<td><span class="badge log fail-bg">Fail</span></td>
<td>00:14:21 AM</td>
<td>
<a href="#" class="linked" test-id='59' id='184'>stepDefinitions.Hooks.Screenshot(io.cucumber.java.Scenario)</a>
<div class="">
<span class="badge badge-default">regression testing.Schedule a demo in health and wellness plans for corporates.stepDefinitions.Hooks.Screenshot(io.cucumber.java.Scenario)</span>
</div>
</td>
</tr>
<tr class="tag-test-status" status="fail">
<td><span class="badge log fail-bg">Fail</span></td>
<td>00:14:21 AM</td>
<td>
<a href="#" class="linked" test-id='59' id='191'>stepDefinitions.Hooks.Screenshot(io.cucumber.java.Scenario)</a>
<div class="">
<span class="badge badge-default">regression testing.Schedule a demo in health and wellness plans for corporates.stepDefinitions.Hooks.Screenshot(io.cucumber.java.Scenario)</span>
</div>
</td>
</tr>
<tr class="tag-test-status" status="fail">
<td><span class="badge log fail-bg">Fail</span></td>
<td>00:14:21 AM</td>
<td>
<a href="#" class="linked" test-id='59' id='198'>stepDefinitions.Hooks.Screenshot(io.cucumber.java.Scenario)</a>
<div class="">
<span class="badge badge-default">regression testing.Schedule a demo in health and wellness plans for corporates.stepDefinitions.Hooks.Screenshot(io.cucumber.java.Scenario)</span>
</div>
</td>
</tr>
<tr class="tag-test-status" status="fail">
<td><span class="badge log fail-bg">Fail</span></td>
<td>00:14:21 AM</td>
<td>
<a href="#" class="linked" test-id='203' id='206'>stepDefinitions.Hooks.Screenshot(io.cucumber.java.Scenario)</a>
<div class="">
<span class="badge badge-default">All tests.User searches for practo homepage.stepDefinitions.Hooks.Screenshot(io.cucumber.java.Scenario)</span>
</div>
</td>
</tr>
<tr class="tag-test-status" status="fail">
<td><span class="badge log fail-bg">Fail</span></td>
<td>00:14:21 AM</td>
<td>
<a href="#" class="linked" test-id='203' id='211'>stepDefinitions.Hooks.Screenshot(io.cucumber.java.Scenario)</a>
<div class="">
<span class="badge badge-default">All tests.User searches for clicks Find doctors.stepDefinitions.Hooks.Screenshot(io.cucumber.java.Scenario)</span>
</div>
</td>
</tr>
<tr class="tag-test-status" status="fail">
<td><span class="badge log fail-bg">Fail</span></td>
<td>00:14:21 AM</td>
<td>
<a href="#" class="linked" test-id='203' id='216'>stepDefinitions.Hooks.Screenshot(io.cucumber.java.Scenario)</a>
<div class="">
<span class="badge badge-default">All tests.User searches for doctors by choosing city.stepDefinitions.Hooks.Screenshot(io.cucumber.java.Scenario)</span>
</div>
</td>
</tr>
<tr class="tag-test-status" status="fail">
<td><span class="badge log fail-bg">Fail</span></td>
<td>00:14:21 AM</td>
<td>
<a href="#" class="linked" test-id='203' id='221'>stepDefinitions.Hooks.Screenshot(io.cucumber.java.Scenario)</a>
<div class="">
<span class="badge badge-default">All tests.User searches for doctors with specific criteria.stepDefinitions.Hooks.Screenshot(io.cucumber.java.Scenario)</span>
</div>
</td>
</tr>
<tr class="tag-test-status" status="fail">
<td><span class="badge log fail-bg">Fail</span></td>
<td>00:14:21 AM</td>
<td>
<a href="#" class="linked" test-id='203' id='226'>stepDefinitions.Hooks.Screenshot(io.cucumber.java.Scenario)</a>
<div class="">
<span class="badge badge-default">All tests.User filters the search by applying filters on gender.stepDefinitions.Hooks.Screenshot(io.cucumber.java.Scenario)</span>
</div>
</td>
</tr>
<tr class="tag-test-status" status="fail">
<td><span class="badge log fail-bg">Fail</span></td>
<td>00:14:21 AM</td>
<td>
<a href="#" class="linked" test-id='203' id='231'>stepDefinitions.Hooks.Screenshot(io.cucumber.java.Scenario)</a>
<div class="">
<span class="badge badge-default">All tests.User filters the search by applying filters on patient stories.stepDefinitions.Hooks.Screenshot(io.cucumber.java.Scenario)</span>
</div>
</td>
</tr>
<tr class="tag-test-status" status="fail">
<td><span class="badge log fail-bg">Fail</span></td>
<td>00:14:21 AM</td>
<td>
<a href="#" class="linked" test-id='203' id='236'>stepDefinitions.Hooks.Screenshot(io.cucumber.java.Scenario)</a>
<div class="">
<span class="badge badge-default">All tests.User filters the search by applying filters on experiences.stepDefinitions.Hooks.Screenshot(io.cucumber.java.Scenario)</span>
</div>
</td>
</tr>
<tr class="tag-test-status" status="fail">
<td><span class="badge log fail-bg">Fail</span></td>
<td>00:14:21 AM</td>
<td>
<a href="#" class="linked" test-id='203' id='241'>stepDefinitions.Hooks.Screenshot(io.cucumber.java.Scenario)</a>
<div class="">
<span class="badge badge-default">All tests.User filters the search by applying filters on fees.stepDefinitions.Hooks.Screenshot(io.cucumber.java.Scenario)</span>
</div>
</td>
</tr>
<tr class="tag-test-status" status="fail">
<td><span class="badge log fail-bg">Fail</span></td>
<td>00:14:21 AM</td>
<td>
<a href="#" class="linked" test-id='203' id='246'>stepDefinitions.Hooks.Screenshot(io.cucumber.java.Scenario)</a>
<div class="">
<span class="badge badge-default">All tests.User filters the search by applying filters on availability.stepDefinitions.Hooks.Screenshot(io.cucumber.java.Scenario)</span>
</div>
</td>
</tr>
<tr class="tag-test-status" status="fail">
<td><span class="badge log fail-bg">Fail</span></td>
<td>00:14:21 AM</td>
<td>
<a href="#" class="linked" test-id='203' id='251'>stepDefinitions.Hooks.Screenshot(io.cucumber.java.Scenario)</a>
<div class="">
<span class="badge badge-default">All tests.User sorts the result.stepDefinitions.Hooks.Screenshot(io.cucumber.java.Scenario)</span>
</div>
</td>
</tr>
<tr class="tag-test-status" status="fail">
<td><span class="badge log fail-bg">Fail</span></td>
<td>00:14:22 AM</td>
<td>
<a href="#" class="linked" test-id='203' id='256'>stepDefinitions.Hooks.Screenshot(io.cucumber.java.Scenario)</a>
<div class="">
<span class="badge badge-default">All tests.User sees list of doctors.stepDefinitions.Hooks.Screenshot(io.cucumber.java.Scenario)</span>
</div>
</td>
</tr>
<tr class="tag-test-status" status="fail">
<td><span class="badge log fail-bg">Fail</span></td>
<td>00:14:22 AM</td>
<td>
<a href="#" class="linked" test-id='203' id='261'>stepDefinitions.Hooks.Screenshot(io.cucumber.java.Scenario)</a>
<div class="">
<span class="badge badge-default">All tests.Surgeries Page Navigation in practo website.stepDefinitions.Hooks.Screenshot(io.cucumber.java.Scenario)</span>
</div>
</td>
</tr>
<tr class="tag-test-status" status="fail">
<td><span class="badge log fail-bg">Fail</span></td>
<td>00:14:22 AM</td>
<td>
<a href="#" class="linked" test-id='203' id='266'>stepDefinitions.Hooks.Screenshot(io.cucumber.java.Scenario)</a>
<div class="">
<span class="badge badge-default">All tests.Surgeries Page Navigation in practo website.stepDefinitions.Hooks.Screenshot(io.cucumber.java.Scenario)</span>
</div>
</td>
</tr>
<tr class="tag-test-status" status="fail">
<td><span class="badge log fail-bg">Fail</span></td>
<td>00:14:22 AM</td>
<td>
<a href="#" class="linked" test-id='203' id='271'>stepDefinitions.Hooks.Screenshot(io.cucumber.java.Scenario)</a>
<div class="">
<span class="badge badge-default">All tests.User scrollsdown to retrieve a list of surgeries.stepDefinitions.Hooks.Screenshot(io.cucumber.java.Scenario)</span>
</div>
</td>
</tr>
<tr class="tag-test-status" status="fail">
<td><span class="badge log fail-bg">Fail</span></td>
<td>00:14:22 AM</td>
<td>
<a href="#" class="linked" test-id='203' id='276'>stepDefinitions.Hooks.Screenshot(io.cucumber.java.Scenario)</a>
<div class="">
<span class="badge badge-default">All tests.User sees list of surgeries.stepDefinitions.Hooks.Screenshot(io.cucumber.java.Scenario)</span>
</div>
</td>
</tr>
<tr class="tag-test-status" status="fail">
<td><span class="badge log fail-bg">Fail</span></td>
<td>00:14:22 AM</td>
<td>
<a href="#" class="linked" test-id='203' id='281'>stepDefinitions.Hooks.Screenshot(io.cucumber.java.Scenario)</a>
<div class="">
<span class="badge badge-default">All tests.Corporate Health and Wellness Form Validation.stepDefinitions.Hooks.Screenshot(io.cucumber.java.Scenario)</span>
</div>
</td>
</tr>
<tr class="tag-test-status" status="fail">
<td><span class="badge log fail-bg">Fail</span></td>
<td>00:14:22 AM</td>
<td>
<a href="#" class="linked" test-id='203' id='286'>stepDefinitions.Hooks.Screenshot(io.cucumber.java.Scenario)</a>
<div class="">
<span class="badge badge-default">All tests.Corporate Health and Wellness Form Validation.stepDefinitions.Hooks.Screenshot(io.cucumber.java.Scenario)</span>
</div>
</td>
</tr>
<tr class="tag-test-status" status="fail">
<td><span class="badge log fail-bg">Fail</span></td>
<td>00:14:22 AM</td>
<td>
<a href="#" class="linked" test-id='203' id='291'>stepDefinitions.Hooks.Screenshot(io.cucumber.java.Scenario)</a>
<div class="">
<span class="badge badge-default">All tests.Corporate Health and Wellness Form Validation.stepDefinitions.Hooks.Screenshot(io.cucumber.java.Scenario)</span>
</div>
</td>
</tr>
<tr class="tag-test-status" status="fail">
<td><span class="badge log fail-bg">Fail</span></td>
<td>00:14:22 AM</td>
<td>
<a href="#" class="linked" test-id='203' id='296'>stepDefinitions.Hooks.Screenshot(io.cucumber.java.Scenario)</a>
<div class="">
<span class="badge badge-default">All tests.Corporate Health and Wellness Form Validation with invalid email.stepDefinitions.Hooks.Screenshot(io.cucumber.java.Scenario)</span>
</div>
</td>
</tr>
<tr class="tag-test-status" status="fail">
<td><span class="badge log fail-bg">Fail</span></td>
<td>00:14:22 AM</td>
<td>
<a href="#" class="linked" test-id='203' id='301'>stepDefinitions.Hooks.Screenshot(io.cucumber.java.Scenario)</a>
<div class="">
<span class="badge badge-default">All tests.Corporate Health and Wellness Form Validation with invalid email.stepDefinitions.Hooks.Screenshot(io.cucumber.java.Scenario)</span>
</div>
</td>
</tr>
<tr class="tag-test-status" status="fail">
<td><span class="badge log fail-bg">Fail</span></td>
<td>00:14:22 AM</td>
<td>
<a href="#" class="linked" test-id='203' id='306'>stepDefinitions.Hooks.Screenshot(io.cucumber.java.Scenario)</a>
<div class="">
<span class="badge badge-default">All tests.Corporate Health and Wellness Form Validation with valid email.stepDefinitions.Hooks.Screenshot(io.cucumber.java.Scenario)</span>
</div>
</td>
</tr>
<tr class="tag-test-status" status="fail">
<td><span class="badge log fail-bg">Fail</span></td>
<td>00:14:22 AM</td>
<td>
<a href="#" class="linked" test-id='203' id='311'>stepDefinitions.Hooks.Screenshot(io.cucumber.java.Scenario)</a>
<div class="">
<span class="badge badge-default">All tests.Corporate Health and Wellness Form Validation with invalid email.stepDefinitions.Hooks.Screenshot(io.cucumber.java.Scenario)</span>
</div>
</td>
</tr>
</tbody>
</table>
</div>
</li>
</ul>
</div>
</div>
<div class="test-content scrollable">
<div class="test-content-detail">
<div class="detail-body"></div>
</div>
</div>
</div><div class="test-wrapper row view category-view attributes-view">
<div class="test-list">
<div class="test-list-tools">
<ul class="tools pull-left"><li><a href=""><span class="font-size-14">Category</span></a></li></ul>
<ul class="tools text-right"><li><a href="#"><span class="badge badge-primary">2</span></a></li></ul>
</div>
<div class="test-list-wrapper scrollable">
<ul class="test-list-item">
<li class="test-item">
<div class="test-detail">
<span class="meta">
<span class='badge log badge-danger'>22</span>
</span>
<p class="name">@smoke</p>
<p class="duration text-sm">22 tests</p>
</div>
<div class="test-contents d-none">
<div class="info">
<h4>@smoke</h4>
<span status="fail" class='badge log badge-danger'>22 failed</span>
</div>
<table class='table table-sm mt-4'>
<thead>
<tr>
<th class="status-col">Status</th>
<th class="timestamp-col">Timestamp</th>
<th>TestName</th>
</tr>
</thead>
<tbody>
<tr class="tag-test-status" status="fail">
<td><span class="badge log fail-bg">Fail</span></td>
<td>00:14:21 AM</td>
<td>
<a href="#" class="linked" test-id='203' id='204'>User searches for practo homepage</a>
<div class="">
<span class="badge badge-default">All tests.User searches for practo homepage</span>
</div>
</td>
</tr>
<tr class="tag-test-status" status="fail">
<td><span class="badge log fail-bg">Fail</span></td>
<td>00:14:21 AM</td>
<td>
<a href="#" class="linked" test-id='203' id='209'>User searches for clicks Find doctors</a>
<div class="">
<span class="badge badge-default">All tests.User searches for clicks Find doctors</span>
</div>
</td>
</tr>
<tr class="tag-test-status" status="fail">
<td><span class="badge log fail-bg">Fail</span></td>
<td>00:14:21 AM</td>
<td>
<a href="#" class="linked" test-id='203' id='214'>User searches for doctors by choosing city</a>
<div class="">
<span class="badge badge-default">All tests.User searches for doctors by choosing city</span>
</div>
</td>
</tr>
<tr class="tag-test-status" status="fail">
<td><span class="badge log fail-bg">Fail</span></td>
<td>00:14:21 AM</td>
<td>
<a href="#" class="linked" test-id='203' id='219'>User searches for doctors with specific criteria</a>
<div class="">
<span class="badge badge-default">All tests.User searches for doctors with specific criteria</span>
</div>
</td>
</tr>
<tr class="tag-test-status" status="fail">
<td><span class="badge log fail-bg">Fail</span></td>
<td>00:14:21 AM</td>
<td>
<a href="#" class="linked" test-id='203' id='224'>User filters the search by applying filters on gender</a>
<div class="">
<span class="badge badge-default">All tests.User filters the search by applying filters on gender</span>
</div>
</td>
</tr>
<tr class="tag-test-status" status="fail">
<td><span class="badge log fail-bg">Fail</span></td>
<td>00:14:21 AM</td>
<td>
<a href="#" class="linked" test-id='203' id='229'>User filters the search by applying filters on patient stories</a>
<div class="">
<span class="badge badge-default">All tests.User filters the search by applying filters on patient stories</span>
</div>
</td>
</tr>
<tr class="tag-test-status" status="fail">
<td><span class="badge log fail-bg">Fail</span></td>
<td>00:14:21 AM</td>
<td>
<a href="#" class="linked" test-id='203' id='234'>User filters the search by applying filters on experiences</a>
<div class="">
<span class="badge badge-default">All tests.User filters the search by applying filters on experiences</span>
</div>
</td>
</tr>
<tr class="tag-test-status" status="fail">
<td><span class="badge log fail-bg">Fail</span></td>
<td>00:14:21 AM</td>
<td>
<a href="#" class="linked" test-id='203' id='239'>User filters the search by applying filters on fees</a>
<div class="">
<span class="badge badge-default">All tests.User filters the search by applying filters on fees</span>
</div>
</td>
</tr>
<tr class="tag-test-status" status="fail">
<td><span class="badge log fail-bg">Fail</span></td>
<td>00:14:21 AM</td>
<td>
<a href="#" class="linked" test-id='203' id='244'>User filters the search by applying filters on availability</a>
<div class="">
<span class="badge badge-default">All tests.User filters the search by applying filters on availability</span>
</div>
</td>
</tr>
<tr class="tag-test-status" status="fail">
<td><span class="badge log fail-bg">Fail</span></td>
<td>00:14:21 AM</td>
<td>
<a href="#" class="linked" test-id='203' id='249'>User sorts the result</a>
<div class="">
<span class="badge badge-default">All tests.User sorts the result</span>
</div>
</td>
</tr>
<tr class="tag-test-status" status="fail">
<td><span class="badge log fail-bg">Fail</span></td>
<td>00:14:22 AM</td>
<td>
<a href="#" class="linked" test-id='203' id='254'>User sees list of doctors</a>
<div class="">
<span class="badge badge-default">All tests.User sees list of doctors</span>
</div>
</td>
</tr>
<tr class="tag-test-status" status="fail">
<td><span class="badge log fail-bg">Fail</span></td>
<td>00:14:22 AM</td>
<td>
<a href="#" class="linked" test-id='203' id='259'>Surgeries Page Navigation in practo website</a>
<div class="">
<span class="badge badge-default">All tests.Surgeries Page Navigation in practo website</span>
</div>
</td>
</tr>
<tr class="tag-test-status" status="fail">
<td><span class="badge log fail-bg">Fail</span></td>
<td>00:14:22 AM</td>
<td>
<a href="#" class="linked" test-id='203' id='264'>Surgeries Page Navigation in practo website</a>
<div class="">
<span class="badge badge-default">All tests.Surgeries Page Navigation in practo website</span>
</div>
</td>
</tr>
<tr class="tag-test-status" status="fail">
<td><span class="badge log fail-bg">Fail</span></td>
<td>00:14:22 AM</td>
<td>
<a href="#" class="linked" test-id='203' id='269'>User scrollsdown to retrieve a list of surgeries</a>
<div class="">
<span class="badge badge-default">All tests.User scrollsdown to retrieve a list of surgeries</span>
</div>
</td>
</tr>
<tr class="tag-test-status" status="fail">
<td><span class="badge log fail-bg">Fail</span></td>
<td>00:14:22 AM</td>
<td>
<a href="#" class="linked" test-id='203' id='274'>User sees list of surgeries</a>
<div class="">
<span class="badge badge-default">All tests.User sees list of surgeries</span>
</div>
</td>
</tr>
<tr class="tag-test-status" status="fail">
<td><span class="badge log fail-bg">Fail</span></td>
<td>00:14:22 AM</td>
<td>
<a href="#" class="linked" test-id='203' id='279'>Corporate Health and Wellness Form Validation</a>
<div class="">
<span class="badge badge-default">All tests.Corporate Health and Wellness Form Validation</span>
</div>
</td>
</tr>
<tr class="tag-test-status" status="fail">
<td><span class="badge log fail-bg">Fail</span></td>
<td>00:14:22 AM</td>
<td>
<a href="#" class="linked" test-id='203' id='284'>Corporate Health and Wellness Form Validation</a>
<div class="">
<span class="badge badge-default">All tests.Corporate Health and Wellness Form Validation</span>
</div>
</td>
</tr>
<tr class="tag-test-status" status="fail">
<td><span class="badge log fail-bg">Fail</span></td>
<td>00:14:22 AM</td>
<td>
<a href="#" class="linked" test-id='203' id='289'>Corporate Health and Wellness Form Validation</a>
<div class="">
<span class="badge badge-default">All tests.Corporate Health and Wellness Form Validation</span>
</div>
</td>
</tr>
<tr class="tag-test-status" status="fail">
<td><span class="badge log fail-bg">Fail</span></td>
<td>00:14:22 AM</td>
<td>
<a href="#" class="linked" test-id='203' id='294'>Corporate Health and Wellness Form Validation with invalid email</a>
<div class="">
<span class="badge badge-default">All tests.Corporate Health and Wellness Form Validation with invalid email</span>
</div>
</td>
</tr>
<tr class="tag-test-status" status="fail">
<td><span class="badge log fail-bg">Fail</span></td>
<td>00:14:22 AM</td>
<td>
<a href="#" class="linked" test-id='203' id='299'>Corporate Health and Wellness Form Validation with invalid email</a>
<div class="">
<span class="badge badge-default">All tests.Corporate Health and Wellness Form Validation with invalid email</span>
</div>
</td>
</tr>
<tr class="tag-test-status" status="fail">
<td><span class="badge log fail-bg">Fail</span></td>
<td>00:14:22 AM</td>
<td>
<a href="#" class="linked" test-id='203' id='304'>Corporate Health and Wellness Form Validation with valid email</a>
<div class="">
<span class="badge badge-default">All tests.Corporate Health and Wellness Form Validation with valid email</span>
</div>
</td>
</tr>
<tr class="tag-test-status" status="fail">
<td><span class="badge log fail-bg">Fail</span></td>
<td>00:14:22 AM</td>
<td>
<a href="#" class="linked" test-id='203' id='309'>Corporate Health and Wellness Form Validation with invalid email</a>
<div class="">
<span class="badge badge-default">All tests.Corporate Health and Wellness Form Validation with invalid email</span>
</div>
</td>
</tr>
</tbody>
</table>
</div>
</li>
<li class="test-item">
<div class="test-detail">
<span class="meta">
<span class='badge log badge-danger'>21</span>
</span>
<p class="name">@regression</p>
<p class="duration text-sm">21 tests</p>
</div>
<div class="test-contents d-none">
<div class="info">
<h4>@regression</h4>
<span status="fail" class='badge log badge-danger'>21 failed</span>
</div>
<table class='table table-sm mt-4'>
<thead>
<tr>
<th class="status-col">Status</th>
<th class="timestamp-col">Timestamp</th>
<th>TestName</th>
</tr>
</thead>
<tbody>
<tr class="tag-test-status" status="fail">
<td><span class="badge log fail-bg">Fail</span></td>
<td>00:13:16 AM</td>
<td>
<a href="#" class="linked" test-id='59' id='60'>User searches for doctors with specific criteria</a>
<div class="">
<span class="badge badge-default">regression testing.User searches for doctors with specific criteria</span>
</div>
</td>
</tr>
<tr class="tag-test-status" status="fail">
<td><span class="badge log fail-bg">Fail</span></td>
<td>00:14:16 AM</td>
<td>
<a href="#" class="linked" test-id='59' id='65'>User searches for doctors with specific criteria like gender</a>
<div class="">
<span class="badge badge-default">regression testing.User searches for doctors with specific criteria like gender</span>
</div>
</td>
</tr>
<tr class="tag-test-status" status="fail">
<td><span class="badge log fail-bg">Fail</span></td>
<td>00:14:21 AM</td>
<td>
<a href="#" class="linked" test-id='59' id='72'>User filters the search by applying filters on gender</a>
<div class="">
<span class="badge badge-default">regression testing.User filters the search by applying filters on gender</span>
</div>
</td>
</tr>
<tr class="tag-test-status" status="fail">
<td><span class="badge log fail-bg">Fail</span></td>
<td>00:14:21 AM</td>
<td>
<a href="#" class="linked" test-id='59' id='79'>User filters the search by applying filters on patient stories</a>
<div class="">
<span class="badge badge-default">regression testing.User filters the search by applying filters on patient stories</span>
</div>
</td>
</tr>
<tr class="tag-test-status" status="fail">
<td><span class="badge log fail-bg">Fail</span></td>
<td>00:14:21 AM</td>
<td>
<a href="#" class="linked" test-id='59' id='86'>User filters the search by applying filters on experiences</a>
<div class="">
<span class="badge badge-default">regression testing.User filters the search by applying filters on experiences</span>
</div>
</td>
</tr>
<tr class="tag-test-status" status="fail">
<td><span class="badge log fail-bg">Fail</span></td>
<td>00:14:21 AM</td>
<td>
<a href="#" class="linked" test-id='59' id='93'>User filters the search by applying filters on fees</a>
<div class="">
<span class="badge badge-default">regression testing.User filters the search by applying filters on fees</span>
</div>
</td>
</tr>
<tr class="tag-test-status" status="fail">
<td><span class="badge log fail-bg">Fail</span></td>
<td>00:14:21 AM</td>
<td>
<a href="#" class="linked" test-id='59' id='100'>User filters the search by applying filters on availability</a>
<div class="">
<span class="badge badge-default">regression testing.User filters the search by applying filters on availability</span>
</div>
</td>
</tr>
<tr class="tag-test-status" status="fail">
<td><span class="badge log fail-bg">Fail</span></td>
<td>00:14:21 AM</td>
<td>
<a href="#" class="linked" test-id='59' id='107'>User sorts the result</a>
<div class="">
<span class="badge badge-default">regression testing.User sorts the result</span>
</div>
</td>
</tr>
<tr class="tag-test-status" status="fail">
<td><span class="badge log fail-bg">Fail</span></td>
<td>00:14:21 AM</td>
<td>
<a href="#" class="linked" test-id='59' id='114'>User displays the first five doctors</a>
<div class="">
<span class="badge badge-default">regression testing.User displays the first five doctors</span>
</div>
</td>
</tr>
<tr class="tag-test-status" status="fail">
<td><span class="badge log fail-bg">Fail</span></td>
<td>00:14:21 AM</td>
<td>
<a href="#" class="linked" test-id='59' id='119'>User retrieves a list of surgeries</a>
<div class="">
<span class="badge badge-default">regression testing.User retrieves a list of surgeries</span>
</div>
</td>
</tr>
<tr class="tag-test-status" status="fail">
<td><span class="badge log fail-bg">Fail</span></td>
<td>00:14:21 AM</td>
<td>
<a href="#" class="linked" test-id='59' id='126'>User retrieves a list of surgeries</a>
<div class="">
<span class="badge badge-default">regression testing.User retrieves a list of surgeries</span>
</div>
</td>
</tr>
<tr class="tag-test-status" status="fail">
<td><span class="badge log fail-bg">Fail</span></td>
<td>00:14:21 AM</td>
<td>
<a href="#" class="linked" test-id='59' id='133'>Schedule a demo in health and wellness plans for corporates</a>
<div class="">
<span class="badge badge-default">regression testing.Schedule a demo in health and wellness plans for corporates</span>
</div>
</td>
</tr>
<tr class="tag-test-status" status="fail">
<td><span class="badge log fail-bg">Fail</span></td>
<td>00:14:21 AM</td>
<td>
<a href="#" class="linked" test-id='59' id='140'>Schedule a demo in health and wellness plans for corporates</a>
<div class="">
<span class="badge badge-default">regression testing.Schedule a demo in health and wellness plans for corporates</span>
</div>
</td>
</tr>
<tr class="tag-test-status" status="fail">
<td><span class="badge log fail-bg">Fail</span></td>
<td>00:14:21 AM</td>
<td>
<a href="#" class="linked" test-id='59' id='147'>Schedule a demo in health and wellness plans for corporates</a>
<div class="">
<span class="badge badge-default">regression testing.Schedule a demo in health and wellness plans for corporates</span>
</div>
</td>
</tr>
<tr class="tag-test-status" status="fail">
<td><span class="badge log fail-bg">Fail</span></td>
<td>00:14:21 AM</td>
<td>
<a href="#" class="linked" test-id='59' id='154'>Schedule a demo in health and wellness plans for corporates</a>
<div class="">
<span class="badge badge-default">regression testing.Schedule a demo in health and wellness plans for corporates</span>
</div>
</td>
</tr>
<tr class="tag-test-status" status="fail">
<td><span class="badge log fail-bg">Fail</span></td>
<td>00:14:21 AM</td>
<td>
<a href="#" class="linked" test-id='59' id='161'>Schedule a demo in health and wellness plans for corporates</a>
<div class="">
<span class="badge badge-default">regression testing.Schedule a demo in health and wellness plans for corporates</span>
</div>
</td>
</tr>
<tr class="tag-test-status" status="fail">
<td><span class="badge log fail-bg">Fail</span></td>
<td>00:14:21 AM</td>
<td>
<a href="#" class="linked" test-id='59' id='168'>Schedule a demo in health and wellness plans for corporates</a>
<div class="">
<span class="badge badge-default">regression testing.Schedule a demo in health and wellness plans for corporates</span>
</div>
</td>
</tr>
<tr class="tag-test-status" status="fail">
<td><span class="badge log fail-bg">Fail</span></td>
<td>00:14:21 AM</td>
<td>
<a href="#" class="linked" test-id='59' id='175'>Schedule a demo in health and wellness plans for corporates</a>
<div class="">
<span class="badge badge-default">regression testing.Schedule a demo in health and wellness plans for corporates</span>
</div>
</td>
</tr>
<tr class="tag-test-status" status="fail">
<td><span class="badge log fail-bg">Fail</span></td>
<td>00:14:21 AM</td>
<td>
<a href="#" class="linked" test-id='59' id='182'>Schedule a demo in health and wellness plans for corporates</a>
<div class="">
<span class="badge badge-default">regression testing.Schedule a demo in health and wellness plans for corporates</span>
</div>
</td>
</tr>
<tr class="tag-test-status" status="fail">
<td><span class="badge log fail-bg">Fail</span></td>
<td>00:14:21 AM</td>
<td>
<a href="#" class="linked" test-id='59' id='189'>Schedule a demo in health and wellness plans for corporates</a>
<div class="">
<span class="badge badge-default">regression testing.Schedule a demo in health and wellness plans for corporates</span>
</div>
</td>
</tr>
<tr class="tag-test-status" status="fail">
<td><span class="badge log fail-bg">Fail</span></td>
<td>00:14:21 AM</td>
<td>
<a href="#" class="linked" test-id='59' id='196'>Schedule a demo in health and wellness plans for corporates</a>
<div class="">
<span class="badge badge-default">regression testing.Schedule a demo in health and wellness plans for corporates</span>
</div>
</td>
</tr>
</tbody>
</table>
</div>
</li>
</ul>
</div>
</div>
<div class="test-content scrollable">
<div class="test-content-detail">
<div class="detail-body"></div>
</div>
</div>
</div><div class="container-fluid p-4 view dashboard-view">
<div class="row">
<div class="col-md-3">
<div class="card"><div class="card-body">
<p class="m-b-0">Started</p>
<h3>Feb 28, 2024 12:11:41 AM</h3>
</div></div>
</div>
<div class="col-md-3">
<div class="card"><div class="card-body">
<p class="m-b-0">Ended</p>
<h3>Feb 28, 2024 12:14:23 AM</h3>
</div></div>
</div>
<div class="col-md-3">
<div class="card"><div class="card-body">
<p class="m-b-0 text-pass">Features Passed</p>
<h3>1</h3>
</div></div>
</div>
<div class="col-md-3">
<div class="card"><div class="card-body">
<p class="m-b-0 text-fail">Features Failed</p>
<h3>2</h3>
</div></div>
</div>
</div>
<div class="row">
<div class="col-md-4">
<div class="card">
<div class="card-header">
<h6 class="card-title">Features</h6>
</div>
<div class="card-body">
<div class="">
<canvas id='parent-analysis' width='115' height='90'></canvas>
</div>
</div>
<div class="card-footer">
<div><small data-tooltip='33%'>
<b>1</b> features passed
</small>
</div>
<div>
<small data-tooltip='66%'><b>2</b> features failed,
<b>0</b> skipped, <b data-tooltip='0%'>0</b> others
</small>
</div>
</div>
</div>
</div>
<div class="col-md-4">
<div class="card">
<div class="card-header">
<h6 class="card-title">Scenarios</h6>
</div>
<div class="card-body">
<div class="">
<canvas id='child-analysis' width='115' height='90'></canvas>
</div>
</div>
<div class="card-footer">
<div><small data-tooltip='6%'><b>3</b> scenarios passed</small></div>
<div>
<small data-tooltip='93%'><b>43</b> scenarios failed,
<b>0</b> skipped, <b data-tooltip='%'>0</b> others
</small>
</div>
</div>
</div>
</div>
<div class="col-md-4">
<div class="card">
<div class="card-header">
<h6 class="card-title">Steps</h6>
</div>
<div class="card-body">
<div class="">
<canvas id='grandchild-analysis' width='115' height='90'></canvas>
</div>
</div>
<div class="card-footer">
<div><small data-tooltip='49%'><b>99</b> steps passed</small></div>
<div>
<small data-tooltip='21%'><b>43</b> steps failed,
<b>60</b> skipped, <b data-tooltip='%'>0</b> others
</small>
</div>
</div>
</div>
</div>
</div>
<div class="row"><div class="col-md-12">
<div class="card"><div class="card-header"><p>Timeline</p></div>
<div class="card-body pt-0"><div>
<canvas id="timeline" height="120"></canvas>
</div></div>
</div>
</div></div>
<script>
var timeline = {
"Finding Hospitals":85.068,"regression testing":65.361,"All tests":0.352
};
</script>
<div class="row">
<div class="col-lg-6 col-md-12 category-container">
<div class="card">
<div class="card-header"><p>Tags</p></div>
<div class="card-body pb-0 pt-0"><table class="table table-sm table-bordered">
<thead><tr class="bg-gray"><th>Name</th><th>Passed</th><th>Failed</th><th>Skipped</th><th>Others</th><th>Passed %</th></tr></thead><tbody>
<tr>
<td>@smoke</td>
<td>0</td>
<td>22</td>
<td>0</td>
<td>0</td>
<td>0%</td>
</tr>
<tr>
<td>@regression</td>
<td>0</td>
<td>21</td>
<td>0</td>
<td>0</td>
<td>0%</td>
</tr>
</tbody>
</table></div>
</div>
</div>
</div>
</div>
<script>
var statusGroup = {
parentCount: 5,
passParent: 1,
failParent: 2,
warningParent: 0,
skipParent: 0,
childCount: 5,
passChild: 3,
failChild: 43,
warningChild: 0,
skipChild: 0,
infoChild: 0,
grandChildCount: 5,
passGrandChild: 99,
failGrandChild: 43,
warningGrandChild: 0,
skipGrandChild: 60,
infoGrandChild: 0,
eventsCount: 5,
};
</script>        </div>
      </div>
    </div>
  </div>
<script src="https://cdn.jsdelivr.net/gh/extent-framework/extent-github-cdn@ce8b10435bcbae260c334c0d0c6b61d2c19b6168/spark/js/spark-script.js"></script>
<script type="text/javascript"></script></body>
</html>